{"/Users/thiagoramalho/Documents/Thiago/Workspace/Concepta/OpenSource/rockets-sdk/packages/rockets-server/src/generate-swagger.ts": {"path":"/Users/thiagoramalho/Documents/Thiago/Workspace/Concepta/OpenSource/rockets-sdk/packages/rockets-server/src/generate-swagger.ts","statementMap":{"0":{"start":{"line":1,"column":0},"end":{"line":1,"column":43}},"1":{"start":{"line":2,"column":0},"end":{"line":2,"column":65}},"2":{"start":{"line":3,"column":0},"end":{"line":3,"column":25}},"3":{"start":{"line":4,"column":0},"end":{"line":4,"column":29}},"4":{"start":{"line":5,"column":0},"end":{"line":5,"column":40}},"5":{"start":{"line":6,"column":0},"end":{"line":6,"column":62}},"6":{"start":{"line":7,"column":0},"end":{"line":7,"column":33}},"7":{"start":{"line":8,"column":0},"end":{"line":8,"column":null}},"8":{"start":{"line":18,"column":0},"end":{"line":18,"column":null}},"9":{"start":{"line":18,"column":6},"end":{"line":18,"column":null}},"10":{"start":{"line":21,"column":0},"end":{"line":24,"column":null}},"11":{"start":{"line":21,"column":6},"end":{"line":24,"column":null}},"12":{"start":{"line":27,"column":0},"end":{"line":30,"column":null}},"13":{"start":{"line":27,"column":6},"end":{"line":30,"column":null}},"14":{"start":{"line":35,"column":4},"end":{"line":42,"column":58}},"15":{"start":{"line":45,"column":4},"end":{"line":53,"column":61}},"16":{"start":{"line":56,"column":4},"end":{"line":63,"column":63}},"17":{"start":{"line":66,"column":4},"end":{"line":73,"column":64}},"18":{"start":{"line":76,"column":4},"end":{"line":83,"column":60}},"19":{"start":{"line":86,"column":4},"end":{"line":94,"column":60}},"20":{"start":{"line":97,"column":4},"end":{"line":104,"column":61}},"21":{"start":{"line":107,"column":4},"end":{"line":114,"column":60}},"22":{"start":{"line":122,"column":2},"end":{"line":227,"column":null}},"23":{"start":{"line":123,"column":33},"end":{"line":123,"column":59}},"24":{"start":{"line":185,"column":4},"end":{"line":185,"column":null}},"25":{"start":{"line":185,"column":10},"end":{"line":185,"column":null}},"26":{"start":{"line":130,"column":12},"end":{"line":137,"column":14}},"27":{"start":{"line":178,"column":30},"end":{"line":178,"column":47}},"28":{"start":{"line":188,"column":16},"end":{"line":190,"column":6}},"29":{"start":{"line":193,"column":20},"end":{"line":198,"column":14}},"30":{"start":{"line":201,"column":21},"end":{"line":201,"column":63}},"31":{"start":{"line":204,"column":22},"end":{"line":204,"column":47}},"32":{"start":{"line":205,"column":4},"end":{"line":207,"column":null}},"33":{"start":{"line":206,"column":6},"end":{"line":206,"column":51}},"34":{"start":{"line":210,"column":4},"end":{"line":213,"column":6}},"35":{"start":{"line":216,"column":4},"end":{"line":216,"column":22}},"36":{"start":{"line":222,"column":4},"end":{"line":222,"column":68}},"37":{"start":{"line":223,"column":4},"end":{"line":225,"column":null}},"38":{"start":{"line":224,"column":6},"end":{"line":224,"column":33}},"39":{"start":{"line":226,"column":4},"end":{"line":226,"column":20}},"40":{"start":{"line":236,"column":9},"end":{"line":236,"column":28}},"41":{"start":{"line":231,"column":0},"end":{"line":233,"column":null}},"42":{"start":{"line":232,"column":2},"end":{"line":232,"column":24}}},"fnMap":{"0":{"name":"(anonymous_7)","decl":{"start":{"line":34,"column":2},"end":{"line":34,"column":7}},"loc":{"start":{"line":34,"column":23},"end":{"line":43,"column":3}}},"1":{"name":"(anonymous_8)","decl":{"start":{"line":44,"column":2},"end":{"line":44,"column":7}},"loc":{"start":{"line":44,"column":29},"end":{"line":54,"column":3}}},"2":{"name":"(anonymous_9)","decl":{"start":{"line":55,"column":2},"end":{"line":55,"column":7}},"loc":{"start":{"line":55,"column":34},"end":{"line":64,"column":3}}},"3":{"name":"(anonymous_10)","decl":{"start":{"line":65,"column":2},"end":{"line":65,"column":7}},"loc":{"start":{"line":65,"column":35},"end":{"line":74,"column":3}}},"4":{"name":"(anonymous_11)","decl":{"start":{"line":75,"column":2},"end":{"line":75,"column":7}},"loc":{"start":{"line":75,"column":62},"end":{"line":84,"column":3}}},"5":{"name":"(anonymous_12)","decl":{"start":{"line":85,"column":2},"end":{"line":85,"column":7}},"loc":{"start":{"line":85,"column":62},"end":{"line":95,"column":3}}},"6":{"name":"(anonymous_13)","decl":{"start":{"line":96,"column":2},"end":{"line":96,"column":7}},"loc":{"start":{"line":96,"column":64},"end":{"line":105,"column":3}}},"7":{"name":"(anonymous_14)","decl":{"start":{"line":106,"column":2},"end":{"line":106,"column":7}},"loc":{"start":{"line":106,"column":37},"end":{"line":115,"column":3}}},"8":{"name":"generateSwaggerJson","decl":{"start":{"line":121,"column":15},"end":{"line":121,"column":34}},"loc":{"start":{"line":121,"column":34},"end":{"line":228,"column":1}}},"9":{"name":"(anonymous_16)","decl":{"start":{"line":129,"column":22},"end":{"line":129,"column":25}},"loc":{"start":{"line":129,"column":27},"end":{"line":138,"column":11}}},"10":{"name":"(anonymous_17)","decl":{"start":{"line":178,"column":24},"end":{"line":178,"column":27}},"loc":{"start":{"line":178,"column":30},"end":{"line":178,"column":47}}}},"branchMap":{"0":{"loc":{"start":{"line":205,"column":4},"end":{"line":207,"column":null}},"type":"if","locations":[{"start":{"line":205,"column":4},"end":{"line":207,"column":null}}]},"1":{"loc":{"start":{"line":223,"column":4},"end":{"line":225,"column":null}},"type":"if","locations":[{"start":{"line":223,"column":4},"end":{"line":225,"column":null}}]},"2":{"loc":{"start":{"line":223,"column":8},"end":{"line":223,"column":45}},"type":"binary-expr","locations":[{"start":{"line":223,"column":8},"end":{"line":223,"column":30}},{"start":{"line":223,"column":34},"end":{"line":223,"column":45}}]},"3":{"loc":{"start":{"line":231,"column":0},"end":{"line":233,"column":null}},"type":"if","locations":[{"start":{"line":231,"column":0},"end":{"line":233,"column":null}}]}},"s":{"0":0,"1":0,"2":0,"3":0,"4":0,"5":0,"6":0,"7":0,"8":0,"9":0,"10":0,"11":0,"12":0,"13":0,"14":0,"15":0,"16":0,"17":0,"18":0,"19":0,"20":0,"21":0,"22":0,"23":0,"24":0,"25":0,"26":0,"27":0,"28":0,"29":0,"30":0,"31":0,"32":0,"33":0,"34":0,"35":0,"36":0,"37":0,"38":0,"39":0,"40":0,"41":0,"42":0},"f":{"0":0,"1":0,"2":0,"3":0,"4":0,"5":0,"6":0,"7":0,"8":0,"9":0,"10":0},"b":{"0":[0],"1":[0],"2":[0,0],"3":[0]}}
,"/Users/thiagoramalho/Documents/Thiago/Workspace/Concepta/OpenSource/rockets-sdk/packages/rockets-server/src/index.ts": {"path":"/Users/thiagoramalho/Documents/Thiago/Workspace/Concepta/OpenSource/rockets-sdk/packages/rockets-server/src/index.ts","statementMap":{"0":{"start":{"line":2,"column":0},"end":{"line":2,"column":9}},"1":{"start":{"line":2,"column":9},"end":{"line":2,"column":62}},"2":{"start":{"line":5,"column":0},"end":{"line":5,"column":9}},"3":{"start":{"line":5,"column":9},"end":{"line":5,"column":98}},"4":{"start":{"line":8,"column":0},"end":{"line":8,"column":9}},"5":{"start":{"line":8,"column":9},"end":{"line":8,"column":100}},"6":{"start":{"line":11,"column":0},"end":{"line":11,"column":9}},"7":{"start":{"line":11,"column":9},"end":{"line":11,"column":80}},"8":{"start":{"line":14,"column":0},"end":{"line":14,"column":9}},"9":{"start":{"line":14,"column":9},"end":{"line":14,"column":57}}},"fnMap":{"0":{"name":"(anonymous_0)","decl":{"start":{"line":2,"column":9},"end":{"line":2,"column":28}},"loc":{"start":{"line":2,"column":9},"end":{"line":2,"column":62}}},"1":{"name":"(anonymous_1)","decl":{"start":{"line":5,"column":9},"end":{"line":5,"column":61}},"loc":{"start":{"line":5,"column":9},"end":{"line":5,"column":98}}},"2":{"name":"(anonymous_2)","decl":{"start":{"line":8,"column":9},"end":{"line":8,"column":43}},"loc":{"start":{"line":8,"column":9},"end":{"line":8,"column":100}}},"3":{"name":"(anonymous_3)","decl":{"start":{"line":11,"column":9},"end":{"line":11,"column":28}},"loc":{"start":{"line":11,"column":9},"end":{"line":11,"column":80}}},"4":{"name":"(anonymous_4)","decl":{"start":{"line":14,"column":9},"end":{"line":14,"column":28}},"loc":{"start":{"line":14,"column":9},"end":{"line":14,"column":57}}}},"branchMap":{},"s":{"0":0,"1":0,"2":0,"3":0,"4":0,"5":0,"6":0,"7":0,"8":0,"9":0},"f":{"0":0,"1":0,"2":0,"3":0,"4":0},"b":{}}
,"/Users/thiagoramalho/Documents/Thiago/Workspace/Concepta/OpenSource/rockets-sdk/packages/rockets-server/src/rockets-server.constants.ts": {"path":"/Users/thiagoramalho/Documents/Thiago/Workspace/Concepta/OpenSource/rockets-sdk/packages/rockets-server/src/rockets-server.constants.ts","statementMap":{"0":{"start":{"line":1,"column":13},"end":{"line":2,"column":41}},"1":{"start":{"line":4,"column":13},"end":{"line":5,"column":57}},"2":{"start":{"line":7,"column":13},"end":{"line":8,"column":55}},"3":{"start":{"line":10,"column":13},"end":{"line":11,"column":47}},"4":{"start":{"line":13,"column":13},"end":{"line":14,"column":40}},"5":{"start":{"line":15,"column":13},"end":{"line":16,"column":52}},"6":{"start":{"line":18,"column":13},"end":{"line":20,"column":2}},"7":{"start":{"line":22,"column":13},"end":{"line":24,"column":2}}},"fnMap":{},"branchMap":{},"s":{"0":1,"1":1,"2":1,"3":1,"4":1,"5":1,"6":1,"7":1},"f":{},"b":{}}
,"/Users/thiagoramalho/Documents/Thiago/Workspace/Concepta/OpenSource/rockets-sdk/packages/rockets-server/src/rockets-server.module-definition.ts": {"path":"/Users/thiagoramalho/Documents/Thiago/Workspace/Concepta/OpenSource/rockets-sdk/packages/rockets-server/src/rockets-server.module-definition.ts","statementMap":{"0":{"start":{"line":1,"column":0},"end":{"line":1,"column":58}},"1":{"start":{"line":3,"column":0},"end":{"line":3,"column":62}},"2":{"start":{"line":5,"column":0},"end":{"line":5,"column":64}},"3":{"start":{"line":7,"column":0},"end":{"line":7,"column":64}},"4":{"start":{"line":9,"column":0},"end":{"line":9,"column":62}},"5":{"start":{"line":11,"column":0},"end":{"line":11,"column":68}},"6":{"start":{"line":13,"column":0},"end":{"line":13,"column":66}},"7":{"start":{"line":15,"column":0},"end":{"line":15,"column":64}},"8":{"start":{"line":17,"column":0},"end":{"line":17,"column":71}},"9":{"start":{"line":18,"column":0},"end":{"line":18,"column":65}},"10":{"start":{"line":19,"column":0},"end":{"line":19,"column":null}},"11":{"start":{"line":24,"column":0},"end":{"line":24,"column":61}},"12":{"start":{"line":26,"column":0},"end":{"line":26,"column":49}},"13":{"start":{"line":28,"column":0},"end":{"line":28,"column":136}},"14":{"start":{"line":29,"column":0},"end":{"line":29,"column":61}},"15":{"start":{"line":30,"column":0},"end":{"line":30,"column":63}},"16":{"start":{"line":31,"column":0},"end":{"line":31,"column":63}},"17":{"start":{"line":32,"column":0},"end":{"line":32,"column":61}},"18":{"start":{"line":33,"column":0},"end":{"line":33,"column":59}},"19":{"start":{"line":34,"column":0},"end":{"line":34,"column":null}},"20":{"start":{"line":39,"column":0},"end":{"line":39,"column":null}},"21":{"start":{"line":44,"column":0},"end":{"line":44,"column":46}},"22":{"start":{"line":45,"column":0},"end":{"line":45,"column":100}},"23":{"start":{"line":46,"column":0},"end":{"line":46,"column":85}},"24":{"start":{"line":47,"column":0},"end":{"line":47,"column":94}},"25":{"start":{"line":48,"column":0},"end":{"line":48,"column":88}},"26":{"start":{"line":49,"column":0},"end":{"line":49,"column":81}},"27":{"start":{"line":50,"column":0},"end":{"line":50,"column":80}},"28":{"start":{"line":51,"column":0},"end":{"line":51,"column":93}},"29":{"start":{"line":52,"column":0},"end":{"line":52,"column":96}},"30":{"start":{"line":56,"column":0},"end":{"line":56,"column":null}},"31":{"start":{"line":60,"column":0},"end":{"line":60,"column":98}},"32":{"start":{"line":61,"column":0},"end":{"line":61,"column":80}},"33":{"start":{"line":62,"column":0},"end":{"line":62,"column":62}},"34":{"start":{"line":64,"column":26},"end":{"line":64,"column":79}},"35":{"start":{"line":66,"column":13},"end":{"line":69,"column":null}},"36":{"start":{"line":97,"column":57},"end":{"line":97,"column":67}},"37":{"start":{"line":98,"column":26},"end":{"line":98,"column":32}},"38":{"start":{"line":106,"column":2},"end":{"line":112,"column":null}},"39":{"start":{"line":119,"column":2},"end":{"line":129,"column":8}},"40":{"start":{"line":116,"column":0},"end":{"line":116,"column":16}},"41":{"start":{"line":135,"column":2},"end":{"line":143,"column":5}},"42":{"start":{"line":132,"column":0},"end":{"line":132,"column":16}},"43":{"start":{"line":154,"column":78},"end":{"line":158,"column":4}},"44":{"start":{"line":160,"column":2},"end":{"line":441,"column":4}},"45":{"start":{"line":166,"column":8},"end":{"line":169,"column":10}},"46":{"start":{"line":175,"column":8},"end":{"line":186,"column":10}},"47":{"start":{"line":194,"column":8},"end":{"line":206,"column":10}},"48":{"start":{"line":215,"column":8},"end":{"line":225,"column":10}},"49":{"start":{"line":235,"column":8},"end":{"line":241,"column":10}},"50":{"start":{"line":250,"column":8},"end":{"line":256,"column":10}},"51":{"start":{"line":264,"column":8},"end":{"line":267,"column":10}},"52":{"start":{"line":275,"column":8},"end":{"line":279,"column":10}},"53":{"start":{"line":286,"column":8},"end":{"line":288,"column":10}},"54":{"start":{"line":297,"column":8},"end":{"line":309,"column":10}},"55":{"start":{"line":318,"column":8},"end":{"line":332,"column":10}},"56":{"start":{"line":350,"column":8},"end":{"line":366,"column":10}},"57":{"start":{"line":377,"column":8},"end":{"line":388,"column":10}},"58":{"start":{"line":394,"column":8},"end":{"line":396,"column":10}},"59":{"start":{"line":404,"column":8},"end":{"line":418,"column":10}},"60":{"start":{"line":425,"column":8},"end":{"line":427,"column":10}},"61":{"start":{"line":434,"column":8},"end":{"line":438,"column":10}},"62":{"start":{"line":149,"column":0},"end":{"line":149,"column":16}},"63":{"start":{"line":450,"column":2},"end":{"line":463,"column":4}},"64":{"start":{"line":447,"column":0},"end":{"line":447,"column":16}},"65":{"start":{"line":473,"column":2},"end":{"line":488,"column":4}},"66":{"start":{"line":482,"column":8},"end":{"line":482,"column":69}},"67":{"start":{"line":469,"column":0},"end":{"line":469,"column":16}}},"fnMap":{"0":{"name":"definitionTransform","decl":{"start":{"line":93,"column":9},"end":{"line":93,"column":28}},"loc":{"start":{"line":95,"column":45},"end":{"line":114,"column":1}}},"1":{"name":"createRocketsServerControllers","decl":{"start":{"line":116,"column":16},"end":{"line":116,"column":46}},"loc":{"start":{"line":118,"column":1},"end":{"line":130,"column":1}}},"2":{"name":"createRocketsServerSettingsProvider","decl":{"start":{"line":132,"column":16},"end":{"line":132,"column":51}},"loc":{"start":{"line":133,"column":50},"end":{"line":144,"column":1}}},"3":{"name":"createRocketsServerImports","decl":{"start":{"line":149,"column":16},"end":{"line":149,"column":42}},"loc":{"start":{"line":152,"column":1},"end":{"line":442,"column":1}}},"4":{"name":"(anonymous_4)","decl":{"start":{"line":165,"column":18},"end":{"line":165,"column":19}},"loc":{"start":{"line":165,"column":61},"end":{"line":170,"column":7}}},"5":{"name":"(anonymous_5)","decl":{"start":{"line":174,"column":18},"end":{"line":174,"column":19}},"loc":{"start":{"line":174,"column":61},"end":{"line":187,"column":7}}},"6":{"name":"(anonymous_6)","decl":{"start":{"line":191,"column":18},"end":{"line":191,"column":null}},"loc":{"start":{"line":193,"column":31},"end":{"line":207,"column":7}}},"7":{"name":"(anonymous_7)","decl":{"start":{"line":211,"column":18},"end":{"line":211,"column":null}},"loc":{"start":{"line":214,"column":35},"end":{"line":226,"column":7}}},"8":{"name":"(anonymous_8)","decl":{"start":{"line":231,"column":18},"end":{"line":231,"column":null}},"loc":{"start":{"line":234,"column":37},"end":{"line":242,"column":7}}},"9":{"name":"(anonymous_9)","decl":{"start":{"line":247,"column":18},"end":{"line":247,"column":null}},"loc":{"start":{"line":249,"column":37},"end":{"line":257,"column":7}}},"10":{"name":"(anonymous_10)","decl":{"start":{"line":261,"column":18},"end":{"line":261,"column":null}},"loc":{"start":{"line":263,"column":38},"end":{"line":268,"column":7}}},"11":{"name":"(anonymous_11)","decl":{"start":{"line":272,"column":18},"end":{"line":272,"column":null}},"loc":{"start":{"line":274,"column":38},"end":{"line":280,"column":7}}},"12":{"name":"(anonymous_12)","decl":{"start":{"line":285,"column":18},"end":{"line":285,"column":19}},"loc":{"start":{"line":285,"column":85},"end":{"line":289,"column":7}}},"13":{"name":"(anonymous_13)","decl":{"start":{"line":293,"column":18},"end":{"line":293,"column":null}},"loc":{"start":{"line":296,"column":39},"end":{"line":310,"column":7}}},"14":{"name":"(anonymous_14)","decl":{"start":{"line":314,"column":18},"end":{"line":314,"column":null}},"loc":{"start":{"line":317,"column":37},"end":{"line":333,"column":7}}},"15":{"name":"(anonymous_15)","decl":{"start":{"line":343,"column":18},"end":{"line":343,"column":null}},"loc":{"start":{"line":349,"column":40},"end":{"line":367,"column":7}}},"16":{"name":"(anonymous_16)","decl":{"start":{"line":371,"column":18},"end":{"line":371,"column":null}},"loc":{"start":{"line":376,"column":38},"end":{"line":389,"column":7}}},"17":{"name":"(anonymous_17)","decl":{"start":{"line":393,"column":18},"end":{"line":393,"column":19}},"loc":{"start":{"line":393,"column":61},"end":{"line":397,"column":7}}},"18":{"name":"(anonymous_18)","decl":{"start":{"line":403,"column":18},"end":{"line":403,"column":19}},"loc":{"start":{"line":403,"column":61},"end":{"line":419,"column":7}}},"19":{"name":"(anonymous_19)","decl":{"start":{"line":424,"column":18},"end":{"line":424,"column":19}},"loc":{"start":{"line":424,"column":61},"end":{"line":428,"column":7}}},"20":{"name":"(anonymous_20)","decl":{"start":{"line":433,"column":18},"end":{"line":433,"column":19}},"loc":{"start":{"line":433,"column":61},"end":{"line":439,"column":7}}},"21":{"name":"createRocketsServerExports","decl":{"start":{"line":447,"column":16},"end":{"line":447,"column":42}},"loc":{"start":{"line":449,"column":1},"end":{"line":464,"column":1}}},"22":{"name":"createRocketsServerProviders","decl":{"start":{"line":469,"column":16},"end":{"line":469,"column":44}},"loc":{"start":{"line":472,"column":1},"end":{"line":489,"column":1}}},"23":{"name":"(anonymous_23)","decl":{"start":{"line":478,"column":18},"end":{"line":478,"column":23}},"loc":{"start":{"line":481,"column":10},"end":{"line":483,"column":7}}}},"branchMap":{"0":{"loc":{"start":{"line":97,"column":10},"end":{"line":97,"column":22}},"type":"default-arg","locations":[{"start":{"line":97,"column":20},"end":{"line":97,"column":22}}]},"1":{"loc":{"start":{"line":97,"column":24},"end":{"line":97,"column":38}},"type":"default-arg","locations":[{"start":{"line":97,"column":36},"end":{"line":97,"column":38}}]},"2":{"loc":{"start":{"line":97,"column":40},"end":{"line":97,"column":52}},"type":"default-arg","locations":[{"start":{"line":97,"column":50},"end":{"line":97,"column":52}}]},"3":{"loc":{"start":{"line":119,"column":9},"end":{"line":129,"column":8}},"type":"cond-expr","locations":[{"start":{"line":120,"column":6},"end":{"line":120,"column":25}},{"start":{"line":121,"column":6},"end":{"line":129,"column":8}}]},"4":{"loc":{"start":{"line":119,"column":9},"end":{"line":119,"column":29}},"type":"cond-expr","locations":[{"start":{"line":119,"column":16},"end":{"line":119,"column":18}},{"start":{"line":119,"column":9},"end":{"line":119,"column":29}}]},"5":{"loc":{"start":{"line":119,"column":9},"end":{"line":119,"column":18}},"type":"binary-expr","locations":[{"start":{"line":119,"column":9},"end":{"line":119,"column":18}},{"start":{"line":119,"column":9},"end":{"line":119,"column":18}}]},"6":{"loc":{"start":{"line":161,"column":8},"end":{"line":161,"column":29}},"type":"binary-expr","locations":[{"start":{"line":161,"column":8},"end":{"line":161,"column":23}},{"start":{"line":161,"column":27},"end":{"line":161,"column":29}}]},"7":{"loc":{"start":{"line":167,"column":27},"end":{"line":167,"column":59}},"type":"cond-expr","locations":[{"start":{"line":167,"column":42},"end":{"line":167,"column":44}},{"start":{"line":167,"column":42},"end":{"line":167,"column":59}}]},"8":{"loc":{"start":{"line":167,"column":27},"end":{"line":167,"column":44}},"type":"binary-expr","locations":[{"start":{"line":167,"column":27},"end":{"line":167,"column":44}},{"start":{"line":167,"column":42},"end":{"line":167,"column":44}}]},"9":{"loc":{"start":{"line":168,"column":20},"end":{"line":168,"column":45}},"type":"cond-expr","locations":[{"start":{"line":168,"column":35},"end":{"line":168,"column":37}},{"start":{"line":168,"column":35},"end":{"line":168,"column":45}}]},"10":{"loc":{"start":{"line":168,"column":20},"end":{"line":168,"column":37}},"type":"binary-expr","locations":[{"start":{"line":168,"column":20},"end":{"line":168,"column":37}},{"start":{"line":168,"column":35},"end":{"line":168,"column":37}}]},"11":{"loc":{"start":{"line":177,"column":12},"end":{"line":178,"column":null}},"type":"binary-expr","locations":[{"start":{"line":177,"column":12},"end":{"line":177,"column":54}},{"start":{"line":178,"column":12},"end":{"line":178,"column":48}}]},"12":{"loc":{"start":{"line":177,"column":12},"end":{"line":177,"column":54}},"type":"cond-expr","locations":[{"start":{"line":177,"column":34},"end":{"line":177,"column":36}},{"start":{"line":177,"column":34},"end":{"line":177,"column":54}}]},"13":{"loc":{"start":{"line":177,"column":12},"end":{"line":177,"column":36}},"type":"binary-expr","locations":[{"start":{"line":177,"column":12},"end":{"line":177,"column":36}},{"start":{"line":177,"column":34},"end":{"line":177,"column":36}}]},"14":{"loc":{"start":{"line":178,"column":12},"end":{"line":178,"column":48}},"type":"cond-expr","locations":[{"start":{"line":178,"column":28},"end":{"line":178,"column":30}},{"start":{"line":178,"column":28},"end":{"line":178,"column":48}}]},"15":{"loc":{"start":{"line":178,"column":12},"end":{"line":178,"column":30}},"type":"binary-expr","locations":[{"start":{"line":178,"column":12},"end":{"line":178,"column":30}},{"start":{"line":178,"column":28},"end":{"line":178,"column":30}}]},"16":{"loc":{"start":{"line":180,"column":12},"end":{"line":181,"column":null}},"type":"binary-expr","locations":[{"start":{"line":180,"column":12},"end":{"line":180,"column":53}},{"start":{"line":181,"column":12},"end":{"line":181,"column":47}}]},"17":{"loc":{"start":{"line":180,"column":12},"end":{"line":180,"column":53}},"type":"cond-expr","locations":[{"start":{"line":180,"column":34},"end":{"line":180,"column":36}},{"start":{"line":180,"column":34},"end":{"line":180,"column":53}}]},"18":{"loc":{"start":{"line":180,"column":12},"end":{"line":180,"column":36}},"type":"binary-expr","locations":[{"start":{"line":180,"column":12},"end":{"line":180,"column":36}},{"start":{"line":180,"column":34},"end":{"line":180,"column":36}}]},"19":{"loc":{"start":{"line":181,"column":12},"end":{"line":181,"column":47}},"type":"cond-expr","locations":[{"start":{"line":181,"column":28},"end":{"line":181,"column":30}},{"start":{"line":181,"column":28},"end":{"line":181,"column":47}}]},"20":{"loc":{"start":{"line":181,"column":12},"end":{"line":181,"column":30}},"type":"binary-expr","locations":[{"start":{"line":181,"column":12},"end":{"line":181,"column":30}},{"start":{"line":181,"column":28},"end":{"line":181,"column":30}}]},"21":{"loc":{"start":{"line":183,"column":12},"end":{"line":184,"column":null}},"type":"binary-expr","locations":[{"start":{"line":183,"column":12},"end":{"line":183,"column":56}},{"start":{"line":184,"column":12},"end":{"line":184,"column":50}}]},"22":{"loc":{"start":{"line":183,"column":12},"end":{"line":183,"column":56}},"type":"cond-expr","locations":[{"start":{"line":183,"column":34},"end":{"line":183,"column":36}},{"start":{"line":183,"column":34},"end":{"line":183,"column":56}}]},"23":{"loc":{"start":{"line":183,"column":12},"end":{"line":183,"column":36}},"type":"binary-expr","locations":[{"start":{"line":183,"column":12},"end":{"line":183,"column":36}},{"start":{"line":183,"column":34},"end":{"line":183,"column":36}}]},"24":{"loc":{"start":{"line":184,"column":12},"end":{"line":184,"column":50}},"type":"cond-expr","locations":[{"start":{"line":184,"column":28},"end":{"line":184,"column":30}},{"start":{"line":184,"column":28},"end":{"line":184,"column":50}}]},"25":{"loc":{"start":{"line":184,"column":12},"end":{"line":184,"column":30}},"type":"binary-expr","locations":[{"start":{"line":184,"column":12},"end":{"line":184,"column":30}},{"start":{"line":184,"column":28},"end":{"line":184,"column":30}}]},"26":{"loc":{"start":{"line":185,"column":20},"end":{"line":185,"column":52}},"type":"cond-expr","locations":[{"start":{"line":185,"column":42},"end":{"line":185,"column":44}},{"start":{"line":185,"column":42},"end":{"line":185,"column":52}}]},"27":{"loc":{"start":{"line":185,"column":20},"end":{"line":185,"column":44}},"type":"binary-expr","locations":[{"start":{"line":185,"column":20},"end":{"line":185,"column":44}},{"start":{"line":185,"column":42},"end":{"line":185,"column":44}}]},"28":{"loc":{"start":{"line":196,"column":12},"end":{"line":197,"column":null}},"type":"binary-expr","locations":[{"start":{"line":196,"column":12},"end":{"line":196,"column":45}},{"start":{"line":197,"column":12},"end":{"line":197,"column":47}}]},"29":{"loc":{"start":{"line":196,"column":12},"end":{"line":196,"column":45}},"type":"cond-expr","locations":[{"start":{"line":196,"column":23},"end":{"line":196,"column":25}},{"start":{"line":196,"column":23},"end":{"line":196,"column":45}}]},"30":{"loc":{"start":{"line":196,"column":12},"end":{"line":196,"column":25}},"type":"binary-expr","locations":[{"start":{"line":196,"column":12},"end":{"line":196,"column":25}},{"start":{"line":196,"column":23},"end":{"line":196,"column":25}}]},"31":{"loc":{"start":{"line":197,"column":12},"end":{"line":197,"column":47}},"type":"cond-expr","locations":[{"start":{"line":197,"column":28},"end":{"line":197,"column":30}},{"start":{"line":197,"column":28},"end":{"line":197,"column":47}}]},"32":{"loc":{"start":{"line":197,"column":12},"end":{"line":197,"column":30}},"type":"binary-expr","locations":[{"start":{"line":197,"column":12},"end":{"line":197,"column":30}},{"start":{"line":197,"column":28},"end":{"line":197,"column":30}}]},"33":{"loc":{"start":{"line":199,"column":12},"end":{"line":200,"column":null}},"type":"binary-expr","locations":[{"start":{"line":199,"column":12},"end":{"line":199,"column":46}},{"start":{"line":200,"column":12},"end":{"line":200,"column":48}}]},"34":{"loc":{"start":{"line":199,"column":12},"end":{"line":199,"column":46}},"type":"cond-expr","locations":[{"start":{"line":199,"column":23},"end":{"line":199,"column":25}},{"start":{"line":199,"column":23},"end":{"line":199,"column":46}}]},"35":{"loc":{"start":{"line":199,"column":12},"end":{"line":199,"column":25}},"type":"binary-expr","locations":[{"start":{"line":199,"column":12},"end":{"line":199,"column":25}},{"start":{"line":199,"column":23},"end":{"line":199,"column":25}}]},"36":{"loc":{"start":{"line":200,"column":12},"end":{"line":200,"column":48}},"type":"cond-expr","locations":[{"start":{"line":200,"column":28},"end":{"line":200,"column":30}},{"start":{"line":200,"column":28},"end":{"line":200,"column":48}}]},"37":{"loc":{"start":{"line":200,"column":12},"end":{"line":200,"column":30}},"type":"binary-expr","locations":[{"start":{"line":200,"column":12},"end":{"line":200,"column":30}},{"start":{"line":200,"column":28},"end":{"line":200,"column":30}}]},"38":{"loc":{"start":{"line":201,"column":29},"end":{"line":201,"column":59}},"type":"cond-expr","locations":[{"start":{"line":201,"column":40},"end":{"line":201,"column":42}},{"start":{"line":201,"column":40},"end":{"line":201,"column":59}}]},"39":{"loc":{"start":{"line":201,"column":29},"end":{"line":201,"column":42}},"type":"binary-expr","locations":[{"start":{"line":201,"column":29},"end":{"line":201,"column":42}},{"start":{"line":201,"column":40},"end":{"line":201,"column":42}}]},"40":{"loc":{"start":{"line":202,"column":28},"end":{"line":202,"column":57}},"type":"cond-expr","locations":[{"start":{"line":202,"column":39},"end":{"line":202,"column":41}},{"start":{"line":202,"column":39},"end":{"line":202,"column":57}}]},"41":{"loc":{"start":{"line":202,"column":28},"end":{"line":202,"column":41}},"type":"binary-expr","locations":[{"start":{"line":202,"column":28},"end":{"line":202,"column":41}},{"start":{"line":202,"column":39},"end":{"line":202,"column":41}}]},"42":{"loc":{"start":{"line":204,"column":22},"end":{"line":204,"column":45}},"type":"cond-expr","locations":[{"start":{"line":204,"column":33},"end":{"line":204,"column":35}},{"start":{"line":204,"column":33},"end":{"line":204,"column":45}}]},"43":{"loc":{"start":{"line":204,"column":22},"end":{"line":204,"column":35}},"type":"binary-expr","locations":[{"start":{"line":204,"column":22},"end":{"line":204,"column":35}},{"start":{"line":204,"column":33},"end":{"line":204,"column":35}}]},"44":{"loc":{"start":{"line":205,"column":20},"end":{"line":205,"column":41}},"type":"cond-expr","locations":[{"start":{"line":205,"column":31},"end":{"line":205,"column":33}},{"start":{"line":205,"column":31},"end":{"line":205,"column":41}}]},"45":{"loc":{"start":{"line":205,"column":20},"end":{"line":205,"column":33}},"type":"binary-expr","locations":[{"start":{"line":205,"column":20},"end":{"line":205,"column":33}},{"start":{"line":205,"column":31},"end":{"line":205,"column":33}}]},"46":{"loc":{"start":{"line":216,"column":20},"end":{"line":216,"column":45}},"type":"cond-expr","locations":[{"start":{"line":216,"column":35},"end":{"line":216,"column":37}},{"start":{"line":216,"column":35},"end":{"line":216,"column":45}}]},"47":{"loc":{"start":{"line":216,"column":20},"end":{"line":216,"column":37}},"type":"binary-expr","locations":[{"start":{"line":216,"column":20},"end":{"line":216,"column":37}},{"start":{"line":216,"column":35},"end":{"line":216,"column":37}}]},"48":{"loc":{"start":{"line":218,"column":12},"end":{"line":219,"column":null}},"type":"binary-expr","locations":[{"start":{"line":218,"column":12},"end":{"line":218,"column":47}},{"start":{"line":219,"column":12},"end":{"line":219,"column":48}}]},"49":{"loc":{"start":{"line":218,"column":12},"end":{"line":218,"column":47}},"type":"cond-expr","locations":[{"start":{"line":218,"column":27},"end":{"line":218,"column":29}},{"start":{"line":218,"column":27},"end":{"line":218,"column":47}}]},"50":{"loc":{"start":{"line":218,"column":12},"end":{"line":218,"column":29}},"type":"binary-expr","locations":[{"start":{"line":218,"column":12},"end":{"line":218,"column":29}},{"start":{"line":218,"column":27},"end":{"line":218,"column":29}}]},"51":{"loc":{"start":{"line":219,"column":12},"end":{"line":219,"column":48}},"type":"cond-expr","locations":[{"start":{"line":219,"column":28},"end":{"line":219,"column":30}},{"start":{"line":219,"column":28},"end":{"line":219,"column":48}}]},"52":{"loc":{"start":{"line":219,"column":12},"end":{"line":219,"column":30}},"type":"binary-expr","locations":[{"start":{"line":219,"column":12},"end":{"line":219,"column":30}},{"start":{"line":219,"column":28},"end":{"line":219,"column":30}}]},"53":{"loc":{"start":{"line":221,"column":12},"end":{"line":223,"column":28}},"type":"binary-expr","locations":[{"start":{"line":221,"column":12},"end":{"line":221,"column":45}},{"start":{"line":222,"column":12},"end":{"line":222,"column":46}},{"start":{"line":223,"column":12},"end":{"line":223,"column":28}}]},"54":{"loc":{"start":{"line":221,"column":12},"end":{"line":221,"column":45}},"type":"cond-expr","locations":[{"start":{"line":221,"column":27},"end":{"line":221,"column":29}},{"start":{"line":221,"column":27},"end":{"line":221,"column":45}}]},"55":{"loc":{"start":{"line":221,"column":12},"end":{"line":221,"column":29}},"type":"binary-expr","locations":[{"start":{"line":221,"column":12},"end":{"line":221,"column":29}},{"start":{"line":221,"column":27},"end":{"line":221,"column":29}}]},"56":{"loc":{"start":{"line":222,"column":12},"end":{"line":222,"column":46}},"type":"cond-expr","locations":[{"start":{"line":222,"column":28},"end":{"line":222,"column":30}},{"start":{"line":222,"column":28},"end":{"line":222,"column":46}}]},"57":{"loc":{"start":{"line":222,"column":12},"end":{"line":222,"column":30}},"type":"binary-expr","locations":[{"start":{"line":222,"column":12},"end":{"line":222,"column":30}},{"start":{"line":222,"column":28},"end":{"line":222,"column":30}}]},"58":{"loc":{"start":{"line":224,"column":20},"end":{"line":224,"column":45}},"type":"cond-expr","locations":[{"start":{"line":224,"column":35},"end":{"line":224,"column":37}},{"start":{"line":224,"column":35},"end":{"line":224,"column":45}}]},"59":{"loc":{"start":{"line":224,"column":20},"end":{"line":224,"column":37}},"type":"binary-expr","locations":[{"start":{"line":224,"column":20},"end":{"line":224,"column":37}},{"start":{"line":224,"column":35},"end":{"line":224,"column":37}}]},"60":{"loc":{"start":{"line":230,"column":20},"end":{"line":230,"column":60}},"type":"binary-expr","locations":[{"start":{"line":230,"column":20},"end":{"line":230,"column":54}},{"start":{"line":230,"column":58},"end":{"line":230,"column":60}}]},"61":{"loc":{"start":{"line":230,"column":20},"end":{"line":230,"column":54}},"type":"cond-expr","locations":[{"start":{"line":230,"column":45},"end":{"line":230,"column":47}},{"start":{"line":230,"column":45},"end":{"line":230,"column":54}}]},"62":{"loc":{"start":{"line":230,"column":20},"end":{"line":230,"column":47}},"type":"binary-expr","locations":[{"start":{"line":230,"column":20},"end":{"line":230,"column":47}},{"start":{"line":230,"column":45},"end":{"line":230,"column":47}}]},"63":{"loc":{"start":{"line":230,"column":20},"end":{"line":230,"column":45}},"type":"cond-expr","locations":[{"start":{"line":230,"column":34},"end":{"line":230,"column":36}},{"start":{"line":230,"column":34},"end":{"line":230,"column":45}}]},"64":{"loc":{"start":{"line":230,"column":20},"end":{"line":230,"column":36}},"type":"binary-expr","locations":[{"start":{"line":230,"column":20},"end":{"line":230,"column":36}},{"start":{"line":230,"column":34},"end":{"line":230,"column":36}}]},"65":{"loc":{"start":{"line":237,"column":12},"end":{"line":239,"column":28}},"type":"binary-expr","locations":[{"start":{"line":237,"column":12},"end":{"line":237,"column":47}},{"start":{"line":238,"column":12},"end":{"line":238,"column":46}},{"start":{"line":239,"column":12},"end":{"line":239,"column":28}}]},"66":{"loc":{"start":{"line":237,"column":12},"end":{"line":237,"column":47}},"type":"cond-expr","locations":[{"start":{"line":237,"column":29},"end":{"line":237,"column":31}},{"start":{"line":237,"column":29},"end":{"line":237,"column":47}}]},"67":{"loc":{"start":{"line":237,"column":12},"end":{"line":237,"column":31}},"type":"binary-expr","locations":[{"start":{"line":237,"column":12},"end":{"line":237,"column":31}},{"start":{"line":237,"column":29},"end":{"line":237,"column":31}}]},"68":{"loc":{"start":{"line":238,"column":12},"end":{"line":238,"column":46}},"type":"cond-expr","locations":[{"start":{"line":238,"column":28},"end":{"line":238,"column":30}},{"start":{"line":238,"column":28},"end":{"line":238,"column":46}}]},"69":{"loc":{"start":{"line":238,"column":12},"end":{"line":238,"column":30}},"type":"binary-expr","locations":[{"start":{"line":238,"column":12},"end":{"line":238,"column":30}},{"start":{"line":238,"column":28},"end":{"line":238,"column":30}}]},"70":{"loc":{"start":{"line":240,"column":20},"end":{"line":240,"column":47}},"type":"cond-expr","locations":[{"start":{"line":240,"column":37},"end":{"line":240,"column":39}},{"start":{"line":240,"column":37},"end":{"line":240,"column":47}}]},"71":{"loc":{"start":{"line":240,"column":20},"end":{"line":240,"column":39}},"type":"binary-expr","locations":[{"start":{"line":240,"column":20},"end":{"line":240,"column":39}},{"start":{"line":240,"column":37},"end":{"line":240,"column":39}}]},"72":{"loc":{"start":{"line":251,"column":22},"end":{"line":251,"column":null}},"type":"binary-expr","locations":[{"start":{"line":251,"column":22},"end":{"line":251,"column":51}},{"start":{"line":251,"column":55},"end":{"line":251,"column":78}}]},"73":{"loc":{"start":{"line":251,"column":22},"end":{"line":251,"column":51}},"type":"cond-expr","locations":[{"start":{"line":251,"column":39},"end":{"line":251,"column":41}},{"start":{"line":251,"column":39},"end":{"line":251,"column":51}}]},"74":{"loc":{"start":{"line":251,"column":22},"end":{"line":251,"column":41}},"type":"binary-expr","locations":[{"start":{"line":251,"column":22},"end":{"line":251,"column":41}},{"start":{"line":251,"column":39},"end":{"line":251,"column":41}}]},"75":{"loc":{"start":{"line":251,"column":55},"end":{"line":251,"column":78}},"type":"cond-expr","locations":[{"start":{"line":251,"column":66},"end":{"line":251,"column":68}},{"start":{"line":251,"column":66},"end":{"line":251,"column":78}}]},"76":{"loc":{"start":{"line":251,"column":55},"end":{"line":251,"column":68}},"type":"binary-expr","locations":[{"start":{"line":251,"column":55},"end":{"line":251,"column":68}},{"start":{"line":251,"column":66},"end":{"line":251,"column":68}}]},"77":{"loc":{"start":{"line":252,"column":28},"end":{"line":252,"column":63}},"type":"cond-expr","locations":[{"start":{"line":252,"column":45},"end":{"line":252,"column":47}},{"start":{"line":252,"column":45},"end":{"line":252,"column":63}}]},"78":{"loc":{"start":{"line":252,"column":28},"end":{"line":252,"column":47}},"type":"binary-expr","locations":[{"start":{"line":252,"column":28},"end":{"line":252,"column":47}},{"start":{"line":252,"column":45},"end":{"line":252,"column":47}}]},"79":{"loc":{"start":{"line":253,"column":29},"end":{"line":253,"column":null}},"type":"binary-expr","locations":[{"start":{"line":253,"column":29},"end":{"line":253,"column":65}},{"start":{"line":253,"column":69},"end":{"line":253,"column":104}}]},"80":{"loc":{"start":{"line":253,"column":29},"end":{"line":253,"column":65}},"type":"cond-expr","locations":[{"start":{"line":253,"column":46},"end":{"line":253,"column":48}},{"start":{"line":253,"column":46},"end":{"line":253,"column":65}}]},"81":{"loc":{"start":{"line":253,"column":29},"end":{"line":253,"column":48}},"type":"binary-expr","locations":[{"start":{"line":253,"column":29},"end":{"line":253,"column":48}},{"start":{"line":253,"column":46},"end":{"line":253,"column":48}}]},"82":{"loc":{"start":{"line":253,"column":69},"end":{"line":253,"column":104}},"type":"cond-expr","locations":[{"start":{"line":253,"column":85},"end":{"line":253,"column":87}},{"start":{"line":253,"column":85},"end":{"line":253,"column":104}}]},"83":{"loc":{"start":{"line":253,"column":69},"end":{"line":253,"column":87}},"type":"binary-expr","locations":[{"start":{"line":253,"column":69},"end":{"line":253,"column":87}},{"start":{"line":253,"column":85},"end":{"line":253,"column":87}}]},"84":{"loc":{"start":{"line":255,"column":20},"end":{"line":255,"column":47}},"type":"cond-expr","locations":[{"start":{"line":255,"column":37},"end":{"line":255,"column":39}},{"start":{"line":255,"column":37},"end":{"line":255,"column":47}}]},"85":{"loc":{"start":{"line":255,"column":20},"end":{"line":255,"column":39}},"type":"binary-expr","locations":[{"start":{"line":255,"column":20},"end":{"line":255,"column":39}},{"start":{"line":255,"column":37},"end":{"line":255,"column":39}}]},"86":{"loc":{"start":{"line":265,"column":29},"end":{"line":265,"column":null}},"type":"binary-expr","locations":[{"start":{"line":265,"column":29},"end":{"line":265,"column":66}},{"start":{"line":265,"column":70},"end":{"line":265,"column":105}}]},"87":{"loc":{"start":{"line":265,"column":29},"end":{"line":265,"column":66}},"type":"cond-expr","locations":[{"start":{"line":265,"column":47},"end":{"line":265,"column":49}},{"start":{"line":265,"column":47},"end":{"line":265,"column":66}}]},"88":{"loc":{"start":{"line":265,"column":29},"end":{"line":265,"column":49}},"type":"binary-expr","locations":[{"start":{"line":265,"column":29},"end":{"line":265,"column":49}},{"start":{"line":265,"column":47},"end":{"line":265,"column":49}}]},"89":{"loc":{"start":{"line":265,"column":70},"end":{"line":265,"column":105}},"type":"cond-expr","locations":[{"start":{"line":265,"column":86},"end":{"line":265,"column":88}},{"start":{"line":265,"column":86},"end":{"line":265,"column":105}}]},"90":{"loc":{"start":{"line":265,"column":70},"end":{"line":265,"column":88}},"type":"binary-expr","locations":[{"start":{"line":265,"column":70},"end":{"line":265,"column":88}},{"start":{"line":265,"column":86},"end":{"line":265,"column":88}}]},"91":{"loc":{"start":{"line":266,"column":20},"end":{"line":266,"column":48}},"type":"cond-expr","locations":[{"start":{"line":266,"column":38},"end":{"line":266,"column":40}},{"start":{"line":266,"column":38},"end":{"line":266,"column":48}}]},"92":{"loc":{"start":{"line":266,"column":20},"end":{"line":266,"column":40}},"type":"binary-expr","locations":[{"start":{"line":266,"column":20},"end":{"line":266,"column":40}},{"start":{"line":266,"column":38},"end":{"line":266,"column":40}}]},"93":{"loc":{"start":{"line":276,"column":29},"end":{"line":276,"column":null}},"type":"binary-expr","locations":[{"start":{"line":276,"column":29},"end":{"line":276,"column":66}},{"start":{"line":276,"column":70},"end":{"line":276,"column":105}}]},"94":{"loc":{"start":{"line":276,"column":29},"end":{"line":276,"column":66}},"type":"cond-expr","locations":[{"start":{"line":276,"column":47},"end":{"line":276,"column":49}},{"start":{"line":276,"column":47},"end":{"line":276,"column":66}}]},"95":{"loc":{"start":{"line":276,"column":29},"end":{"line":276,"column":49}},"type":"binary-expr","locations":[{"start":{"line":276,"column":29},"end":{"line":276,"column":49}},{"start":{"line":276,"column":47},"end":{"line":276,"column":49}}]},"96":{"loc":{"start":{"line":276,"column":70},"end":{"line":276,"column":105}},"type":"cond-expr","locations":[{"start":{"line":276,"column":86},"end":{"line":276,"column":88}},{"start":{"line":276,"column":86},"end":{"line":276,"column":105}}]},"97":{"loc":{"start":{"line":276,"column":70},"end":{"line":276,"column":88}},"type":"binary-expr","locations":[{"start":{"line":276,"column":70},"end":{"line":276,"column":88}},{"start":{"line":276,"column":86},"end":{"line":276,"column":88}}]},"98":{"loc":{"start":{"line":277,"column":20},"end":{"line":277,"column":48}},"type":"cond-expr","locations":[{"start":{"line":277,"column":38},"end":{"line":277,"column":40}},{"start":{"line":277,"column":38},"end":{"line":277,"column":48}}]},"99":{"loc":{"start":{"line":277,"column":20},"end":{"line":277,"column":40}},"type":"binary-expr","locations":[{"start":{"line":277,"column":20},"end":{"line":277,"column":40}},{"start":{"line":277,"column":38},"end":{"line":277,"column":40}}]},"100":{"loc":{"start":{"line":284,"column":14},"end":{"line":284,"column":85}},"type":"binary-expr","locations":[{"start":{"line":284,"column":14},"end":{"line":284,"column":53}},{"start":{"line":284,"column":57},"end":{"line":284,"column":85}}]},"101":{"loc":{"start":{"line":284,"column":14},"end":{"line":284,"column":53}},"type":"cond-expr","locations":[{"start":{"line":284,"column":45},"end":{"line":284,"column":47}},{"start":{"line":284,"column":45},"end":{"line":284,"column":53}}]},"102":{"loc":{"start":{"line":284,"column":14},"end":{"line":284,"column":47}},"type":"binary-expr","locations":[{"start":{"line":284,"column":14},"end":{"line":284,"column":47}},{"start":{"line":284,"column":45},"end":{"line":284,"column":47}}]},"103":{"loc":{"start":{"line":284,"column":14},"end":{"line":284,"column":45}},"type":"cond-expr","locations":[{"start":{"line":284,"column":28},"end":{"line":284,"column":30}},{"start":{"line":284,"column":28},"end":{"line":284,"column":45}}]},"104":{"loc":{"start":{"line":284,"column":14},"end":{"line":284,"column":30}},"type":"binary-expr","locations":[{"start":{"line":284,"column":14},"end":{"line":284,"column":30}},{"start":{"line":284,"column":28},"end":{"line":284,"column":30}}]},"105":{"loc":{"start":{"line":287,"column":20},"end":{"line":287,"column":53}},"type":"cond-expr","locations":[{"start":{"line":287,"column":43},"end":{"line":287,"column":45}},{"start":{"line":287,"column":43},"end":{"line":287,"column":53}}]},"106":{"loc":{"start":{"line":287,"column":20},"end":{"line":287,"column":45}},"type":"binary-expr","locations":[{"start":{"line":287,"column":20},"end":{"line":287,"column":45}},{"start":{"line":287,"column":43},"end":{"line":287,"column":45}}]},"107":{"loc":{"start":{"line":299,"column":12},"end":{"line":300,"column":null}},"type":"binary-expr","locations":[{"start":{"line":299,"column":12},"end":{"line":299,"column":47}},{"start":{"line":300,"column":12},"end":{"line":300,"column":48}}]},"108":{"loc":{"start":{"line":299,"column":12},"end":{"line":299,"column":47}},"type":"cond-expr","locations":[{"start":{"line":299,"column":27},"end":{"line":299,"column":29}},{"start":{"line":299,"column":27},"end":{"line":299,"column":47}}]},"109":{"loc":{"start":{"line":299,"column":12},"end":{"line":299,"column":29}},"type":"binary-expr","locations":[{"start":{"line":299,"column":12},"end":{"line":299,"column":29}},{"start":{"line":299,"column":27},"end":{"line":299,"column":29}}]},"110":{"loc":{"start":{"line":300,"column":12},"end":{"line":300,"column":48}},"type":"cond-expr","locations":[{"start":{"line":300,"column":28},"end":{"line":300,"column":30}},{"start":{"line":300,"column":28},"end":{"line":300,"column":48}}]},"111":{"loc":{"start":{"line":300,"column":12},"end":{"line":300,"column":30}},"type":"binary-expr","locations":[{"start":{"line":300,"column":12},"end":{"line":300,"column":30}},{"start":{"line":300,"column":28},"end":{"line":300,"column":30}}]},"112":{"loc":{"start":{"line":302,"column":12},"end":{"line":303,"column":null}},"type":"binary-expr","locations":[{"start":{"line":302,"column":12},"end":{"line":302,"column":46}},{"start":{"line":303,"column":12},"end":{"line":303,"column":47}}]},"113":{"loc":{"start":{"line":302,"column":12},"end":{"line":302,"column":46}},"type":"cond-expr","locations":[{"start":{"line":302,"column":27},"end":{"line":302,"column":29}},{"start":{"line":302,"column":27},"end":{"line":302,"column":46}}]},"114":{"loc":{"start":{"line":302,"column":12},"end":{"line":302,"column":29}},"type":"binary-expr","locations":[{"start":{"line":302,"column":12},"end":{"line":302,"column":29}},{"start":{"line":302,"column":27},"end":{"line":302,"column":29}}]},"115":{"loc":{"start":{"line":303,"column":12},"end":{"line":303,"column":47}},"type":"cond-expr","locations":[{"start":{"line":303,"column":28},"end":{"line":303,"column":30}},{"start":{"line":303,"column":28},"end":{"line":303,"column":47}}]},"116":{"loc":{"start":{"line":303,"column":12},"end":{"line":303,"column":30}},"type":"binary-expr","locations":[{"start":{"line":303,"column":12},"end":{"line":303,"column":30}},{"start":{"line":303,"column":28},"end":{"line":303,"column":30}}]},"117":{"loc":{"start":{"line":305,"column":12},"end":{"line":307,"column":28}},"type":"binary-expr","locations":[{"start":{"line":305,"column":12},"end":{"line":305,"column":45}},{"start":{"line":306,"column":12},"end":{"line":306,"column":46}},{"start":{"line":307,"column":12},"end":{"line":307,"column":28}}]},"118":{"loc":{"start":{"line":305,"column":12},"end":{"line":305,"column":45}},"type":"cond-expr","locations":[{"start":{"line":305,"column":27},"end":{"line":305,"column":29}},{"start":{"line":305,"column":27},"end":{"line":305,"column":45}}]},"119":{"loc":{"start":{"line":305,"column":12},"end":{"line":305,"column":29}},"type":"binary-expr","locations":[{"start":{"line":305,"column":12},"end":{"line":305,"column":29}},{"start":{"line":305,"column":27},"end":{"line":305,"column":29}}]},"120":{"loc":{"start":{"line":306,"column":12},"end":{"line":306,"column":46}},"type":"cond-expr","locations":[{"start":{"line":306,"column":28},"end":{"line":306,"column":30}},{"start":{"line":306,"column":28},"end":{"line":306,"column":46}}]},"121":{"loc":{"start":{"line":306,"column":12},"end":{"line":306,"column":30}},"type":"binary-expr","locations":[{"start":{"line":306,"column":12},"end":{"line":306,"column":30}},{"start":{"line":306,"column":28},"end":{"line":306,"column":30}}]},"122":{"loc":{"start":{"line":308,"column":20},"end":{"line":308,"column":45}},"type":"cond-expr","locations":[{"start":{"line":308,"column":35},"end":{"line":308,"column":37}},{"start":{"line":308,"column":35},"end":{"line":308,"column":45}}]},"123":{"loc":{"start":{"line":308,"column":20},"end":{"line":308,"column":37}},"type":"binary-expr","locations":[{"start":{"line":308,"column":20},"end":{"line":308,"column":37}},{"start":{"line":308,"column":35},"end":{"line":308,"column":37}}]},"124":{"loc":{"start":{"line":320,"column":12},"end":{"line":320,"column":56}},"type":"cond-expr","locations":[{"start":{"line":320,"column":29},"end":{"line":320,"column":31}},{"start":{"line":320,"column":29},"end":{"line":320,"column":56}}]},"125":{"loc":{"start":{"line":320,"column":12},"end":{"line":320,"column":31}},"type":"binary-expr","locations":[{"start":{"line":320,"column":12},"end":{"line":320,"column":31}},{"start":{"line":320,"column":29},"end":{"line":320,"column":31}}]},"126":{"loc":{"start":{"line":322,"column":12},"end":{"line":323,"column":null}},"type":"binary-expr","locations":[{"start":{"line":322,"column":12},"end":{"line":322,"column":50}},{"start":{"line":323,"column":12},"end":{"line":323,"column":49}}]},"127":{"loc":{"start":{"line":322,"column":12},"end":{"line":322,"column":50}},"type":"cond-expr","locations":[{"start":{"line":322,"column":29},"end":{"line":322,"column":31}},{"start":{"line":322,"column":29},"end":{"line":322,"column":50}}]},"128":{"loc":{"start":{"line":322,"column":12},"end":{"line":322,"column":31}},"type":"binary-expr","locations":[{"start":{"line":322,"column":12},"end":{"line":322,"column":31}},{"start":{"line":322,"column":29},"end":{"line":322,"column":31}}]},"129":{"loc":{"start":{"line":323,"column":12},"end":{"line":323,"column":49}},"type":"cond-expr","locations":[{"start":{"line":323,"column":28},"end":{"line":323,"column":30}},{"start":{"line":323,"column":28},"end":{"line":323,"column":49}}]},"130":{"loc":{"start":{"line":323,"column":12},"end":{"line":323,"column":30}},"type":"binary-expr","locations":[{"start":{"line":323,"column":12},"end":{"line":323,"column":30}},{"start":{"line":323,"column":28},"end":{"line":323,"column":30}}]},"131":{"loc":{"start":{"line":325,"column":12},"end":{"line":326,"column":null}},"type":"binary-expr","locations":[{"start":{"line":325,"column":12},"end":{"line":325,"column":48}},{"start":{"line":326,"column":12},"end":{"line":326,"column":47}}]},"132":{"loc":{"start":{"line":325,"column":12},"end":{"line":325,"column":48}},"type":"cond-expr","locations":[{"start":{"line":325,"column":29},"end":{"line":325,"column":31}},{"start":{"line":325,"column":29},"end":{"line":325,"column":48}}]},"133":{"loc":{"start":{"line":325,"column":12},"end":{"line":325,"column":31}},"type":"binary-expr","locations":[{"start":{"line":325,"column":12},"end":{"line":325,"column":31}},{"start":{"line":325,"column":29},"end":{"line":325,"column":31}}]},"134":{"loc":{"start":{"line":326,"column":12},"end":{"line":326,"column":47}},"type":"cond-expr","locations":[{"start":{"line":326,"column":28},"end":{"line":326,"column":30}},{"start":{"line":326,"column":28},"end":{"line":326,"column":47}}]},"135":{"loc":{"start":{"line":326,"column":12},"end":{"line":326,"column":30}},"type":"binary-expr","locations":[{"start":{"line":326,"column":12},"end":{"line":326,"column":30}},{"start":{"line":326,"column":28},"end":{"line":326,"column":30}}]},"136":{"loc":{"start":{"line":328,"column":12},"end":{"line":330,"column":28}},"type":"binary-expr","locations":[{"start":{"line":328,"column":12},"end":{"line":328,"column":47}},{"start":{"line":329,"column":12},"end":{"line":329,"column":46}},{"start":{"line":330,"column":12},"end":{"line":330,"column":28}}]},"137":{"loc":{"start":{"line":328,"column":12},"end":{"line":328,"column":47}},"type":"cond-expr","locations":[{"start":{"line":328,"column":29},"end":{"line":328,"column":31}},{"start":{"line":328,"column":29},"end":{"line":328,"column":47}}]},"138":{"loc":{"start":{"line":328,"column":12},"end":{"line":328,"column":31}},"type":"binary-expr","locations":[{"start":{"line":328,"column":12},"end":{"line":328,"column":31}},{"start":{"line":328,"column":29},"end":{"line":328,"column":31}}]},"139":{"loc":{"start":{"line":329,"column":12},"end":{"line":329,"column":46}},"type":"cond-expr","locations":[{"start":{"line":329,"column":28},"end":{"line":329,"column":30}},{"start":{"line":329,"column":28},"end":{"line":329,"column":46}}]},"140":{"loc":{"start":{"line":329,"column":12},"end":{"line":329,"column":30}},"type":"binary-expr","locations":[{"start":{"line":329,"column":12},"end":{"line":329,"column":30}},{"start":{"line":329,"column":28},"end":{"line":329,"column":30}}]},"141":{"loc":{"start":{"line":331,"column":20},"end":{"line":331,"column":47}},"type":"cond-expr","locations":[{"start":{"line":331,"column":37},"end":{"line":331,"column":39}},{"start":{"line":331,"column":37},"end":{"line":331,"column":47}}]},"142":{"loc":{"start":{"line":331,"column":20},"end":{"line":331,"column":39}},"type":"binary-expr","locations":[{"start":{"line":331,"column":20},"end":{"line":331,"column":39}},{"start":{"line":331,"column":37},"end":{"line":331,"column":39}}]},"143":{"loc":{"start":{"line":355,"column":12},"end":{"line":357,"column":28}},"type":"binary-expr","locations":[{"start":{"line":355,"column":12},"end":{"line":355,"column":50}},{"start":{"line":356,"column":12},"end":{"line":356,"column":46}},{"start":{"line":357,"column":12},"end":{"line":357,"column":28}}]},"144":{"loc":{"start":{"line":355,"column":12},"end":{"line":355,"column":50}},"type":"cond-expr","locations":[{"start":{"line":355,"column":32},"end":{"line":355,"column":34}},{"start":{"line":355,"column":32},"end":{"line":355,"column":50}}]},"145":{"loc":{"start":{"line":355,"column":12},"end":{"line":355,"column":34}},"type":"binary-expr","locations":[{"start":{"line":355,"column":12},"end":{"line":355,"column":34}},{"start":{"line":355,"column":32},"end":{"line":355,"column":34}}]},"146":{"loc":{"start":{"line":356,"column":12},"end":{"line":356,"column":46}},"type":"cond-expr","locations":[{"start":{"line":356,"column":28},"end":{"line":356,"column":30}},{"start":{"line":356,"column":28},"end":{"line":356,"column":46}}]},"147":{"loc":{"start":{"line":356,"column":12},"end":{"line":356,"column":30}},"type":"binary-expr","locations":[{"start":{"line":356,"column":12},"end":{"line":356,"column":30}},{"start":{"line":356,"column":28},"end":{"line":356,"column":30}}]},"148":{"loc":{"start":{"line":359,"column":12},"end":{"line":361,"column":38}},"type":"binary-expr","locations":[{"start":{"line":359,"column":12},"end":{"line":359,"column":53}},{"start":{"line":360,"column":12},"end":{"line":360,"column":49}},{"start":{"line":361,"column":12},"end":{"line":361,"column":38}}]},"149":{"loc":{"start":{"line":359,"column":12},"end":{"line":359,"column":53}},"type":"cond-expr","locations":[{"start":{"line":359,"column":32},"end":{"line":359,"column":34}},{"start":{"line":359,"column":32},"end":{"line":359,"column":53}}]},"150":{"loc":{"start":{"line":359,"column":12},"end":{"line":359,"column":34}},"type":"binary-expr","locations":[{"start":{"line":359,"column":12},"end":{"line":359,"column":34}},{"start":{"line":359,"column":32},"end":{"line":359,"column":34}}]},"151":{"loc":{"start":{"line":360,"column":12},"end":{"line":360,"column":49}},"type":"cond-expr","locations":[{"start":{"line":360,"column":28},"end":{"line":360,"column":30}},{"start":{"line":360,"column":28},"end":{"line":360,"column":49}}]},"152":{"loc":{"start":{"line":360,"column":12},"end":{"line":360,"column":30}},"type":"binary-expr","locations":[{"start":{"line":360,"column":12},"end":{"line":360,"column":30}},{"start":{"line":360,"column":28},"end":{"line":360,"column":30}}]},"153":{"loc":{"start":{"line":363,"column":12},"end":{"line":364,"column":null}},"type":"binary-expr","locations":[{"start":{"line":363,"column":12},"end":{"line":363,"column":53}},{"start":{"line":364,"column":12},"end":{"line":364,"column":49}}]},"154":{"loc":{"start":{"line":363,"column":12},"end":{"line":363,"column":53}},"type":"cond-expr","locations":[{"start":{"line":363,"column":32},"end":{"line":363,"column":34}},{"start":{"line":363,"column":32},"end":{"line":363,"column":53}}]},"155":{"loc":{"start":{"line":363,"column":12},"end":{"line":363,"column":34}},"type":"binary-expr","locations":[{"start":{"line":363,"column":12},"end":{"line":363,"column":34}},{"start":{"line":363,"column":32},"end":{"line":363,"column":34}}]},"156":{"loc":{"start":{"line":364,"column":12},"end":{"line":364,"column":49}},"type":"cond-expr","locations":[{"start":{"line":364,"column":28},"end":{"line":364,"column":30}},{"start":{"line":364,"column":28},"end":{"line":364,"column":49}}]},"157":{"loc":{"start":{"line":364,"column":12},"end":{"line":364,"column":30}},"type":"binary-expr","locations":[{"start":{"line":364,"column":12},"end":{"line":364,"column":30}},{"start":{"line":364,"column":28},"end":{"line":364,"column":30}}]},"158":{"loc":{"start":{"line":365,"column":20},"end":{"line":365,"column":50}},"type":"cond-expr","locations":[{"start":{"line":365,"column":40},"end":{"line":365,"column":42}},{"start":{"line":365,"column":40},"end":{"line":365,"column":50}}]},"159":{"loc":{"start":{"line":365,"column":20},"end":{"line":365,"column":42}},"type":"binary-expr","locations":[{"start":{"line":365,"column":20},"end":{"line":365,"column":42}},{"start":{"line":365,"column":40},"end":{"line":365,"column":42}}]},"160":{"loc":{"start":{"line":381,"column":12},"end":{"line":383,"column":28}},"type":"binary-expr","locations":[{"start":{"line":381,"column":12},"end":{"line":381,"column":48}},{"start":{"line":382,"column":12},"end":{"line":382,"column":46}},{"start":{"line":383,"column":12},"end":{"line":383,"column":28}}]},"161":{"loc":{"start":{"line":381,"column":12},"end":{"line":381,"column":48}},"type":"cond-expr","locations":[{"start":{"line":381,"column":30},"end":{"line":381,"column":32}},{"start":{"line":381,"column":30},"end":{"line":381,"column":48}}]},"162":{"loc":{"start":{"line":381,"column":12},"end":{"line":381,"column":32}},"type":"binary-expr","locations":[{"start":{"line":381,"column":12},"end":{"line":381,"column":32}},{"start":{"line":381,"column":30},"end":{"line":381,"column":32}}]},"163":{"loc":{"start":{"line":382,"column":12},"end":{"line":382,"column":46}},"type":"cond-expr","locations":[{"start":{"line":382,"column":28},"end":{"line":382,"column":30}},{"start":{"line":382,"column":28},"end":{"line":382,"column":46}}]},"164":{"loc":{"start":{"line":382,"column":12},"end":{"line":382,"column":30}},"type":"binary-expr","locations":[{"start":{"line":382,"column":12},"end":{"line":382,"column":30}},{"start":{"line":382,"column":28},"end":{"line":382,"column":30}}]},"165":{"loc":{"start":{"line":385,"column":12},"end":{"line":386,"column":null}},"type":"binary-expr","locations":[{"start":{"line":385,"column":12},"end":{"line":385,"column":51}},{"start":{"line":386,"column":12},"end":{"line":386,"column":49}}]},"166":{"loc":{"start":{"line":385,"column":12},"end":{"line":385,"column":51}},"type":"cond-expr","locations":[{"start":{"line":385,"column":30},"end":{"line":385,"column":32}},{"start":{"line":385,"column":30},"end":{"line":385,"column":51}}]},"167":{"loc":{"start":{"line":385,"column":12},"end":{"line":385,"column":32}},"type":"binary-expr","locations":[{"start":{"line":385,"column":12},"end":{"line":385,"column":32}},{"start":{"line":385,"column":30},"end":{"line":385,"column":32}}]},"168":{"loc":{"start":{"line":386,"column":12},"end":{"line":386,"column":49}},"type":"cond-expr","locations":[{"start":{"line":386,"column":28},"end":{"line":386,"column":30}},{"start":{"line":386,"column":28},"end":{"line":386,"column":49}}]},"169":{"loc":{"start":{"line":386,"column":12},"end":{"line":386,"column":30}},"type":"binary-expr","locations":[{"start":{"line":386,"column":12},"end":{"line":386,"column":30}},{"start":{"line":386,"column":28},"end":{"line":386,"column":30}}]},"170":{"loc":{"start":{"line":387,"column":20},"end":{"line":387,"column":48}},"type":"cond-expr","locations":[{"start":{"line":387,"column":38},"end":{"line":387,"column":40}},{"start":{"line":387,"column":38},"end":{"line":387,"column":48}}]},"171":{"loc":{"start":{"line":387,"column":20},"end":{"line":387,"column":40}},"type":"binary-expr","locations":[{"start":{"line":387,"column":20},"end":{"line":387,"column":40}},{"start":{"line":387,"column":38},"end":{"line":387,"column":40}}]},"172":{"loc":{"start":{"line":395,"column":20},"end":{"line":395,"column":46}},"type":"cond-expr","locations":[{"start":{"line":395,"column":36},"end":{"line":395,"column":38}},{"start":{"line":395,"column":36},"end":{"line":395,"column":46}}]},"173":{"loc":{"start":{"line":395,"column":20},"end":{"line":395,"column":38}},"type":"binary-expr","locations":[{"start":{"line":395,"column":20},"end":{"line":395,"column":38}},{"start":{"line":395,"column":36},"end":{"line":395,"column":38}}]},"174":{"loc":{"start":{"line":402,"column":20},"end":{"line":402,"column":55}},"type":"binary-expr","locations":[{"start":{"line":402,"column":20},"end":{"line":402,"column":49}},{"start":{"line":402,"column":53},"end":{"line":402,"column":55}}]},"175":{"loc":{"start":{"line":402,"column":20},"end":{"line":402,"column":49}},"type":"cond-expr","locations":[{"start":{"line":402,"column":40},"end":{"line":402,"column":42}},{"start":{"line":402,"column":40},"end":{"line":402,"column":49}}]},"176":{"loc":{"start":{"line":402,"column":20},"end":{"line":402,"column":42}},"type":"binary-expr","locations":[{"start":{"line":402,"column":20},"end":{"line":402,"column":42}},{"start":{"line":402,"column":40},"end":{"line":402,"column":42}}]},"177":{"loc":{"start":{"line":402,"column":20},"end":{"line":402,"column":40}},"type":"cond-expr","locations":[{"start":{"line":402,"column":34},"end":{"line":402,"column":36}},{"start":{"line":402,"column":34},"end":{"line":402,"column":40}}]},"178":{"loc":{"start":{"line":402,"column":20},"end":{"line":402,"column":36}},"type":"binary-expr","locations":[{"start":{"line":402,"column":20},"end":{"line":402,"column":36}},{"start":{"line":402,"column":34},"end":{"line":402,"column":36}}]},"179":{"loc":{"start":{"line":405,"column":20},"end":{"line":405,"column":42}},"type":"cond-expr","locations":[{"start":{"line":405,"column":32},"end":{"line":405,"column":34}},{"start":{"line":405,"column":32},"end":{"line":405,"column":42}}]},"180":{"loc":{"start":{"line":405,"column":20},"end":{"line":405,"column":34}},"type":"binary-expr","locations":[{"start":{"line":405,"column":20},"end":{"line":405,"column":34}},{"start":{"line":405,"column":32},"end":{"line":405,"column":34}}]},"181":{"loc":{"start":{"line":407,"column":12},"end":{"line":408,"column":null}},"type":"binary-expr","locations":[{"start":{"line":407,"column":12},"end":{"line":407,"column":42}},{"start":{"line":408,"column":12},"end":{"line":408,"column":46}}]},"182":{"loc":{"start":{"line":407,"column":12},"end":{"line":407,"column":42}},"type":"cond-expr","locations":[{"start":{"line":407,"column":24},"end":{"line":407,"column":26}},{"start":{"line":407,"column":24},"end":{"line":407,"column":42}}]},"183":{"loc":{"start":{"line":407,"column":12},"end":{"line":407,"column":26}},"type":"binary-expr","locations":[{"start":{"line":407,"column":12},"end":{"line":407,"column":26}},{"start":{"line":407,"column":24},"end":{"line":407,"column":26}}]},"184":{"loc":{"start":{"line":408,"column":12},"end":{"line":408,"column":46}},"type":"cond-expr","locations":[{"start":{"line":408,"column":28},"end":{"line":408,"column":30}},{"start":{"line":408,"column":28},"end":{"line":408,"column":46}}]},"185":{"loc":{"start":{"line":408,"column":12},"end":{"line":408,"column":30}},"type":"binary-expr","locations":[{"start":{"line":408,"column":12},"end":{"line":408,"column":30}},{"start":{"line":408,"column":28},"end":{"line":408,"column":30}}]},"186":{"loc":{"start":{"line":410,"column":12},"end":{"line":411,"column":null}},"type":"binary-expr","locations":[{"start":{"line":410,"column":12},"end":{"line":410,"column":45}},{"start":{"line":411,"column":12},"end":{"line":411,"column":49}}]},"187":{"loc":{"start":{"line":410,"column":12},"end":{"line":410,"column":45}},"type":"cond-expr","locations":[{"start":{"line":410,"column":24},"end":{"line":410,"column":26}},{"start":{"line":410,"column":24},"end":{"line":410,"column":45}}]},"188":{"loc":{"start":{"line":410,"column":12},"end":{"line":410,"column":26}},"type":"binary-expr","locations":[{"start":{"line":410,"column":12},"end":{"line":410,"column":26}},{"start":{"line":410,"column":24},"end":{"line":410,"column":26}}]},"189":{"loc":{"start":{"line":411,"column":12},"end":{"line":411,"column":49}},"type":"cond-expr","locations":[{"start":{"line":411,"column":28},"end":{"line":411,"column":30}},{"start":{"line":411,"column":28},"end":{"line":411,"column":49}}]},"190":{"loc":{"start":{"line":411,"column":12},"end":{"line":411,"column":30}},"type":"binary-expr","locations":[{"start":{"line":411,"column":12},"end":{"line":411,"column":30}},{"start":{"line":411,"column":28},"end":{"line":411,"column":30}}]},"191":{"loc":{"start":{"line":413,"column":12},"end":{"line":414,"column":null}},"type":"binary-expr","locations":[{"start":{"line":413,"column":12},"end":{"line":413,"column":48}},{"start":{"line":414,"column":12},"end":{"line":414,"column":52}}]},"192":{"loc":{"start":{"line":413,"column":12},"end":{"line":413,"column":48}},"type":"cond-expr","locations":[{"start":{"line":413,"column":24},"end":{"line":413,"column":26}},{"start":{"line":413,"column":24},"end":{"line":413,"column":48}}]},"193":{"loc":{"start":{"line":413,"column":12},"end":{"line":413,"column":26}},"type":"binary-expr","locations":[{"start":{"line":413,"column":12},"end":{"line":413,"column":26}},{"start":{"line":413,"column":24},"end":{"line":413,"column":26}}]},"194":{"loc":{"start":{"line":414,"column":12},"end":{"line":414,"column":52}},"type":"cond-expr","locations":[{"start":{"line":414,"column":28},"end":{"line":414,"column":30}},{"start":{"line":414,"column":28},"end":{"line":414,"column":52}}]},"195":{"loc":{"start":{"line":414,"column":12},"end":{"line":414,"column":30}},"type":"binary-expr","locations":[{"start":{"line":414,"column":12},"end":{"line":414,"column":30}},{"start":{"line":414,"column":28},"end":{"line":414,"column":30}}]},"196":{"loc":{"start":{"line":416,"column":12},"end":{"line":417,"column":null}},"type":"binary-expr","locations":[{"start":{"line":416,"column":12},"end":{"line":416,"column":52}},{"start":{"line":417,"column":12},"end":{"line":417,"column":56}}]},"197":{"loc":{"start":{"line":416,"column":12},"end":{"line":416,"column":52}},"type":"cond-expr","locations":[{"start":{"line":416,"column":24},"end":{"line":416,"column":26}},{"start":{"line":416,"column":24},"end":{"line":416,"column":52}}]},"198":{"loc":{"start":{"line":416,"column":12},"end":{"line":416,"column":26}},"type":"binary-expr","locations":[{"start":{"line":416,"column":12},"end":{"line":416,"column":26}},{"start":{"line":416,"column":24},"end":{"line":416,"column":26}}]},"199":{"loc":{"start":{"line":417,"column":12},"end":{"line":417,"column":56}},"type":"cond-expr","locations":[{"start":{"line":417,"column":28},"end":{"line":417,"column":30}},{"start":{"line":417,"column":28},"end":{"line":417,"column":56}}]},"200":{"loc":{"start":{"line":417,"column":12},"end":{"line":417,"column":30}},"type":"binary-expr","locations":[{"start":{"line":417,"column":12},"end":{"line":417,"column":30}},{"start":{"line":417,"column":28},"end":{"line":417,"column":30}}]},"201":{"loc":{"start":{"line":422,"column":20},"end":{"line":422,"column":54}},"type":"binary-expr","locations":[{"start":{"line":422,"column":20},"end":{"line":422,"column":48}},{"start":{"line":422,"column":52},"end":{"line":422,"column":54}}]},"202":{"loc":{"start":{"line":422,"column":20},"end":{"line":422,"column":48}},"type":"cond-expr","locations":[{"start":{"line":422,"column":39},"end":{"line":422,"column":41}},{"start":{"line":422,"column":39},"end":{"line":422,"column":48}}]},"203":{"loc":{"start":{"line":422,"column":20},"end":{"line":422,"column":41}},"type":"binary-expr","locations":[{"start":{"line":422,"column":20},"end":{"line":422,"column":41}},{"start":{"line":422,"column":39},"end":{"line":422,"column":41}}]},"204":{"loc":{"start":{"line":422,"column":20},"end":{"line":422,"column":39}},"type":"cond-expr","locations":[{"start":{"line":422,"column":34},"end":{"line":422,"column":36}},{"start":{"line":422,"column":34},"end":{"line":422,"column":39}}]},"205":{"loc":{"start":{"line":422,"column":20},"end":{"line":422,"column":36}},"type":"binary-expr","locations":[{"start":{"line":422,"column":20},"end":{"line":422,"column":36}},{"start":{"line":422,"column":34},"end":{"line":422,"column":36}}]},"206":{"loc":{"start":{"line":426,"column":20},"end":{"line":426,"column":41}},"type":"cond-expr","locations":[{"start":{"line":426,"column":31},"end":{"line":426,"column":33}},{"start":{"line":426,"column":31},"end":{"line":426,"column":41}}]},"207":{"loc":{"start":{"line":426,"column":20},"end":{"line":426,"column":33}},"type":"binary-expr","locations":[{"start":{"line":426,"column":20},"end":{"line":426,"column":33}},{"start":{"line":426,"column":31},"end":{"line":426,"column":33}}]},"208":{"loc":{"start":{"line":435,"column":20},"end":{"line":435,"column":41}},"type":"cond-expr","locations":[{"start":{"line":435,"column":31},"end":{"line":435,"column":33}},{"start":{"line":435,"column":31},"end":{"line":435,"column":41}}]},"209":{"loc":{"start":{"line":435,"column":20},"end":{"line":435,"column":33}},"type":"binary-expr","locations":[{"start":{"line":435,"column":20},"end":{"line":435,"column":33}},{"start":{"line":435,"column":31},"end":{"line":435,"column":33}}]},"210":{"loc":{"start":{"line":437,"column":12},"end":{"line":437,"column":74}},"type":"binary-expr","locations":[{"start":{"line":437,"column":12},"end":{"line":437,"column":40}},{"start":{"line":437,"column":44},"end":{"line":437,"column":74}}]},"211":{"loc":{"start":{"line":437,"column":12},"end":{"line":437,"column":40}},"type":"cond-expr","locations":[{"start":{"line":437,"column":25},"end":{"line":437,"column":27}},{"start":{"line":437,"column":25},"end":{"line":437,"column":40}}]},"212":{"loc":{"start":{"line":437,"column":12},"end":{"line":437,"column":27}},"type":"binary-expr","locations":[{"start":{"line":437,"column":12},"end":{"line":437,"column":27}},{"start":{"line":437,"column":25},"end":{"line":437,"column":27}}]},"213":{"loc":{"start":{"line":451,"column":8},"end":{"line":451,"column":29}},"type":"binary-expr","locations":[{"start":{"line":451,"column":8},"end":{"line":451,"column":23}},{"start":{"line":451,"column":27},"end":{"line":451,"column":29}}]},"214":{"loc":{"start":{"line":474,"column":8},"end":{"line":474,"column":31}},"type":"cond-expr","locations":[{"start":{"line":474,"column":25},"end":{"line":474,"column":29}},{"start":{"line":474,"column":29},"end":{"line":474,"column":31}}]},"215":{"loc":{"start":{"line":474,"column":8},"end":{"line":474,"column":29}},"type":"binary-expr","locations":[{"start":{"line":474,"column":8},"end":{"line":474,"column":29}},{"start":{"line":474,"column":25},"end":{"line":474,"column":29}}]},"216":{"loc":{"start":{"line":482,"column":15},"end":{"line":482,"column":68}},"type":"binary-expr","locations":[{"start":{"line":482,"column":15},"end":{"line":482,"column":48}},{"start":{"line":482,"column":52},"end":{"line":482,"column":68}}]}},"s":{"0":1,"1":1,"2":1,"3":1,"4":1,"5":1,"6":1,"7":1,"8":1,"9":1,"10":1,"11":1,"12":1,"13":1,"14":1,"15":1,"16":1,"17":1,"18":1,"19":1,"20":1,"21":1,"22":1,"23":1,"24":1,"25":1,"26":1,"27":1,"28":1,"29":1,"30":1,"31":1,"32":1,"33":1,"34":1,"35":1,"36":4,"37":4,"38":4,"39":4,"40":1,"41":4,"42":1,"43":4,"44":4,"45":4,"46":4,"47":4,"48":4,"49":4,"50":4,"51":4,"52":4,"53":4,"54":4,"55":4,"56":4,"57":4,"58":4,"59":4,"60":4,"61":4,"62":1,"63":4,"64":1,"65":4,"66":4,"67":1},"f":{"0":4,"1":4,"2":4,"3":4,"4":4,"5":4,"6":4,"7":4,"8":4,"9":4,"10":4,"11":4,"12":4,"13":4,"14":4,"15":4,"16":4,"17":4,"18":4,"19":4,"20":4,"21":4,"22":4,"23":4},"b":{"0":[2],"1":[0],"2":[4],"3":[0,4],"4":[0,4],"5":[4,4],"6":[4,0],"7":[4,0],"8":[4,4],"9":[4,0],"10":[4,4],"11":[4,4],"12":[4,0],"13":[4,4],"14":[0,4],"15":[4,4],"16":[4,4],"17":[4,0],"18":[4,4],"19":[0,4],"20":[4,4],"21":[4,4],"22":[4,0],"23":[4,4],"24":[0,4],"25":[4,4],"26":[4,0],"27":[4,4],"28":[4,4],"29":[0,4],"30":[4,4],"31":[0,4],"32":[4,4],"33":[4,4],"34":[0,4],"35":[4,4],"36":[0,4],"37":[4,4],"38":[0,4],"39":[4,4],"40":[0,4],"41":[4,4],"42":[0,4],"43":[4,4],"44":[0,4],"45":[4,4],"46":[4,0],"47":[4,4],"48":[4,4],"49":[4,0],"50":[4,4],"51":[0,4],"52":[4,4],"53":[4,4,2],"54":[4,0],"55":[4,4],"56":[0,4],"57":[4,4],"58":[4,0],"59":[4,4],"60":[4,1],"61":[1,3],"62":[4,4],"63":[0,4],"64":[4,4],"65":[4,3,2],"66":[1,3],"67":[4,4],"68":[0,3],"69":[3,3],"70":[1,3],"71":[4,4],"72":[4,4],"73":[4,0],"74":[4,4],"75":[0,4],"76":[4,4],"77":[4,0],"78":[4,4],"79":[4,4],"80":[4,0],"81":[4,4],"82":[0,4],"83":[4,4],"84":[4,0],"85":[4,4],"86":[4,4],"87":[4,0],"88":[4,4],"89":[0,4],"90":[4,4],"91":[4,0],"92":[4,4],"93":[4,4],"94":[4,0],"95":[4,4],"96":[0,4],"97":[4,4],"98":[4,0],"99":[4,4],"100":[4,4],"101":[4,0],"102":[4,4],"103":[0,4],"104":[4,4],"105":[4,0],"106":[4,4],"107":[4,4],"108":[4,0],"109":[4,4],"110":[0,4],"111":[4,4],"112":[4,4],"113":[4,0],"114":[4,4],"115":[0,4],"116":[4,4],"117":[4,4,2],"118":[4,0],"119":[4,4],"120":[0,4],"121":[4,4],"122":[4,0],"123":[4,4],"124":[4,0],"125":[4,4],"126":[4,4],"127":[4,0],"128":[4,4],"129":[0,4],"130":[4,4],"131":[4,4],"132":[4,0],"133":[4,4],"134":[0,4],"135":[4,4],"136":[4,4,2],"137":[4,0],"138":[4,4],"139":[0,4],"140":[4,4],"141":[4,0],"142":[4,4],"143":[4,4,2],"144":[4,0],"145":[4,4],"146":[0,4],"147":[4,4],"148":[4,4,4],"149":[4,0],"150":[4,4],"151":[0,4],"152":[4,4],"153":[4,4],"154":[4,0],"155":[4,4],"156":[0,4],"157":[4,4],"158":[4,0],"159":[4,4],"160":[4,4,2],"161":[4,0],"162":[4,4],"163":[0,4],"164":[4,4],"165":[4,4],"166":[4,0],"167":[4,4],"168":[0,4],"169":[4,4],"170":[4,0],"171":[4,4],"172":[4,0],"173":[4,4],"174":[4,1],"175":[1,3],"176":[4,4],"177":[0,4],"178":[4,4],"179":[2,2],"180":[4,4],"181":[4,4],"182":[2,2],"183":[4,4],"184":[0,4],"185":[4,4],"186":[4,4],"187":[2,2],"188":[4,4],"189":[0,4],"190":[4,4],"191":[4,4],"192":[2,2],"193":[4,4],"194":[0,4],"195":[4,4],"196":[4,4],"197":[2,2],"198":[4,4],"199":[0,4],"200":[4,4],"201":[4,1],"202":[1,3],"203":[4,4],"204":[0,4],"205":[4,4],"206":[2,2],"207":[4,4],"208":[2,2],"209":[4,4],"210":[4,4],"211":[4,0],"212":[4,4],"213":[4,0],"214":[4,0],"215":[4,4],"216":[4,2]}}
,"/Users/thiagoramalho/Documents/Thiago/Workspace/Concepta/OpenSource/rockets-sdk/packages/rockets-server/src/rockets-server.module.ts": {"path":"/Users/thiagoramalho/Documents/Thiago/Workspace/Concepta/OpenSource/rockets-sdk/packages/rockets-server/src/rockets-server.module.ts","statementMap":{"0":{"start":{"line":1,"column":0},"end":{"line":1,"column":55}},"1":{"start":{"line":3,"column":0},"end":{"line":3,"column":null}},"2":{"start":{"line":19,"column":7},"end":{"line":30,"column":null}},"3":{"start":{"line":21,"column":4},"end":{"line":21,"column":56}},"4":{"start":{"line":25,"column":4},"end":{"line":28,"column":7}},"5":{"start":{"line":19,"column":13},"end":{"line":30,"column":null}},"6":{"start":{"line":19,"column":13},"end":{"line":19,"column":32}}},"fnMap":{"0":{"name":"(anonymous_1)","decl":{"start":{"line":20,"column":2},"end":{"line":20,"column":8}},"loc":{"start":{"line":20,"column":46},"end":{"line":22,"column":3}}},"1":{"name":"(anonymous_2)","decl":{"start":{"line":24,"column":2},"end":{"line":24,"column":8}},"loc":{"start":{"line":24,"column":56},"end":{"line":29,"column":3}}}},"branchMap":{},"s":{"0":1,"1":1,"2":1,"3":2,"4":2,"5":1,"6":1},"f":{"0":2,"1":2},"b":{}}
,"/Users/thiagoramalho/Documents/Thiago/Workspace/Concepta/OpenSource/rockets-sdk/packages/rockets-server/src/rockets-server.utils.ts": {"path":"/Users/thiagoramalho/Documents/Thiago/Workspace/Concepta/OpenSource/rockets-sdk/packages/rockets-server/src/rockets-server.utils.ts","statementMap":{"0":{"start":{"line":2,"column":2},"end":{"line":2,"column":34}},"1":{"start":{"line":1,"column":0},"end":{"line":1,"column":16}}},"fnMap":{"0":{"name":"formatTokenUrl","decl":{"start":{"line":1,"column":16},"end":{"line":1,"column":30}},"loc":{"start":{"line":1,"column":64},"end":{"line":3,"column":1}}}},"branchMap":{},"s":{"0":0,"1":1},"f":{"0":0},"b":{}}
,"/Users/thiagoramalho/Documents/Thiago/Workspace/Concepta/OpenSource/rockets-sdk/packages/rockets-server/src/config/rockets-server-options-default.config.ts": {"path":"/Users/thiagoramalho/Documents/Thiago/Workspace/Concepta/OpenSource/rockets-sdk/packages/rockets-server/src/config/rockets-server-options-default.config.ts","statementMap":{"0":{"start":{"line":1,"column":0},"end":{"line":1,"column":70}},"1":{"start":{"line":2,"column":0},"end":{"line":2,"column":44}},"2":{"start":{"line":3,"column":0},"end":{"line":3,"column":36}},"3":{"start":{"line":5,"column":0},"end":{"line":5,"column":null}},"4":{"start":{"line":11,"column":0},"end":{"line":11,"column":99}},"5":{"start":{"line":12,"column":0},"end":{"line":12,"column":57}},"6":{"start":{"line":19,"column":13},"end":{"line":68,"column":2}},"7":{"start":{"line":23,"column":38},"end":{"line":42,"column":6}},"8":{"start":{"line":45,"column":4},"end":{"line":45,"column":38}},"9":{"start":{"line":46,"column":4},"end":{"line":46,"column":52}},"10":{"start":{"line":48,"column":4},"end":{"line":66,"column":6}},"11":{"start":{"line":74,"column":2},"end":{"line":76,"column":null}},"12":{"start":{"line":75,"column":4},"end":{"line":75,"column":44}},"13":{"start":{"line":78,"column":2},"end":{"line":95,"column":null}},"14":{"start":{"line":80,"column":4},"end":{"line":80,"column":58}},"15":{"start":{"line":81,"column":9},"end":{"line":95,"column":null}},"16":{"start":{"line":83,"column":4},"end":{"line":85,"column":6}},"17":{"start":{"line":88,"column":4},"end":{"line":92,"column":6}},"18":{"start":{"line":94,"column":4},"end":{"line":94,"column":34}},"19":{"start":{"line":105,"column":2},"end":{"line":107,"column":null}},"20":{"start":{"line":106,"column":4},"end":{"line":106,"column":44}},"21":{"start":{"line":108,"column":2},"end":{"line":110,"column":null}},"22":{"start":{"line":109,"column":4},"end":{"line":109,"column":52}},"23":{"start":{"line":112,"column":2},"end":{"line":123,"column":null}},"24":{"start":{"line":114,"column":4},"end":{"line":114,"column":59}},"25":{"start":{"line":117,"column":4},"end":{"line":120,"column":6}},"26":{"start":{"line":122,"column":4},"end":{"line":122,"column":47}}},"fnMap":{"0":{"name":"(anonymous_0)","decl":{"start":{"line":21,"column":2},"end":{"line":21,"column":37}},"loc":{"start":{"line":21,"column":39},"end":{"line":67,"column":3}}},"1":{"name":"configureAccessSecret","decl":{"start":{"line":73,"column":9},"end":{"line":73,"column":30}},"loc":{"start":{"line":73,"column":70},"end":{"line":96,"column":1}}},"2":{"name":"configureRefreshSecret","decl":{"start":{"line":101,"column":9},"end":{"line":101,"column":31}},"loc":{"start":{"line":103,"column":49},"end":{"line":124,"column":1}}}},"branchMap":{"0":{"loc":{"start":{"line":26,"column":21},"end":{"line":26,"column":71}},"type":"cond-expr","locations":[{"start":{"line":26,"column":63},"end":{"line":26,"column":67}},{"start":{"line":26,"column":67},"end":{"line":26,"colu
[...]
,"/Users/thiagoramalho/Documents/Thiago/Workspace/Concepta/OpenSource/rockets-sdk/packages/rockets-server/src/controllers/auth/auth-signup.controller.ts": {"path":"/Users/thiagoramalho/Documents/Thiago/Workspace/Concepta/OpenSource/rockets-sdk/packages/rockets-server/src/controllers/auth/auth-signup.controller.ts","statementMap":{"0":{"start":{"line":1,"column":0},"end":{"line":1,"column":61}},"1":{"start":{"line":2,"column":0},"end":{"line":2,"column":null}},"2":{"start":{"line":6,"column":0},"end":{"line":6,"column":66}},"3":{"start":{"line":7,"column":0},"end":{"line":7,"column":64}},"4":{"start":{"line":8,"column":0},"end":{"line":8,"column":null}},"5":{"start":{"line":16,"column":0},"end":{"line":16,"column":49}},"6":{"start":{"line":17,"column":0},"end":{"line":17,"column":91}},"7":{"start":{"line":18,"column":0},"end":{"line":18,"column":78}},"8":{"start":{"line":27,"column":7},"end":{"line":80,"column":null}},"9":{"start":{"line":30,"column":21},"end":{"line":30,"column":39}},"10":{"start":{"line":32,"column":23},"end":{"line":32,"column":78}},"11":{"start":{"line":69,"column":25},"end":{"line":70,"column":null}},"12":{"start":{"line":73,"column":19},"end":{"line":75,"column":null}},"13":{"start":{"line":78,"column":4},"end":{"line":78,"column":41}},"14":{"start":{"line":66,"column":8},"end":{"line":79,"column":null}},"15":{"start":{"line":27,"column":13},"end":{"line":80,"column":null}},"16":{"start":{"line":27,"column":13},"end":{"line":27,"column":33}}},"fnMap":{"0":{"name":"(anonymous_4)","decl":{"start":{"line":28,"column":2},"end":{"line":28,"column":null}},"loc":{"start":{"line":32,"column":78},"end":{"line":33,"column":6}}},"1":{"name":"(anonymous_5)","decl":{"start":{"line":66,"column":2},"end":{"line":66,"column":7}},"loc":{"start":{"line":67,"column":53},"end":{"line":79,"column":3}}}},"branchMap":{},"s":{"0":1,"1":1,"2":1,"3":1,"4":1,"5":1,"6":1,"7":1,"8":1,"9":4,"10":4,"11":0,"12":0,"13":0,"14":1,"15":1,"16":1},"f":{"0":4,"1":0},"b":{}}
,"/Users/thiagoramalho/Documents/Thiago/Workspace/Concepta/OpenSource/rockets-sdk/packages/rockets-server/src/controllers/oauth/auth-oauth.controller.ts": {"path":"/Users/thiagoramalho/Documents/Thiago/Workspace/Concepta/OpenSource/rockets-sdk/packages/rockets-server/src/controllers/oauth/auth-oauth.controller.ts","statementMap":{"0":{"start":{"line":1,"column":0},"end":{"line":1,"column":74}},"1":{"start":{"line":2,"column":0},"end":{"line":2,"column":80}},"2":{"start":{"line":7,"column":0},"end":{"line":7,"column":null}},"3":{"start":{"line":14,"column":0},"end":{"line":14,"column":74}},"4":{"start":{"line":38,"column":7},"end":{"line":122,"column":null}},"5":{"start":{"line":42,"column":12},"end":{"line":42,"column":57}},"6":{"start":{"line":90,"column":4},"end":{"line":90,"column":11}},"7":{"start":{"line":105,"column":4},"end":{"line":105,"column":59}},"8":{"start":{"line":120,"column":4},"end":{"line":120,"column":59}},"9":{"start":{"line":49,"column":2},"end":{"line":91,"column":null}},"10":{"start":{"line":102,"column":8},"end":{"line":106,"column":null}},"11":{"start":{"line":117,"column":8},"end":{"line":121,"column":null}},"12":{"start":{"line":38,"column":13},"end":{"line":122,"column":null}},"13":{"start":{"line":38,"column":13},"end":{"line":38,"column":32}}},"fnMap":{"0":{"name":"(anonymous_4)","decl":{"start":{"line":39,"column":2},"end":{"line":39,"column":null}},"loc":{"start":{"line":42,"column":57},"end":{"line":43,"column":6}}},"1":{"name":"(anonymous_5)","decl":{"start":{"line":87,"column":2},"end":{"line":87,"column":11}},"loc":{"start":{"line":87,"column":11},"end":{"line":91,"column":3}}},"2":{"name":"(anonymous_6)","decl":{"start":{"line":102,"column":2},"end":{"line":102,"column":7}},"loc":{"start":{"line":103,"column":48},"end":{"line":106,"column":3}}},"3":{"name":"(anonymous_7)","decl":{"start":{"line":117,"column":2},"end":{"line":117,"column":7}},"loc":{"start":{"line":118,"column":48},"end":{"line":121,"column":3}}}},"branchMap":{},"s":{"0":1,"1":1,"2":1,"3":1,"4":1,"5":4,"6":0,"7":0,"8":0,"9":1,"10":1,"11":1,"12":1,"13":1},"f":{"0":4,"1":0,"2":0,"3":0},"b":{}}
,"/Users/thiagoramalho/Documents/Thiago/Workspace/Concepta/OpenSource/rockets-sdk/packages/rockets-server/src/controllers/otp/rockets-server-otp.controller.ts": {"path":"/Users/thiagoramalho/Documents/Thiago/Workspace/Concepta/OpenSource/rockets-sdk/packages/rockets-server/src/controllers/otp/rockets-server-otp.controller.ts","statementMap":{"0":{"start":{"line":1,"column":0},"end":{"line":1,"column":73}},"1":{"start":{"line":2,"column":0},"end":{"line":2,"column":null}},"2":{"start":{"line":6,"column":0},"end":{"line":6,"column":71}},"3":{"start":{"line":7,"column":0},"end":{"line":7,"column":null}},"4":{"start":{"line":15,"column":0},"end":{"line":15,"column":93}},"5":{"start":{"line":16,"column":0},"end":{"line":16,"column":86}},"6":{"start":{"line":17,"column":0},"end":{"line":17,"column":80}},"7":{"start":{"line":19,"column":0},"end":{"line":19,"column":84}},"8":{"start":{"line":28,"column":7},"end":{"line":98,"column":null}},"9":{"start":{"line":31,"column":12},"end":{"line":31,"column":57}},"10":{"start":{"line":32,"column":21},"end":{"line":32,"column":33}},"11":{"start":{"line":60,"column":4},"end":{"line":60,"column":46}},"12":{"start":{"line":95,"column":17},"end":{"line":95,"column":74}},"13":{"start":{"line":96,"column":4},"end":{"line":96,"column":59}},"14":{"start":{"line":59,"column":8},"end":{"line":61,"column":null}},"15":{"start":{"line":92,"column":8},"end":{"line":97,"column":null}},"16":{"start":{"line":28,"column":13},"end":{"line":98,"column":null}},"17":{"start":{"line":28,"column":13},"end":{"line":28,"column":39}}},"fnMap":{"0":{"name":"(anonymous_4)","decl":{"start":{"line":29,"column":2},"end":{"line":29,"column":null}},"loc":{"start":{"line":32,"column":56},"end":{"line":33,"column":6}}},"1":{"name":"(anonymous_5)","decl":{"start":{"line":59,"column":2},"end":{"line":59,"column":7}},"loc":{"start":{"line":59,"column":52},"end":{"line":61,"column":3}}},"2":{"name":"(anonymous_6)","decl":{"start":{"line":92,"column":2},"end":{"line":92,"column":7}},"loc":{"start":{"line":93,"column":43},"end":{"line":97,"column":3}}}},"branchMap":{},"s":{"0":1,"1":1,"2":1,"3":1,"4":1,"5":1,"6":1,"7":1,"8":1,"9":4,"10":4,"11":0,"12":0,"13":0,"14":1,"15":1,"16":1,"17":1},"f":{"0":4,"1":0,"2":0},"b":{}}
,"/Users/thiagoramalho/Documents/Thiago/Workspace/Concepta/OpenSource/rockets-sdk/packages/rockets-server/src/controllers/user/rockets-server-user.controller.ts": {"path":"/Users/thiagoramalho/Documents/Thiago/Workspace/Concepta/OpenSource/rockets-sdk/packages/rockets-server/src/controllers/user/rockets-server-user.controller.ts","statementMap":{"0":{"start":{"line":1,"column":0},"end":{"line":1,"column":57}},"1":{"start":{"line":2,"column":0},"end":{"line":2,"column":59}},"2":{"start":{"line":3,"column":0},"end":{"line":3,"column":null}},"3":{"start":{"line":11,"column":0},"end":{"line":11,"column":null}},"4":{"start":{"line":21,"column":0},"end":{"line":21,"column":91}},"5":{"start":{"line":22,"column":0},"end":{"line":22,"column":78}},"6":{"start":{"line":24,"column":0},"end":{"line":24,"column":57}},"7":{"start":{"line":33,"column":7},"end":{"line":102,"column":null}},"8":{"start":{"line":36,"column":21},"end":{"line":36,"column":39}},"9":{"start":{"line":59,"column":4},"end":{"line":59,"column":42}},"10":{"start":{"line":100,"column":4},"end":{"line":100,"column":66}},"11":{"start":{"line":56,"column":8},"end":{"line":60,"column":null}},"12":{"start":{"line":96,"column":8},"end":{"line":101,"column":null}},"13":{"start":{"line":33,"column":13},"end":{"line":102,"column":null}},"14":{"start":{"line":33,"column":13},"end":{"line":33,"column":40}}},"fnMap":{"0":{"name":"(anonymous_4)","decl":{"start":{"line":34,"column":2},"end":{"line":34,"column":null}},"loc":{"start":{"line":36,"column":55},"end":{"line":37,"column":6}}},"1":{"name":"(anonymous_5)","decl":{"start":{"line":56,"column":2},"end":{"line":56,"column":7}},"loc":{"start":{"line":57,"column":30},"end":{"line":60,"column":3}}},"2":{"name":"(anonymous_6)","decl":{"start":{"line":96,"column":2},"end":{"line":96,"column":7}},"loc":{"start":{"line":98,"column":53},"end":{"line":101,"column":3}}}},"branchMap":{},"s":{"0":1,"1":1,"2":1,"3":1,"4":1,"5":1,"6":1,"7":1,"8":4,"9":0,"10":0,"11":1,"12":1,"13":1,"14":1},"f":{"0":4,"1":0,"2":0},"b":{}}
,"/Users/thiagoramalho/Documents/Thiago/Workspace/Concepta/OpenSource/rockets-sdk/packages/rockets-server/src/dto/rockets-server-otp-confirm.dto.ts": {"path":"/Users/thiagoramalho/Documents/Thiago/Workspace/Concepta/OpenSource/rockets-sdk/packages/rockets-server/src/dto/rockets-server-otp-confirm.dto.ts","statementMap":{"0":{"start":{"line":1,"column":0},"end":{"line":1,"column":46}},"1":{"start":{"line":2,"column":0},"end":{"line":2,"column":64}},"2":{"start":{"line":5,"column":2},"end":{"line":11,"column":null}},"3":{"start":{"line":13,"column":2},"end":{"line":19,"column":null}},"4":{"start":{"line":4,"column":0},"end":{"line":4,"column":13}}},"fnMap":{},"branchMap":{},"s":{"0":1,"1":1,"2":1,"3":1,"4":1},"f":{},"b":{}}
,"/Users/thiagoramalho/Documents/Thiago/Workspace/Concepta/OpenSource/rockets-sdk/packages/rockets-server/src/dto/rockets-server-otp-send.dto.ts": {"path":"/Users/thiagoramalho/Documents/Thiago/Workspace/Concepta/OpenSource/rockets-sdk/packages/rockets-server/src/dto/rockets-server-otp-send.dto.ts","statementMap":{"0":{"start":{"line":1,"column":0},"end":{"line":1,"column":46}},"1":{"start":{"line":2,"column":0},"end":{"line":2,"column":54}},"2":{"start":{"line":5,"column":2},"end":{"line":11,"column":null}},"3":{"start":{"line":4,"column":0},"end":{"line":4,"column":13}}},"fnMap":{},"branchMap":{},"s":{"0":1,"1":1,"2":1,"3":1},"f":{},"b":{}}
,"/Users/thiagoramalho/Documents/Thiago/Workspace/Concepta/OpenSource/rockets-sdk/packages/rockets-server/src/dto/auth/rockets-server-jwt-response.dto.ts": {"path":"/Users/thiagoramalho/Documents/Thiago/Workspace/Concepta/OpenSource/rockets-sdk/packages/rockets-server/src/dto/auth/rockets-server-jwt-response.dto.ts","statementMap":{"0":{"start":{"line":1,"column":0},"end":{"line":1,"column":79}},"1":{"start":{"line":8,"column":0},"end":{"line":8,"column":13}}},"fnMap":{},"branchMap":{},"s":{"0":1,"1":1},"f":{},"b":{}}
,"/Users/thiagoramalho/Documents/Thiago/Workspace/Concepta/OpenSource/rockets-sdk/packages/rockets-server/src/dto/auth/rockets-server-login.dto.ts": {"path":"/Users/thiagoramalho/Documents/Thiago/Workspace/Concepta/OpenSource/rockets-sdk/packages/rockets-server/src/dto/auth/rockets-server-login.dto.ts","statementMap":{"0":{"start":{"line":1,"column":0},"end":{"line":1,"column":64}},"1":{"start":{"line":8,"column":0},"end":{"line":8,"column":13}}},"fnMap":{},"branchMap":{},"s":{"0":1,"1":1},"f":{},"b":{}}
,"/Users/thiagoramalho/Documents/Thiago/Workspace/Concepta/OpenSource/rockets-sdk/packages/rockets-server/src/dto/auth/rockets-server-recover-login.dto.ts": {"path":"/Users/thiagoramalho/Documents/Thiago/Workspace/Concepta/OpenSource/rockets-sdk/packages/rockets-server/src/dto/auth/rockets-server-recover-login.dto.ts","statementMap":{"0":{"start":{"line":1,"column":0},"end":{"line":1,"column":77}},"1":{"start":{"line":8,"column":0},"end":{"line":8,"column":13}}},"fnMap":{},"branchMap":{},"s":{"0":1,"1":1},"f":{},"b":{}}
,"/Users/thiagoramalho/Documents/Thiago/Workspace/Concepta/OpenSource/rockets-sdk/packages/rockets-server/src/dto/auth/rockets-server-recover-password.dto.ts": {"path":"/Users/thiagoramalho/Documents/Thiago/Workspace/Concepta/OpenSource/rockets-sdk/packages/rockets-server/src/dto/auth/rockets-server-recover-password.dto.ts","statementMap":{"0":{"start":{"line":1,"column":0},"end":{"line":1,"column":80}},"1":{"start":{"line":8,"column":0},"end":{"line":8,"column":13}}},"fnMap":{},"branchMap":{},"s":{"0":1,"1":1},"f":{},"b":{}}
,"/Users/thiagoramalho/Documents/Thiago/Workspace/Concepta/OpenSource/rockets-sdk/packages/rockets-server/src/dto/auth/rockets-server-refresh.dto.ts": {"path":"/Users/thiagoramalho/Documents/Thiago/Workspace/Concepta/OpenSource/rockets-sdk/packages/rockets-server/src/dto/auth/rockets-server-refresh.dto.ts","statementMap":{"0":{"start":{"line":1,"column":0},"end":{"line":1,"column":63}},"1":{"start":{"line":8,"column":0},"end":{"line":8,"column":13}}},"fnMap":{},"branchMap":{},"s":{"0":1,"1":1},"f":{},"b":{}}
,"/Users/thiagoramalho/Documents/Thiago/Workspace/Concepta/OpenSource/rockets-sdk/packages/rockets-server/src/dto/auth/rockets-server-update-password.dto.ts": {"path":"/Users/thiagoramalho/Documents/Thiago/Workspace/Concepta/OpenSource/rockets-sdk/packages/rockets-server/src/dto/auth/rockets-server-update-password.dto.ts","statementMap":{"0":{"start":{"line":1,"column":0},"end":{"line":1,"column":79}},"1":{"start":{"line":2,"column":0},"end":{"line":2,"column":46}},"2":{"start":{"line":3,"column":0},"end":{"line":3,"column":55}},"3":{"start":{"line":21,"column":2},"end":{"line":21,"column":16}},"4":{"start":{"line":14,"column":2},"end":{"line":21,"column":null}},"5":{"start":{"line":10,"column":0},"end":{"line":10,"column":13}}},"fnMap":{"0":{"name":"(anonymous_2)","decl":{"start":{"line":10,"column":0},"end":{"line":10,"column":13}},"loc":{"start":{"line":10,"column":0},"end":{"line":27,"column":1}}}},"branchMap":{},"s":{"0":1,"1":1,"2":1,"3":0,"4":1,"5":1},"f":{"0":0},"b":{}}
,"/Users/thiagoramalho/Documents/Thiago/Workspace/Concepta/OpenSource/rockets-sdk/packages/rockets-server/src/dto/user/rockets-server-user-create.dto.ts": {"path":"/Users/thiagoramalho/Documents/Thiago/Workspace/Concepta/OpenSource/rockets-sdk/packages/rockets-server/src/dto/user/rockets-server-user-create.dto.ts","statementMap":{"0":{"start":{"line":1,"column":0},"end":{"line":1,"column":71}},"1":{"start":{"line":2,"column":0},"end":{"line":2,"column":51}},"2":{"start":{"line":9,"column":0},"end":{"line":9,"column":13}}},"fnMap":{},"branchMap":{},"s":{"0":1,"1":1,"2":1},"f":{},"b":{}}
,"/Users/thiagoramalho/Documents/Thiago/Workspace/Concepta/OpenSource/rockets-sdk/packages/rockets-server/src/dto/user/rockets-server-user-update.dto.ts": {"path":"/Users/thiagoramalho/Documents/Thiago/Workspace/Concepta/OpenSource/rockets-sdk/packages/rockets-server/src/dto/user/rockets-server-user-update.dto.ts","statementMap":{"0":{"start":{"line":1,"column":0},"end":{"line":1,"column":54}},"1":{"start":{"line":8,"column":0},"end":{"line":8,"column":13}}},"fnMap":{},"branchMap":{},"s":{"0":1,"1":1},"f":{},"b":{}}
,"/Users/thiagoramalho/Documents/Thiago/Workspace/Concepta/OpenSource/rockets-sdk/packages/rockets-server/src/dto/user/rockets-server-user.dto.ts": {"path":"/Users/thiagoramalho/Documents/Thiago/Workspace/Concepta/OpenSource/rockets-sdk/packages/rockets-server/src/dto/user/rockets-server-user.dto.ts","statementMap":{"0":{"start":{"line":1,"column":0},"end":{"line":1,"column":48}},"1":{"start":{"line":8,"column":0},"end":{"line":8,"column":13}}},"fnMap":{},"branchMap":{},"s":{"0":1,"1":1},"f":{},"b":{}}
,"/Users/thiagoramalho/Documents/Thiago/Workspace/Concepta/OpenSource/rockets-sdk/packages/rockets-server/src/services/rockets-server-notification.service.ts": {"path":"/Users/thiagoramalho/Documents/Thiago/Workspace/Concepta/OpenSource/rockets-sdk/packages/rockets-server/src/services/rockets-server-notification.service.ts","statementMap":{"0":{"start":{"line":1,"column":0},"end":{"line":1,"column":52}},"1":{"start":{"line":3,"column":0},"end":{"line":3,"column":54}},"2":{"start":{"line":5,"column":0},"end":{"line":5,"column":99}},"3":{"start":{"line":14,"column":7},"end":{"line":40,"column":null}},"4":{"start":{"line":19,"column":21},"end":{"line":19,"column":61}},"5":{"start":{"line":21,"column":21},"end":{"line":21,"column":53}},"6":{"start":{"line":25,"column":32},"end":{"line":25,"column":38}},"7":{"start":{"line":26,"column":34},"end":{"line":26,"column":71}},"8":{"start":{"line":27,"column":30},"end":{"line":27,"column":49}},"9":{"start":{"line":29,"column":4},"end":{"line":38,"column":7}},"10":{"start":{"line":14,"column":13},"end":{"line":40,"column":null}},"11":{"start":{"line":14,"column":13},"end":{"line":14,"column":45}}},"fnMap":{"0":{"name":"(anonymous_4)","decl":{"start":{"line":17,"column":2},"end":{"line":17,"column":null}},"loc":{"start":{"line":21,"column":53},"end":{"line":22,"column":6}}},"1":{"name":"(anonymous_5)","decl":{"start":{"line":24,"column":2},"end":{"line":24,"column":7}},"loc":{"start":{"line":24,"column":56},"end":{"line":39,"column":3}}}},"branchMap":{},"s":{"0":1,"1":1,"2":1,"3":1,"4":4,"5":4,"6":0,"7":0,"8":0,"9":0,"10":1,"11":1},"f":{"0":4,"1":0},"b":{}}
,"/Users/thiagoramalho/Documents/Thiago/Workspace/Concepta/OpenSource/rockets-sdk/packages/rockets-server/src/services/rockets-server-otp.service.ts": {"path":"/Users/thiagoramalho/Documents/Thiago/Workspace/Concepta/OpenSource/rockets-sdk/packages/rockets-server/src/services/rockets-server-otp.service.ts","statementMap":{"0":{"start":{"line":2,"column":0},"end":{"line":2,"column":64}},"1":{"start":{"line":3,"column":0},"end":{"line":3,"column":52}},"2":{"start":{"line":5,"column":0},"end":{"line":5,"column":null}},"3":{"start":{"line":13,"column":0},"end":{"line":13,"column":89}},"4":{"start":{"line":16,"column":7},"end":{"line":82,"column":null}},"5":{"start":{"line":21,"column":21},"end":{"line":21,"column":61}},"6":{"start":{"line":23,"column":21},"end":{"line":23,"column":77}},"7":{"start":{"line":24,"column":21},"end":{"line":24,"column":33}},"8":{"start":{"line":26,"column":21},"end":{"line":26,"column":89}},"9":{"start":{"line":31,"column":17},"end":{"line":31,"column":59}},"10":{"start":{"line":32,"column":48},"end":{"line":32,"column":65}},"11":{"start":{"line":33,"column":4},"end":{"line":50,"column":null}},"12":{"start":{"line":35,"column":18},"end":{"line":43,"column":8}},"13":{"start":{"line":46,"column":6},"end":{"line":49,"column":9}},"14":{"start":{"line":58,"column":37},"end":{"line":58,"column":54}},"15":{"start":{"line":60,"column":17},"end":{"line":60,"column":59}},"16":{"start":{"line":62,"column":4},"end":{"line":64,"column":null}},"17":{"start":{"line":63,"column":6},"end":{"line":63,"column":31}},"18":{"start":{"line":67,"column":20},"end":{"line":73,"column":null}},"19":{"start":{"line":76,"column":4},"end":{"line":78,"column":null}},"20":{"start":{"line":77,"column":6},"end":{"line":77,"column":31}},"21":{"start":{"line":80,"column":4},"end":{"line":80,"column":16}},"22":{"start":{"line":16,"column":13},"end":{"line":82,"column":null}},"23":{"start":{"line":16,"column":13},"end":{"line":16,"column":36}}},"fnMap":{"0":{"name":"(anonymous_4)","decl":{"start":{"line":19,"column":2},"end":{"line":19,"column":null}},"loc":{"start":{"line":26,"column":89},"end":{"line":27,"column":6}}},"1":{"name":"(anonymous_5)","decl":{"start":{"line":29,"column":2},"end":{"line":29,"column":7}},"loc":{"start":{"line":29,"column":29},"end":{"line":52,"column":3}}},"2":{"name":"(anonymous_6)","decl":{"start":{"line":54,"column":2},"end":{"line":54,"column":7}},"loc":{"start":{"line":56,"column":20},"end":{"line":81,"column":3}}}},"branchMap":{"0":{"loc":{"start":{"line":33,"column":4},"end":{"line":50,"column":null}},"type":"if","locations":[{"start":{"line":33,"column":4},"end":{"line":50,"column":null}}]},"1":{"loc":{"start":{"line":62,"column":4},"end":{"line":64,"column":null}},"type":"if","locations":[{"start":{"line":62,"column":4},"end":{"line":64,"column":null}}]},"2":{"loc":{"start":{"line":76,"column":4},"end":{"line":78,"column":null}},"type":"if","locations":[{"start":{"line":76,"column":4},"end":{"line":78,"column":null}}]}},"s":{"0":1,"1":1,"2":1,"3":1,"4":1,"5":4,"6":4,"7":4,"8":4,"9":0,"10":0,"11":0,"12":0,"13":0,"14":0,"15":0,"16":0,"17":0,"18":0,"19":0,"20":0,"21":0,"22":1,"23":1},"f":{"0":4,"1":0,"2":0},"b":{"0":[0],"1":[0],"2":[0]}}
}
