TN:
SF:packages/rockets-server/src/generate-swagger.ts
FN:34,(anonymous_7)
FN:44,(anonymous_8)
FN:55,(anonymous_9)
FN:65,(anonymous_10)
FN:75,(anonymous_11)
FN:85,(anonymous_12)
FN:96,(anonymous_13)
FN:106,(anonymous_14)
FN:121,generateSwaggerJson
FN:129,(anonymous_16)
FN:178,(anonymous_17)
FNF:11
FNH:0
FNDA:0,(anonymous_7)
FNDA:0,(anonymous_8)
FNDA:0,(anonymous_9)
FNDA:0,(anonymous_10)
FNDA:0,(anonymous_11)
FNDA:0,(anonymous_12)
FNDA:0,(anonymous_13)
FNDA:0,(anonymous_14)
FNDA:0,generateSwaggerJson
FNDA:0,(anonymous_16)
FNDA:0,(anonymous_17)
DA:1,0
DA:2,0
DA:3,0
DA:4,0
DA:5,0
DA:6,0
DA:7,0
DA:8,0
DA:18,0
DA:21,0
DA:27,0
DA:35,0
DA:45,0
DA:56,0
DA:66,0
DA:76,0
DA:86,0
DA:97,0
DA:107,0
DA:122,0
DA:123,0
DA:130,0
DA:178,0
DA:185,0
DA:188,0
DA:193,0
DA:201,0
DA:204,0
DA:205,0
DA:206,0
DA:210,0
DA:216,0
DA:222,0
DA:223,0
DA:224,0
DA:226,0
DA:231,0
DA:232,0
DA:236,0
LF:39
LH:0
BRDA:205,0,0,0
BRDA:223,1,0,0
BRDA:223,2,0,0
BRDA:223,2,1,0
BRDA:231,3,0,0
BRF:5
BRH:0
end_of_record
TN:
SF:packages/rockets-server/src/index.ts
FN:2,(anonymous_0)
FN:5,(anonymous_1)
FN:8,(anonymous_2)
FN:11,(anonymous_3)
FN:14,(anonymous_4)
FNF:5
FNH:0
FNDA:0,(anonymous_0)
FNDA:0,(anonymous_1)
FNDA:0,(anonymous_2)
FNDA:0,(anonymous_3)
FNDA:0,(anonymous_4)
DA:2,0
DA:5,0
DA:8,0
DA:11,0
DA:14,0
LF:5
LH:0
BRF:0
BRH:0
end_of_record
TN:
SF:packages/rockets-server/src/rockets-server.constants.ts
FNF:0
FNH:0
DA:1,5
DA:4,5
DA:7,5
DA:10,5
DA:13,5
DA:15,5
DA:18,5
DA:22,5
LF:8
LH:8
BRF:0
BRH:0
end_of_record
TN:
SF:packages/rockets-server/src/rockets-server.module-definition.ts
FN:93,definitionTransform
FN:116,createRocketsServerControllers
FN:132,createRocketsServerSettingsProvider
FN:149,createRocketsServerImports
FN:165,(anonymous_4)
FN:174,(anonymous_5)
FN:191,(anonymous_6)
FN:211,(anonymous_7)
FN:231,(anonymous_8)
FN:247,(anonymous_9)
FN:261,(anonymous_10)
FN:272,(anonymous_11)
FN:285,(anonymous_12)
FN:293,(anonymous_13)
FN:314,(anonymous_14)
FN:343,(anonymous_15)
FN:371,(anonymous_16)
FN:393,(anonymous_17)
FN:403,(anonymous_18)
FN:424,(anonymous_19)
FN:433,(anonymous_20)
FN:447,createRocketsServerExports
FN:469,createRocketsServerProviders
FN:477,(anonymous_23)
FNF:24
FNH:24
FNDA:4,definitionTransform
FNDA:10,createRocketsServerControllers
FNDA:22,createRocketsServerSettingsProvider
FNDA:79,createRocketsServerImports
FNDA:6,(anonymous_4)
FNDA:4,(anonymous_5)
FNDA:4,(anonymous_6)
FNDA:4,(anonymous_7)
FNDA:4,(anonymous_8)
FNDA:4,(anonymous_9)
FNDA:4,(anonymous_10)
FNDA:4,(anonymous_11)
FNDA:4,(anonymous_12)
FNDA:4,(anonymous_13)
FNDA:4,(anonymous_14)
FNDA:4,(anonymous_15)
FNDA:4,(anonymous_16)
FNDA:4,(anonymous_17)
FNDA:4,(anonymous_18)
FNDA:4,(anonymous_19)
FNDA:4,(anonymous_20)
FNDA:9,createRocketsServerExports
FNDA:13,createRocketsServerProviders
FNDA:5,(anonymous_23)
DA:1,2
DA:3,2
DA:5,2
DA:7,2
DA:9,2
DA:11,2
DA:13,2
DA:15,2
DA:17,2
DA:18,2
DA:19,2
DA:24,2
DA:26,2
DA:28,2
DA:29,2
DA:30,2
DA:31,2
DA:32,2
DA:33,2
DA:34,2
DA:39,2
DA:44,2
DA:45,2
DA:46,2
DA:47,2
DA:48,2
DA:49,2
DA:50,2
DA:51,2
DA:52,2
DA:56,2
DA:60,2
DA:61,2
DA:62,2
DA:64,2
DA:66,2
DA:97,4
DA:98,4
DA:106,4
DA:116,2
DA:119,10
DA:132,2
DA:135,22
DA:149,2
DA:154,79
DA:160,79
DA:166,6
DA:175,4
DA:194,4
DA:215,4
DA:235,4
DA:250,4
DA:264,4
DA:275,4
DA:286,4
DA:297,4
DA:318,4
DA:350,4
DA:377,4
DA:394,4
DA:404,4
DA:425,4
DA:434,4
DA:447,2
DA:450,9
DA:469,2
DA:472,13
DA:481,5
LF:68
LH:68
BRDA:97,0,0,2
BRDA:97,1,0,0
BRDA:97,2,0,4
BRDA:119,3,0,4
BRDA:119,3,1,6
BRDA:119,4,0,0
BRDA:119,4,1,10
BRDA:119,5,0,10
BRDA:119,5,1,10
BRDA:161,6,0,79
BRDA:161,6,1,0
BRDA:167,7,0,6
BRDA:167,7,1,0
BRDA:167,8,0,6
BRDA:167,8,1,6
BRDA:168,9,0,6
BRDA:168,9,1,0
BRDA:168,10,0,6
BRDA:168,10,1,6
BRDA:177,11,0,4
BRDA:177,11,1,4
BRDA:177,12,0,4
BRDA:177,12,1,0
BRDA:177,13,0,4
BRDA:177,13,1,4
BRDA:178,14,0,0
BRDA:178,14,1,4
BRDA:178,15,0,4
BRDA:178,15,1,4
BRDA:180,16,0,4
BRDA:180,16,1,4
BRDA:180,17,0,4
BRDA:180,17,1,0
BRDA:180,18,0,4
BRDA:180,18,1,4
BRDA:181,19,0,0
BRDA:181,19,1,4
BRDA:181,20,0,4
BRDA:181,20,1,4
BRDA:183,21,0,4
BRDA:183,21,1,4
BRDA:183,22,0,4
BRDA:183,22,1,0
BRDA:183,23,0,4
BRDA:183,23,1,4
BRDA:184,24,0,0
BRDA:184,24,1,4
BRDA:184,25,0,4
BRDA:184,25,1,4
BRDA:185,26,0,4
BRDA:185,26,1,0
BRDA:185,27,0,4
BRDA:185,27,1,4
BRDA:196,28,0,4
BRDA:196,28,1,4
BRDA:196,29,0,0
BRDA:196,29,1,4
BRDA:196,30,0,4
BRDA:196,30,1,4
BRDA:197,31,0,0
BRDA:197,31,1,4
BRDA:197,32,0,4
BRDA:197,32,1,4
BRDA:199,33,0,4
BRDA:199,33,1,4
BRDA:199,34,0,0
BRDA:199,34,1,4
BRDA:199,35,0,4
BRDA:199,35,1,4
BRDA:200,36,0,0
BRDA:200,36,1,4
BRDA:200,37,0,4
BRDA:200,37,1,4
BRDA:201,38,0,0
BRDA:201,38,1,4
BRDA:201,39,0,4
BRDA:201,39,1,4
BRDA:202,40,0,0
BRDA:202,40,1,4
BRDA:202,41,0,4
BRDA:202,41,1,4
BRDA:204,42,0,0
BRDA:204,42,1,4
BRDA:204,43,0,4
BRDA:204,43,1,4
BRDA:205,44,0,0
BRDA:205,44,1,4
BRDA:205,45,0,4
BRDA:205,45,1,4
BRDA:216,46,0,4
BRDA:216,46,1,0
BRDA:216,47,0,4
BRDA:216,47,1,4
BRDA:218,48,0,4
BRDA:218,48,1,4
BRDA:218,49,0,4
BRDA:218,49,1,0
BRDA:218,50,0,4
BRDA:218,50,1,4
BRDA:219,51,0,0
BRDA:219,51,1,4
BRDA:219,52,0,4
BRDA:219,52,1,4
BRDA:221,53,0,4
BRDA:221,53,1,4
BRDA:221,53,2,2
BRDA:221,54,0,4
BRDA:221,54,1,0
BRDA:221,55,0,4
BRDA:221,55,1,4
BRDA:222,56,0,0
BRDA:222,56,1,4
BRDA:222,57,0,4
BRDA:222,57,1,4
BRDA:224,58,0,4
BRDA:224,58,1,0
BRDA:224,59,0,4
BRDA:224,59,1,4
BRDA:230,60,0,79
BRDA:230,60,1,2
BRDA:230,61,0,2
BRDA:230,61,1,77
BRDA:230,62,0,79
BRDA:230,62,1,79
BRDA:230,63,0,0
BRDA:230,63,1,79
BRDA:230,64,0,79
BRDA:230,64,1,79
BRDA:237,65,0,4
BRDA:237,65,1,3
BRDA:237,65,2,2
BRDA:237,66,0,1
BRDA:237,66,1,3
BRDA:237,67,0,4
BRDA:237,67,1,4
BRDA:238,68,0,0
BRDA:238,68,1,3
BRDA:238,69,0,3
BRDA:238,69,1,3
BRDA:240,70,0,1
BRDA:240,70,1,3
BRDA:240,71,0,4
BRDA:240,71,1,4
BRDA:251,72,0,4
BRDA:251,72,1,4
BRDA:251,73,0,4
BRDA:251,73,1,0
BRDA:251,74,0,4
BRDA:251,74,1,4
BRDA:251,75,0,0
BRDA:251,75,1,4
BRDA:251,76,0,4
BRDA:251,76,1,4
BRDA:252,77,0,4
BRDA:252,77,1,0
BRDA:252,78,0,4
BRDA:252,78,1,4
BRDA:253,79,0,4
BRDA:253,79,1,4
BRDA:253,80,0,4
BRDA:253,80,1,0
BRDA:253,81,0,4
BRDA:253,81,1,4
BRDA:253,82,0,0
BRDA:253,82,1,4
BRDA:253,83,0,4
BRDA:253,83,1,4
BRDA:255,84,0,4
BRDA:255,84,1,0
BRDA:255,85,0,4
BRDA:255,85,1,4
BRDA:265,86,0,4
BRDA:265,86,1,4
BRDA:265,87,0,4
BRDA:265,87,1,0
BRDA:265,88,0,4
BRDA:265,88,1,4
BRDA:265,89,0,0
BRDA:265,89,1,4
BRDA:265,90,0,4
BRDA:265,90,1,4
BRDA:266,91,0,4
BRDA:266,91,1,0
BRDA:266,92,0,4
BRDA:266,92,1,4
BRDA:276,93,0,4
BRDA:276,93,1,4
BRDA:276,94,0,4
BRDA:276,94,1,0
BRDA:276,95,0,4
BRDA:276,95,1,4
BRDA:276,96,0,0
BRDA:276,96,1,4
BRDA:276,97,0,4
BRDA:276,97,1,4
BRDA:277,98,0,4
BRDA:277,98,1,0
BRDA:277,99,0,4
BRDA:277,99,1,4
BRDA:284,100,0,79
BRDA:284,100,1,5
BRDA:284,101,0,5
BRDA:284,101,1,74
BRDA:284,102,0,79
BRDA:284,102,1,79
BRDA:284,103,0,0
BRDA:284,103,1,79
BRDA:284,104,0,79
BRDA:284,104,1,79
BRDA:287,105,0,4
BRDA:287,105,1,0
BRDA:287,106,0,4
BRDA:287,106,1,4
BRDA:299,107,0,4
BRDA:299,107,1,4
BRDA:299,108,0,4
BRDA:299,108,1,0
BRDA:299,109,0,4
BRDA:299,109,1,4
BRDA:300,110,0,0
BRDA:300,110,1,4
BRDA:300,111,0,4
BRDA:300,111,1,4
BRDA:302,112,0,4
BRDA:302,112,1,4
BRDA:302,113,0,4
BRDA:302,113,1,0
BRDA:302,114,0,4
BRDA:302,114,1,4
BRDA:303,115,0,0
BRDA:303,115,1,4
BRDA:303,116,0,4
BRDA:303,116,1,4
BRDA:305,117,0,4
BRDA:305,117,1,4
BRDA:305,117,2,2
BRDA:305,118,0,4
BRDA:305,118,1,0
BRDA:305,119,0,4
BRDA:305,119,1,4
BRDA:306,120,0,0
BRDA:306,120,1,4
BRDA:306,121,0,4
BRDA:306,121,1,4
BRDA:308,122,0,4
BRDA:308,122,1,0
BRDA:308,123,0,4
BRDA:308,123,1,4
BRDA:320,124,0,4
BRDA:320,124,1,0
BRDA:320,125,0,4
BRDA:320,125,1,4
BRDA:322,126,0,4
BRDA:322,126,1,4
BRDA:322,127,0,4
BRDA:322,127,1,0
BRDA:322,128,0,4
BRDA:322,128,1,4
BRDA:323,129,0,0
BRDA:323,129,1,4
BRDA:323,130,0,4
BRDA:323,130,1,4
BRDA:325,131,0,4
BRDA:325,131,1,4
BRDA:325,132,0,4
BRDA:325,132,1,0
BRDA:325,133,0,4
BRDA:325,133,1,4
BRDA:326,134,0,0
BRDA:326,134,1,4
BRDA:326,135,0,4
BRDA:326,135,1,4
BRDA:328,136,0,4
BRDA:328,136,1,4
BRDA:328,136,2,2
BRDA:328,137,0,4
BRDA:328,137,1,0
BRDA:328,138,0,4
BRDA:328,138,1,4
BRDA:329,139,0,0
BRDA:329,139,1,4
BRDA:329,140,0,4
BRDA:329,140,1,4
BRDA:331,141,0,4
BRDA:331,141,1,0
BRDA:331,142,0,4
BRDA:331,142,1,4
BRDA:355,143,0,4
BRDA:355,143,1,4
BRDA:355,143,2,2
BRDA:355,144,0,4
BRDA:355,144,1,0
BRDA:355,145,0,4
BRDA:355,145,1,4
BRDA:356,146,0,0
BRDA:356,146,1,4
BRDA:356,147,0,4
BRDA:356,147,1,4
BRDA:359,148,0,4
BRDA:359,148,1,4
BRDA:359,148,2,4
BRDA:359,149,0,4
BRDA:359,149,1,0
BRDA:359,150,0,4
BRDA:359,150,1,4
BRDA:360,151,0,0
BRDA:360,151,1,4
BRDA:360,152,0,4
BRDA:360,152,1,4
BRDA:363,153,0,4
BRDA:363,153,1,4
BRDA:363,154,0,4
BRDA:363,154,1,0
BRDA:363,155,0,4
BRDA:363,155,1,4
BRDA:364,156,0,0
BRDA:364,156,1,4
BRDA:364,157,0,4
BRDA:364,157,1,4
BRDA:365,158,0,4
BRDA:365,158,1,0
BRDA:365,159,0,4
BRDA:365,159,1,4
BRDA:381,160,0,4
BRDA:381,160,1,4
BRDA:381,160,2,2
BRDA:381,161,0,4
BRDA:381,161,1,0
BRDA:381,162,0,4
BRDA:381,162,1,4
BRDA:382,163,0,0
BRDA:382,163,1,4
BRDA:382,164,0,4
BRDA:382,164,1,4
BRDA:385,165,0,4
BRDA:385,165,1,4
BRDA:385,166,0,4
BRDA:385,166,1,0
BRDA:385,167,0,4
BRDA:385,167,1,4
BRDA:386,168,0,0
BRDA:386,168,1,4
BRDA:386,169,0,4
BRDA:386,169,1,4
BRDA:387,170,0,4
BRDA:387,170,1,0
BRDA:387,171,0,4
BRDA:387,171,1,4
BRDA:395,172,0,4
BRDA:395,172,1,0
BRDA:395,173,0,4
BRDA:395,173,1,4
BRDA:402,174,0,79
BRDA:402,174,1,2
BRDA:402,175,0,2
BRDA:402,175,1,77
BRDA:402,176,0,79
BRDA:402,176,1,79
BRDA:402,177,0,0
BRDA:402,177,1,79
BRDA:402,178,0,79
BRDA:402,178,1,79
BRDA:405,179,0,2
BRDA:405,179,1,2
BRDA:405,180,0,4
BRDA:405,180,1,4
BRDA:407,181,0,4
BRDA:407,181,1,4
BRDA:407,182,0,2
BRDA:407,182,1,2
BRDA:407,183,0,4
BRDA:407,183,1,4
BRDA:408,184,0,0
BRDA:408,184,1,4
BRDA:408,185,0,4
BRDA:408,185,1,4
BRDA:410,186,0,4
BRDA:410,186,1,4
BRDA:410,187,0,2
BRDA:410,187,1,2
BRDA:410,188,0,4
BRDA:410,188,1,4
BRDA:411,189,0,0
BRDA:411,189,1,4
BRDA:411,190,0,4
BRDA:411,190,1,4
BRDA:413,191,0,4
BRDA:413,191,1,4
BRDA:413,192,0,2
BRDA:413,192,1,2
BRDA:413,193,0,4
BRDA:413,193,1,4
BRDA:414,194,0,0
BRDA:414,194,1,4
BRDA:414,195,0,4
BRDA:414,195,1,4
BRDA:416,196,0,4
BRDA:416,196,1,4
BRDA:416,197,0,2
BRDA:416,197,1,2
BRDA:416,198,0,4
BRDA:416,198,1,4
BRDA:417,199,0,0
BRDA:417,199,1,4
BRDA:417,200,0,4
BRDA:417,200,1,4
BRDA:422,201,0,79
BRDA:422,201,1,2
BRDA:422,202,0,2
BRDA:422,202,1,77
BRDA:422,203,0,79
BRDA:422,203,1,79
BRDA:422,204,0,0
BRDA:422,204,1,79
BRDA:422,205,0,79
BRDA:422,205,1,79
BRDA:426,206,0,2
BRDA:426,206,1,2
BRDA:426,207,0,4
BRDA:426,207,1,4
BRDA:435,208,0,2
BRDA:435,208,1,2
BRDA:435,209,0,4
BRDA:435,209,1,4
BRDA:437,210,0,4
BRDA:437,210,1,4
BRDA:437,211,0,4
BRDA:437,211,1,0
BRDA:437,212,0,4
BRDA:437,212,1,4
BRDA:451,213,0,9
BRDA:451,213,1,1
BRDA:473,214,0,7
BRDA:473,214,1,6
BRDA:473,215,0,13
BRDA:473,215,1,13
BRDA:481,216,0,5
BRDA:481,216,1,2
BRF:438
BRH:361
end_of_record
TN:
SF:packages/rockets-server/src/rockets-server.module.ts
FN:20,(anonymous_1)
FN:24,(anonymous_2)
FNF:2
FNH:2
FNDA:2,(anonymous_1)
FNDA:2,(anonymous_2)
DA:1,1
DA:3,1
DA:19,1
DA:21,2
DA:25,2
LF:5
LH:5
BRF:0
BRH:0
end_of_record
TN:
SF:packages/rockets-server/src/rockets-server.utils.ts
FN:1,formatTokenUrl
FNF:1
FNH:0
FNDA:0,formatTokenUrl
DA:1,3
DA:2,0
LF:2
LH:1
BRF:0
BRH:0
end_of_record
TN:
SF:packages/rockets-server/src/config/rockets-server-options-default.config.ts
FN:21,(anonymous_0)
FN:73,configureAccessSecret
FN:101,configureRefreshSecret
FNF:3
FNH:3
FNDA:25,(anonymous_0)
FNDA:25,configureAccessSecret
FNDA:21,configureRefreshSecret
DA:1,3
DA:2,3
DA:3,3
DA:5,3
DA:11,3
DA:12,3
DA:19,3
DA:23,25
DA:45,25
DA:46,21
DA:48,21
DA:74,25
DA:75,0
DA:78,25
DA:80,11
DA:81,14
DA:83,4
DA:88,10
DA:94,10
DA:105,21
DA:106,0
DA:108,21
DA:109,0
DA:112,21
DA:114,8
DA:117,13
DA:122,13
LF:27
LH:24
BRDA:26,0,0,3
BRDA:26,0,1,22
BRDA:26,1,0,25
BRDA:26,1,1,25
BRDA:26,2,0,0
BRDA:26,2,1,25
BRDA:26,3,0,25
BRDA:26,3,1,25
BRDA:32,4,0,4
BRDA:32,4,1,21
BRDA:32,5,0,25
BRDA:32,5,1,25
BRDA:32,6,0,3
BRDA:32,6,1,22
BRDA:32,7,0,25
BRDA:32,7,1,25
BRDA:32,8,0,0
BRDA:32,8,1,25
BRDA:32,9,0,25
BRDA:32,9,1,25
BRDA:33,10,0,0
BRDA:33,10,1,22
BRDA:33,11,0,22
BRDA:33,11,1,22
BRDA:39,12,0,3
BRDA:39,12,1,22
BRDA:39,13,0,25
BRDA:39,13,1,25
BRDA:39,14,0,0
BRDA:39,14,1,25
BRDA:39,15,0,25
BRDA:39,15,1,25
BRDA:74,16,0,0
BRDA:78,17,0,11
BRDA:78,17,1,14
BRDA:78,18,0,0
BRDA:78,18,1,25
BRDA:78,19,0,25
BRDA:78,19,1,25
BRDA:81,20,0,4
BRDA:81,20,1,10
BRDA:81,21,0,0
BRDA:81,21,1,14
BRDA:81,22,0,14
BRDA:81,22,1,14
BRDA:105,23,0,0
BRDA:108,24,0,0
BRDA:112,25,0,8
BRDA:112,25,1,13
BRDA:112,26,0,0
BRDA:112,26,1,21
BRDA:112,27,0,21
BRDA:112,27,1,21
BRF:53
BRH:43
end_of_record
TN:
SF:packages/rockets-server/src/controllers/auth/auth-password.controller.ts
FN:32,(anonymous_4)
FN:64,(anonymous_5)
FNF:2
FNH:2
FNDA:8,(anonymous_4)
FNDA:2,(anonymous_5)
DA:1,3
DA:5,3
DA:10,3
DA:11,3
DA:18,3
DA:19,3
DA:31,3
DA:34,8
DA:64,3
DA:67,2
LF:10
LH:10
BRF:0
BRH:0
end_of_record
TN:
SF:packages/rockets-server/src/controllers/auth/auth-recovery.controller.ts
FN:37,(anonymous_4)
FN:67,(anonymous_5)
FN:98,(anonymous_6)
FN:120,(anonymous_7)
FN:153,(anonymous_8)
FNF:5
FNH:1
FNDA:4,(anonymous_4)
FNDA:0,(anonymous_5)
FNDA:0,(anonymous_6)
FNDA:0,(anonymous_7)
FNDA:0,(anonymous_8)
DA:1,2
DA:5,2
DA:6,2
DA:7,2
DA:16,2
DA:25,2
DA:26,2
DA:27,2
DA:36,2
DA:39,4
DA:67,2
DA:70,0
DA:98,2
DA:101,0
DA:120,2
DA:121,0
DA:123,0
DA:124,0
DA:153,2
DA:156,0
DA:158,0
DA:163,0
DA:165,0
LF:23
LH:14
BRDA:123,0,0,0
BRDA:163,1,0,0
BRF:2
BRH:0
end_of_record
TN:
SF:packages/rockets-server/src/controllers/auth/auth-refresh.controller.ts
FN:34,(anonymous_4)
FN:64,(anonymous_5)
FNF:2
FNH:2
FNDA:9,(anonymous_4)
FNDA:3,(anonymous_5)
DA:1,3
DA:5,3
DA:10,3
DA:11,3
DA:19,3
DA:20,3
DA:33,3
DA:36,9
DA:64,3
DA:67,3
LF:10
LH:10
BRF:0
BRH:0
end_of_record
TN:
SF:packages/rockets-server/src/controllers/auth/auth-signup.controller.ts
FN:28,(anonymous_4)
FN:66,(anonymous_5)
FNF:2
FNH:1
FNDA:4,(anonymous_4)
FNDA:0,(anonymous_5)
DA:1,2
DA:2,2
DA:6,2
DA:7,2
DA:8,2
DA:16,2
DA:17,2
DA:18,2
DA:27,2
DA:30,4
DA:32,4
DA:66,2
DA:69,0
DA:73,0
DA:78,0
LF:15
LH:12
BRF:0
BRH:0
end_of_record
TN:
SF:packages/rockets-server/src/controllers/oauth/auth-oauth.controller.ts
FN:39,(anonymous_4)
FN:87,(anonymous_5)
FN:102,(anonymous_6)
FN:117,(anonymous_7)
FNF:4
FNH:4
FNDA:14,(anonymous_4)
FNDA:1,(anonymous_5)
FNDA:2,(anonymous_6)
FNDA:3,(anonymous_7)
DA:1,3
DA:2,3
DA:7,3
DA:14,3
DA:38,3
DA:42,14
DA:49,3
DA:90,1
DA:102,3
DA:105,2
DA:117,3
DA:120,3
LF:12
LH:12
BRF:0
BRH:0
end_of_record
TN:
SF:packages/rockets-server/src/controllers/otp/rockets-server-otp.controller.ts
FN:29,(anonymous_4)
FN:59,(anonymous_5)
FN:92,(anonymous_6)
FNF:3
FNH:1
FNDA:4,(anonymous_4)
FNDA:0,(anonymous_5)
FNDA:0,(anonymous_6)
DA:1,2
DA:2,2
DA:6,2
DA:7,2
DA:15,2
DA:16,2
DA:17,2
DA:19,2
DA:28,2
DA:31,4
DA:32,4
DA:59,2
DA:60,0
DA:92,2
DA:95,0
DA:96,0
LF:16
LH:13
BRF:0
BRH:0
end_of_record
TN:
SF:packages/rockets-server/src/controllers/user/rockets-server-user.controller.ts
FN:34,(anonymous_4)
FN:56,(anonymous_5)
FN:96,(anonymous_6)
FNF:3
FNH:1
FNDA:4,(anonymous_4)
FNDA:0,(anonymous_5)
FNDA:0,(anonymous_6)
DA:1,2
DA:2,2
DA:3,2
DA:11,2
DA:21,2
DA:22,2
DA:24,2
DA:33,2
DA:36,4
DA:56,2
DA:59,0
DA:96,2
DA:100,0
LF:13
LH:11
BRF:0
BRH:0
end_of_record
TN:
SF:packages/rockets-server/src/dto/rockets-server-otp-confirm.dto.ts
FNF:0
FNH:0
DA:1,2
DA:2,2
DA:4,2
DA:5,2
DA:13,2
LF:5
LH:5
BRF:0
BRH:0
end_of_record
TN:
SF:packages/rockets-server/src/dto/rockets-server-otp-send.dto.ts
FNF:0
FNH:0
DA:1,2
DA:2,2
DA:4,2
DA:5,2
LF:4
LH:4
BRF:0
BRH:0
end_of_record
TN:
SF:packages/rockets-server/src/dto/auth/rockets-server-jwt-response.dto.ts
FNF:0
FNH:0
DA:1,4
DA:8,4
LF:2
LH:2
BRF:0
BRH:0
end_of_record
TN:
SF:packages/rockets-server/src/dto/auth/rockets-server-login.dto.ts
FNF:0
FNH:0
DA:1,3
DA:8,3
LF:2
LH:2
BRF:0
BRH:0
end_of_record
TN:
SF:packages/rockets-server/src/dto/auth/rockets-server-recover-login.dto.ts
FNF:0
FNH:0
DA:1,2
DA:8,2
LF:2
LH:2
BRF:0
BRH:0
end_of_record
TN:
SF:packages/rockets-server/src/dto/auth/rockets-server-recover-password.dto.ts
FNF:0
FNH:0
DA:1,2
DA:8,2
LF:2
LH:2
BRF:0
BRH:0
end_of_record
TN:
SF:packages/rockets-server/src/dto/auth/rockets-server-refresh.dto.ts
FNF:0
FNH:0
DA:1,3
DA:8,3
LF:2
LH:2
BRF:0
BRH:0
end_of_record
TN:
SF:packages/rockets-server/src/dto/auth/rockets-server-update-password.dto.ts
FN:10,(anonymous_2)
FNF:1
FNH:0
FNDA:0,(anonymous_2)
DA:1,2
DA:2,2
DA:3,2
DA:10,2
DA:14,2
DA:21,0
LF:6
LH:5
BRF:0
BRH:0
end_of_record
TN:
SF:packages/rockets-server/src/dto/user/rockets-server-user-create.dto.ts
FNF:0
FNH:0
DA:1,2
DA:2,2
DA:9,2
LF:3
LH:3
BRF:0
BRH:0
end_of_record
TN:
SF:packages/rockets-server/src/dto/user/rockets-server-user-update.dto.ts
FNF:0
FNH:0
DA:1,2
DA:8,2
LF:2
LH:2
BRF:0
BRH:0
end_of_record
TN:
SF:packages/rockets-server/src/dto/user/rockets-server-user.dto.ts
FNF:0
FNH:0
DA:1,2
DA:8,2
LF:2
LH:2
BRF:0
BRH:0
end_of_record
TN:
SF:packages/rockets-server/src/services/rockets-server-notification.service.ts
FN:17,(anonymous_4)
FN:24,(anonymous_5)
FNF:2
FNH:2
FNDA:13,(anonymous_4)
FNDA:6,(anonymous_5)
DA:1,4
DA:3,4
DA:5,4
DA:14,4
DA:19,13
DA:21,13
DA:25,6
DA:26,6
DA:27,6
DA:29,6
LF:10
LH:10
BRF:0
BRH:0
end_of_record
TN:
SF:packages/rockets-server/src/services/rockets-server-otp.service.ts
FN:19,(anonymous_4)
FN:29,(anonymous_5)
FN:54,(anonymous_6)
FNF:3
FNH:3
FNDA:15,(anonymous_4)
FNDA:4,(anonymous_5)
FNDA:5,(anonymous_6)
DA:2,3
DA:3,3
DA:5,3
DA:13,3
DA:16,3
DA:21,15
DA:23,15
DA:24,15
DA:26,15
DA:31,4
DA:32,4
DA:33,4
DA:35,3
DA:46,2
DA:58,5
DA:60,5
DA:62,4
DA:63,1
DA:67,3
DA:76,2
DA:77,1
DA:80,1
LF:22
LH:22
BRDA:33,0,0,3
BRDA:62,1,0,1
BRDA:76,2,0,1
BRF:3
BRH:3
end_of_record
