TN:
SF:packages/nestjs-access-control/src/access-control.context.ts
FN:7,(anonymous_0)
FN:9,(anonymous_1)
FN:18,(anonymous_2)
FN:22,(anonymous_3)
FN:28,(anonymous_4)
FN:32,(anonymous_5)
FN:36,(anonymous_6)
FN:40,(anonymous_7)
FNF:8
FNH:0
FNDA:0,(anonymous_0)
FNDA:0,(anonymous_1)
FNDA:0,(anonymous_2)
FNDA:0,(anonymous_3)
FNDA:0,(anonymous_4)
FNDA:0,(anonymous_5)
FNDA:0,(anonymous_6)
FNDA:0,(anonymous_7)
DA:6,0
DA:7,0
DA:13,0
DA:19,0
DA:23,0
DA:29,0
DA:33,0
DA:37,0
DA:41,0
LF:9
LH:0
BRDA:14,0,0,0
BRDA:14,0,1,0
BRDA:14,0,2,0
BRDA:14,0,3,0
BRDA:19,1,0,0
BRDA:19,1,1,0
BRDA:23,2,0,0
BRDA:23,2,1,0
BRDA:23,3,0,0
BRDA:23,3,1,0
BRDA:23,4,0,0
BRDA:23,4,1,0
BRF:12
BRH:0
end_of_record
TN:
SF:packages/nestjs-access-control/src/access-control.guard.ts
FN:29,(anonymous_11)
FN:38,(anonymous_12)
FN:43,(anonymous_13)
FN:93,(anonymous_14)
FN:103,(anonymous_15)
FN:155,(anonymous_16)
FNF:6
FNH:0
FNDA:0,(anonymous_11)
FNDA:0,(anonymous_12)
FNDA:0,(anonymous_13)
FNDA:0,(anonymous_14)
FNDA:0,(anonymous_15)
FNDA:0,(anonymous_16)
DA:2,0
DA:3,0
DA:10,0
DA:16,0
DA:24,0
DA:25,0
DA:28,0
DA:31,0
DA:33,0
DA:34,0
DA:35,0
DA:40,0
DA:46,0
DA:48,0
DA:54,0
DA:56,0
DA:59,0
DA:60,0
DA:61,0
DA:64,0
DA:66,0
DA:68,0
DA:74,0
DA:76,0
DA:77,0
DA:78,0
DA:84,0
DA:86,0
DA:90,0
DA:97,0
DA:99,0
DA:103,0
DA:107,0
DA:109,0
DA:112,0
DA:115,0
DA:117,0
DA:120,0
DA:123,0
DA:126,0
DA:128,0
DA:131,0
DA:133,0
DA:142,0
DA:145,0
DA:147,0
DA:152,0
DA:159,0
DA:161,0
DA:162,0
DA:164,0
LF:51
LH:0
BRDA:54,0,0,0
BRDA:54,1,0,0
BRDA:54,1,1,0
BRDA:76,2,0,0
BRDA:84,3,0,0
BRDA:107,4,0,0
BRDA:107,5,0,0
BRDA:107,5,1,0
BRDA:107,5,2,0
BRDA:115,6,0,0
BRDA:115,7,0,0
BRDA:115,7,1,0
BRDA:145,8,0,0
BRDA:161,9,0,0
BRDA:161,9,1,0
BRF:15
BRH:0
end_of_record
TN:
SF:packages/nestjs-access-control/src/access-control.module-definition.ts
FN:46,definitionTransform
FN:64,createAccessControlImports
FN:76,createAccessControlExports
FN:84,createAccessControlProviders
FN:97,createAccessControlSettingsProvider
FN:111,createAccessControlServiceProvider
FN:117,(anonymous_6)
FN:124,createAccessControlAppGuardProvider
FN:130,(anonymous_8)
FNF:9
FNH:0
FNDA:0,definitionTransform
FNDA:0,createAccessControlImports
FNDA:0,createAccessControlExports
FNDA:0,createAccessControlProviders
FNDA:0,createAccessControlSettingsProvider
FNDA:0,createAccessControlServiceProvider
FNDA:0,(anonymous_6)
FNDA:0,createAccessControlAppGuardProvider
FNDA:0,(anonymous_8)
DA:1,0
DA:2,0
DA:7,0
DA:8,0
DA:10,0
DA:16,0
DA:17,0
DA:18,0
DA:20,0
DA:22,0
DA:50,0
DA:51,0
DA:53,0
DA:64,0
DA:67,0
DA:69,0
DA:70,0
DA:72,0
DA:76,0
DA:77,0
DA:84,0
DA:88,0
DA:97,0
DA:100,0
DA:111,0
DA:114,0
DA:118,0
DA:124,0
DA:127,0
DA:135,0
DA:138,0
DA:140,0
DA:143,0
LF:33
LH:0
BRDA:50,0,0,0
BRDA:51,1,0,0
BRDA:51,2,0,0
BRDA:69,3,0,0
BRDA:69,3,1,0
BRDA:69,4,0,0
BRDA:69,4,1,0
BRDA:69,5,0,0
BRDA:69,5,1,0
BRDA:69,6,0,0
BRDA:69,6,1,0
BRDA:69,7,0,0
BRDA:69,7,1,0
BRDA:89,8,0,0
BRDA:89,8,1,0
BRDA:89,9,0,0
BRDA:89,9,1,0
BRDA:118,10,0,0
BRDA:118,10,1,0
BRDA:118,11,0,0
BRDA:118,11,1,0
BRDA:118,12,0,0
BRDA:118,12,1,0
BRDA:118,13,0,0
BRDA:118,13,1,0
BRDA:118,14,0,0
BRDA:118,14,1,0
BRDA:118,15,0,0
BRDA:118,15,1,0
BRDA:135,16,0,0
BRDA:135,16,1,0
BRDA:135,17,0,0
BRDA:135,17,1,0
BRDA:135,18,0,0
BRDA:135,18,1,0
BRDA:135,19,0,0
BRDA:135,19,1,0
BRDA:135,20,0,0
BRDA:135,20,1,0
BRDA:135,21,0,0
BRDA:135,21,1,0
BRDA:138,22,0,0
BRDA:138,22,1,0
BRDA:143,23,0,0
BRDA:143,23,1,0
BRDA:143,24,0,0
BRDA:143,24,1,0
BRF:47
BRH:0
end_of_record
TN:
SF:packages/nestjs-access-control/src/access-control.module.ts
FN:13,(anonymous_1)
FN:17,(anonymous_2)
FN:21,(anonymous_3)
FN:25,(anonymous_4)
FN:29,(anonymous_5)
FNF:5
FNH:0
FNDA:0,(anonymous_1)
FNDA:0,(anonymous_2)
FNDA:0,(anonymous_3)
FNDA:0,(anonymous_4)
FNDA:0,(anonymous_5)
DA:1,0
DA:2,0
DA:12,0
DA:14,0
DA:18,0
DA:22,0
DA:26,0
DA:30,0
LF:8
LH:0
BRF:0
BRH:0
end_of_record
TN:
SF:packages/nestjs-access-control/src/constants.ts
FNF:0
FNH:0
DA:1,0
DA:4,0
DA:7,0
DA:10,0
LF:4
LH:0
BRF:0
BRH:0
end_of_record
TN:
SF:packages/nestjs-access-control/src/index.ts
FN:3,(anonymous_4)
FN:4,(anonymous_5)
FN:15,(anonymous_6)
FN:16,(anonymous_7)
FN:28,(anonymous_8)
FNF:5
FNH:0
FNDA:0,(anonymous_4)
FNDA:0,(anonymous_5)
FNDA:0,(anonymous_6)
FNDA:0,(anonymous_7)
FNDA:0,(anonymous_8)
DA:1,0
DA:2,0
DA:3,0
DA:4,0
DA:5,0
DA:6,0
DA:7,0
DA:8,0
DA:9,0
DA:10,0
DA:11,0
DA:12,0
DA:13,0
DA:14,0
DA:15,0
DA:16,0
DA:19,0
DA:20,0
DA:21,0
DA:22,0
DA:23,0
DA:28,0
LF:22
LH:0
BRF:0
BRH:0
end_of_record
TN:
SF:packages/nestjs-access-control/src/config/acess-control-default.config.ts
FN:10,(anonymous_0)
FNF:1
FNH:0
FNDA:0,(anonymous_0)
DA:1,0
DA:3,0
DA:8,0
DA:10,0
LF:4
LH:0
BRF:0
BRH:0
end_of_record
TN:
SF:packages/nestjs-access-control/src/decorators/access-control-create-many.decorator.ts
FN:8,(anonymous_0)
FNF:1
FNH:0
FNDA:0,(anonymous_0)
DA:1,0
DA:8,0
DA:9,0
LF:3
LH:0
BRF:0
BRH:0
end_of_record
TN:
SF:packages/nestjs-access-control/src/decorators/access-control-create-one.decorator.ts
FN:11,(anonymous_0)
FNF:1
FNH:0
FNDA:0,(anonymous_0)
DA:1,0
DA:2,0
DA:11,0
DA:14,0
LF:4
LH:0
BRF:0
BRH:0
end_of_record
TN:
SF:packages/nestjs-access-control/src/decorators/access-control-delete-one.decorator.ts
FN:11,(anonymous_0)
FNF:1
FNH:0
FNDA:0,(anonymous_0)
DA:1,0
DA:3,0
DA:11,0
DA:14,0
LF:4
LH:0
BRF:0
BRH:0
end_of_record
TN:
SF:packages/nestjs-access-control/src/decorators/access-control-grant.decorator.ts
FN:11,(anonymous_0)
FNF:1
FNH:0
FNDA:0,(anonymous_0)
DA:1,0
DA:3,0
DA:11,0
DA:14,0
LF:4
LH:0
BRF:0
BRH:0
end_of_record
TN:
SF:packages/nestjs-access-control/src/decorators/access-control-query.decorator.ts
FN:11,(anonymous_0)
FNF:1
FNH:0
FNDA:0,(anonymous_0)
DA:1,0
DA:3,0
DA:11,0
DA:14,0
LF:4
LH:0
BRF:0
BRH:0
end_of_record
TN:
SF:packages/nestjs-access-control/src/decorators/access-control-read-many.decorator.ts
FN:11,(anonymous_0)
FNF:1
FNH:0
FNDA:0,(anonymous_0)
DA:2,0
DA:3,0
DA:11,0
DA:14,0
LF:4
LH:0
BRF:0
BRH:0
end_of_record
TN:
SF:packages/nestjs-access-control/src/decorators/access-control-read-one.decorator.ts
FN:11,(anonymous_0)
FNF:1
FNH:0
FNDA:0,(anonymous_0)
DA:2,0
DA:3,0
DA:11,0
DA:14,0
LF:4
LH:0
BRF:0
BRH:0
end_of_record
TN:
SF:packages/nestjs-access-control/src/decorators/access-control-recover-one.decorator.ts
FN:8,(anonymous_0)
FNF:1
FNH:0
FNDA:0,(anonymous_0)
DA:1,0
DA:8,0
DA:9,0
LF:3
LH:0
BRF:0
BRH:0
end_of_record
TN:
SF:packages/nestjs-access-control/src/decorators/access-control-replace-one.decorator.ts
FN:8,(anonymous_0)
FNF:1
FNH:0
FNDA:0,(anonymous_0)
DA:1,0
DA:8,0
DA:9,0
LF:3
LH:0
BRF:0
BRH:0
end_of_record
TN:
SF:packages/nestjs-access-control/src/decorators/access-control-update-one.decorator.ts
FN:11,(anonymous_0)
FNF:1
FNH:0
FNDA:0,(anonymous_0)
DA:2,0
DA:3,0
DA:11,0
DA:14,0
LF:4
LH:0
BRF:0
BRH:0
end_of_record
TN:
SF:packages/nestjs-access-control/src/enums/action.enum.ts
FN:1,(anonymous_0)
FNF:1
FNH:0
FNDA:0,(anonymous_0)
DA:1,0
DA:2,0
DA:3,0
DA:4,0
DA:5,0
LF:5
LH:0
BRDA:1,0,0,0
BRDA:1,0,1,0
BRF:2
BRH:0
end_of_record
TN:
SF:packages/nestjs-access-control/src/enums/possession.enum.ts
FN:1,(anonymous_0)
FNF:1
FNH:0
FNDA:0,(anonymous_0)
DA:1,0
DA:2,0
DA:3,0
LF:3
LH:0
BRDA:1,0,0,0
BRDA:1,0,1,0
BRF:2
BRH:0
end_of_record
TN:
SF:packages/nestjs-access-control/src/services/access-control.service.ts
FN:18,(anonymous_1)
FN:22,(anonymous_2)
FN:25,(anonymous_3)
FNF:3
FNH:0
FNDA:0,(anonymous_1)
FNDA:0,(anonymous_2)
FNDA:0,(anonymous_3)
DA:1,0
DA:17,0
DA:19,0
DA:20,0
DA:23,0
DA:24,0
DA:25,0
LF:7
LH:0
BRDA:24,0,0,0
BRDA:24,1,0,0
BRDA:24,1,1,0
BRF:3
BRH:0
end_of_record
TN:
SF:packages/nestjs-auth-apple/src/auth-apple.constants.ts
FNF:0
FNH:0
DA:1,0
DA:4,0
DA:6,0
DA:8,0
DA:11,0
DA:14,0
DA:16,0
DA:18,0
DA:20,0
LF:9
LH:0
BRF:0
BRH:0
end_of_record
TN:
SF:packages/nestjs-auth-apple/src/auth-apple.controller.ts
FN:36,(anonymous_4)
FN:48,(anonymous_5)
FN:58,(anonymous_6)
FNF:3
FNH:0
FNDA:0,(anonymous_4)
FNDA:0,(anonymous_5)
FNDA:0,(anonymous_6)
DA:1,0
DA:2,0
DA:7,0
DA:13,0
DA:14,0
DA:35,0
DA:38,0
DA:44,0
DA:50,0
DA:58,0
DA:61,0
LF:11
LH:0
BRF:0
BRH:0
end_of_record
TN:
SF:packages/nestjs-auth-apple/src/auth-apple.guard.ts
FNF:0
FNH:0
DA:1,0
DA:2,0
DA:3,0
DA:6,0
LF:4
LH:0
BRF:0
BRH:0
end_of_record
TN:
SF:packages/nestjs-auth-apple/src/auth-apple.module-definition.ts
FN:54,definitionTransform
FN:71,createAuthAppleImports
FN:75,createAuthAppleExports
FN:82,createAuthAppleControllers
FN:90,createAuthAppleProviders
FN:107,createAuthAppleOptionsProvider
FN:121,createAuthAppleIssueTokenServiceProvider
FN:127,(anonymous_7)
FN:137,createAuthAppleServiceProvider
FN:143,(anonymous_9)
FN:153,createAuthAppleJwtServiceProvider
FN:159,(anonymous_11)
FNF:12
FNH:0
FNDA:0,definitionTransform
FNDA:0,createAuthAppleImports
FNDA:0,createAuthAppleExports
FNDA:0,createAuthAppleControllers
FNDA:0,createAuthAppleProviders
FNDA:0,createAuthAppleOptionsProvider
FNDA:0,createAuthAppleIssueTokenServiceProvider
FNDA:0,(anonymous_7)
FNDA:0,createAuthAppleServiceProvider
FNDA:0,(anonymous_9)
FNDA:0,createAuthAppleJwtServiceProvider
FNDA:0,(anonymous_11)
DA:1,0
DA:6,0
DA:8,0
DA:9,0
DA:10,0
DA:11,0
DA:16,0
DA:25,0
DA:27,0
DA:28,0
DA:29,0
DA:32,0
DA:34,0
DA:58,0
DA:59,0
DA:61,0
DA:71,0
DA:72,0
DA:75,0
DA:76,0
DA:82,0
DA:85,0
DA:90,0
DA:94,0
DA:107,0
DA:110,0
DA:121,0
DA:124,0
DA:131,0
DA:137,0
DA:140,0
DA:147,0
DA:153,0
DA:156,0
DA:160,0
LF:35
LH:0
BRDA:58,0,0,0
BRDA:59,1,0,0
BRDA:83,2,0,0
BRDA:85,3,0,0
BRDA:85,3,1,0
BRDA:85,4,0,0
BRDA:85,4,1,0
BRDA:85,5,0,0
BRDA:85,5,1,0
BRDA:95,6,0,0
BRDA:95,6,1,0
BRDA:95,7,0,0
BRDA:95,7,1,0
BRDA:131,8,0,0
BRDA:131,8,1,0
BRDA:131,9,0,0
BRDA:131,9,1,0
BRDA:131,10,0,0
BRDA:131,10,1,0
BRDA:131,11,0,0
BRDA:131,11,1,0
BRDA:131,12,0,0
BRDA:131,12,1,0
BRDA:131,13,0,0
BRDA:131,13,1,0
BRDA:147,14,0,0
BRDA:147,14,1,0
BRDA:147,15,0,0
BRDA:147,15,1,0
BRDA:147,16,0,0
BRDA:147,16,1,0
BRDA:147,17,0,0
BRDA:147,17,1,0
BRDA:147,18,0,0
BRDA:147,18,1,0
BRDA:147,19,0,0
BRDA:147,19,1,0
BRDA:160,20,0,0
BRDA:160,20,1,0
BRDA:160,21,0,0
BRDA:160,21,1,0
BRDA:160,22,0,0
BRDA:160,22,1,0
BRDA:160,23,0,0
BRDA:160,23,1,0
BRDA:160,24,0,0
BRDA:160,24,1,0
BRDA:160,25,0,0
BRDA:160,25,1,0
BRF:49
BRH:0
end_of_record
TN:
SF:packages/nestjs-auth-apple/src/auth-apple.module.ts
FN:14,(anonymous_1)
FN:18,(anonymous_2)
FN:22,(anonymous_3)
FN:26,(anonymous_4)
FNF:4
FNH:0
FNDA:0,(anonymous_1)
FNDA:0,(anonymous_2)
FNDA:0,(anonymous_3)
FNDA:0,(anonymous_4)
DA:1,0
DA:3,0
DA:13,0
DA:15,0
DA:19,0
DA:23,0
DA:27,0
LF:7
LH:0
BRF:0
BRH:0
end_of_record
TN:
SF:packages/nestjs-auth-apple/src/auth-apple.service.ts
FN:23,(anonymous_4)
FN:31,(anonymous_5)
FN:44,(anonymous_6)
FN:72,(anonymous_7)
FN:82,(anonymous_8)
FN:93,(anonymous_9)
FNF:6
FNH:0
FNDA:0,(anonymous_4)
FNDA:0,(anonymous_5)
FNDA:0,(anonymous_6)
FNDA:0,(anonymous_7)
FNDA:0,(anonymous_8)
FNDA:0,(anonymous_9)
DA:1,0
DA:2,0
DA:4,0
DA:14,0
DA:15,0
DA:16,0
DA:17,0
DA:18,0
DA:19,0
DA:22,0
DA:25,0
DA:27,0
DA:35,0
DA:38,0
DA:41,0
DA:45,0
DA:47,0
DA:48,0
DA:50,0
DA:59,0
DA:62,0
DA:65,0
DA:66,0
DA:68,0
DA:73,0
DA:74,0
DA:75,0
DA:76,0
DA:78,0
DA:86,0
DA:94,0
DA:96,0
DA:97,0
DA:100,0
DA:101,0
DA:104,0
DA:105,0
DA:108,0
DA:109,0
LF:39
LH:0
BRDA:50,0,0,0
BRDA:51,1,0,0
BRDA:51,1,1,0
BRDA:51,1,2,0
BRDA:51,1,3,0
BRDA:51,1,4,0
BRDA:51,1,5,0
BRDA:51,1,6,0
BRDA:65,2,0,0
BRDA:65,2,1,0
BRDA:96,3,0,0
BRDA:100,4,0,0
BRDA:104,5,0,0
BRDA:108,6,0,0
BRF:14
BRH:0
end_of_record
TN:
SF:packages/nestjs-auth-apple/src/auth-apple.strategy.ts
FN:29,(anonymous_4)
FN:47,(anonymous_5)
FN:79,(anonymous_6)
FNF:3
FNH:0
FNDA:0,(anonymous_4)
FNDA:0,(anonymous_5)
FNDA:0,(anonymous_6)
DA:1,0
DA:2,0
DA:4,0
DA:9,0
DA:16,0
DA:17,0
DA:18,0
DA:20,0
DA:24,0
DA:31,0
DA:32,0
DA:34,0
DA:36,0
DA:53,0
DA:56,0
DA:58,0
DA:63,0
DA:66,0
DA:72,0
DA:73,0
DA:76,0
DA:82,0
DA:83,0
DA:86,0
DA:87,0
LF:25
LH:0
BRDA:37,0,0,0
BRDA:37,0,1,0
BRDA:37,1,0,0
BRDA:37,1,1,0
BRDA:38,2,0,0
BRDA:38,2,1,0
BRDA:38,3,0,0
BRDA:38,3,1,0
BRDA:39,4,0,0
BRDA:39,4,1,0
BRDA:39,5,0,0
BRDA:39,5,1,0
BRDA:40,6,0,0
BRDA:40,6,1,0
BRDA:40,7,0,0
BRDA:40,7,1,0
BRDA:41,8,0,0
BRDA:41,8,1,0
BRDA:41,9,0,0
BRDA:41,9,1,0
BRDA:42,10,0,0
BRDA:42,10,1,0
BRDA:42,11,0,0
BRDA:42,11,1,0
BRDA:43,12,0,0
BRDA:43,12,1,0
BRDA:43,13,0,0
BRDA:43,13,1,0
BRDA:58,14,0,0
BRDA:58,14,1,0
BRDA:72,15,0,0
BRDA:82,16,0,0
BRDA:82,17,0,0
BRDA:82,17,1,0
BRDA:82,18,0,0
BRDA:82,18,1,0
BRDA:86,19,0,0
BRDA:86,20,0,0
BRDA:86,20,1,0
BRDA:86,21,0,0
BRDA:86,21,1,0
BRF:41
BRH:0
end_of_record
TN:
SF:packages/nestjs-auth-apple/src/index.ts
FN:1,(anonymous_0)
FN:2,(anonymous_1)
FN:5,(anonymous_2)
FN:11,(anonymous_3)
FN:14,(anonymous_4)
FN:21,(anonymous_5)
FN:22,(anonymous_6)
FNF:7
FNH:0
FNDA:0,(anonymous_0)
FNDA:0,(anonymous_1)
FNDA:0,(anonymous_2)
FNDA:0,(anonymous_3)
FNDA:0,(anonymous_4)
FNDA:0,(anonymous_5)
FNDA:0,(anonymous_6)
DA:1,0
DA:2,0
DA:5,0
DA:11,0
DA:14,0
DA:20,0
DA:21,0
DA:22,0
LF:8
LH:0
BRF:0
BRH:0
end_of_record
TN:
SF:packages/nestjs-auth-apple/src/config/auth-apple-default.config.ts
FN:13,(anonymous_0)
FNF:1
FNH:0
FNDA:0,(anonymous_0)
DA:1,0
DA:2,0
DA:4,0
DA:5,0
DA:6,0
DA:11,0
DA:13,0
LF:7
LH:0
BRDA:18,0,0,0
BRDA:18,0,1,0
BRDA:18,1,0,0
BRDA:18,1,1,0
BRDA:19,2,0,0
BRDA:19,2,1,0
BRDA:19,3,0,0
BRDA:19,3,1,0
BRDA:20,4,0,0
BRDA:20,4,1,0
BRDA:20,5,0,0
BRDA:20,5,1,0
BRDA:21,6,0,0
BRDA:21,6,1,0
BRDA:21,7,0,0
BRDA:21,7,1,0
BRDA:22,8,0,0
BRDA:22,8,1,0
BRDA:22,9,0,0
BRDA:22,9,1,0
BRDA:24,10,0,0
BRDA:24,10,1,0
BRDA:24,11,0,0
BRDA:24,11,1,0
BRDA:27,12,0,0
BRDA:27,12,1,0
BRDA:27,13,0,0
BRDA:27,13,1,0
BRF:28
BRH:0
end_of_record
TN:
SF:packages/nestjs-auth-apple/src/dto/auth-apple-login.dto.ts
FN:7,(anonymous_2)
FNF:1
FNH:0
FNDA:0,(anonymous_2)
DA:1,0
DA:2,0
DA:3,0
DA:7,0
DA:8,0
DA:14,0
LF:6
LH:0
BRF:0
BRH:0
end_of_record
TN:
SF:packages/nestjs-auth-apple/src/exceptions/auth-apple-decode.exception.ts
FN:4,(anonymous_0)
FNF:1
FNH:0
FNDA:0,(anonymous_0)
DA:1,0
DA:3,0
DA:5,0
DA:8,0
LF:4
LH:0
BRDA:4,0,0,0
BRF:1
BRH:0
end_of_record
TN:
SF:packages/nestjs-auth-apple/src/exceptions/auth-apple-email-not-verified.exception.ts
FN:4,(anonymous_0)
FNF:1
FNH:0
FNDA:0,(anonymous_0)
DA:1,0
DA:3,0
DA:5,0
DA:8,0
LF:4
LH:0
BRDA:4,0,0,0
BRF:1
BRH:0
end_of_record
TN:
SF:packages/nestjs-auth-apple/src/exceptions/auth-apple-invalid-audience.exception.ts
FN:4,(anonymous_0)
FNF:1
FNH:0
FNDA:0,(anonymous_0)
DA:1,0
DA:3,0
DA:5,0
DA:8,0
LF:4
LH:0
BRDA:4,0,0,0
BRF:1
BRH:0
end_of_record
TN:
SF:packages/nestjs-auth-apple/src/exceptions/auth-apple-invalid-issuer.exception.ts
FN:4,(anonymous_0)
FNF:1
FNH:0
FNDA:0,(anonymous_0)
DA:1,0
DA:3,0
DA:5,0
DA:8,0
LF:4
LH:0
BRDA:4,0,0,0
BRF:1
BRH:0
end_of_record
TN:
SF:packages/nestjs-auth-apple/src/exceptions/auth-apple-missing-email.exception.ts
FN:4,(anonymous_0)
FNF:1
FNH:0
FNDA:0,(anonymous_0)
DA:1,0
DA:3,0
DA:5,0
DA:8,0
LF:4
LH:0
BRDA:4,0,0,0
BRF:1
BRH:0
end_of_record
TN:
SF:packages/nestjs-auth-apple/src/exceptions/auth-apple-missing-id.exception.ts
FN:4,(anonymous_0)
FNF:1
FNH:0
FNDA:0,(anonymous_0)
DA:1,0
DA:3,0
DA:5,0
DA:8,0
LF:4
LH:0
BRDA:4,0,0,0
BRF:1
BRH:0
end_of_record
TN:
SF:packages/nestjs-auth-apple/src/exceptions/auth-apple-public-key.exception.ts
FN:4,(anonymous_0)
FNF:1
FNH:0
FNDA:0,(anonymous_0)
DA:1,0
DA:3,0
DA:5,0
DA:8,0
LF:4
LH:0
BRDA:4,0,0,0
BRF:1
BRH:0
end_of_record
TN:
SF:packages/nestjs-auth-apple/src/exceptions/auth-apple-token-expired.exception.ts
FN:4,(anonymous_0)
FNF:1
FNH:0
FNDA:0,(anonymous_0)
DA:1,0
DA:3,0
DA:5,0
DA:8,0
LF:4
LH:0
BRDA:4,0,0,0
BRF:1
BRH:0
end_of_record
TN:
SF:packages/nestjs-auth-apple/src/utils/auth-apple-map-profile.ts
FN:4,(anonymous_0)
FNF:1
FNH:0
FNDA:0,(anonymous_0)
DA:4,0
DA:7,0
DA:12,0
LF:3
LH:0
BRDA:8,0,0,0
BRDA:8,0,1,0
BRDA:8,1,0,0
BRDA:8,1,1,0
BRDA:8,2,0,0
BRDA:8,2,1,0
BRDA:8,3,0,0
BRDA:8,3,1,0
BRDA:9,4,0,0
BRDA:9,4,1,0
BRDA:9,5,0,0
BRDA:9,5,1,0
BRF:12
BRH:0
end_of_record
TN:
SF:packages/nestjs-auth-apple/src/utils/auth-apple-scope-parser.util.ts
FN:12,authAppleScopeParser
FN:26,(anonymous_1)
FNF:2
FNH:0
FNDA:0,authAppleScopeParser
FNDA:0,(anonymous_1)
DA:12,0
DA:14,0
DA:17,0
DA:19,0
DA:23,0
DA:26,0
DA:27,0
LF:7
LH:0
BRDA:17,0,0,0
BRF:1
BRH:0
end_of_record
TN:
SF:packages/nestjs-auth-github/src/auth-github.constants.ts
FNF:0
FNH:0
DA:1,0
DA:4,0
DA:7,0
DA:10,0
LF:4
LH:0
BRF:0
BRH:0
end_of_record
TN:
SF:packages/nestjs-auth-github/src/auth-github.controller.ts
FN:37,(anonymous_4)
FN:49,(anonymous_5)
FN:60,(anonymous_6)
FNF:3
FNH:0
FNDA:0,(anonymous_4)
FNDA:0,(anonymous_5)
FNDA:0,(anonymous_6)
DA:1,0
DA:2,0
DA:7,0
DA:13,0
DA:14,0
DA:36,0
DA:39,0
DA:45,0
DA:51,0
DA:60,0
DA:63,0
LF:11
LH:0
BRF:0
BRH:0
end_of_record
TN:
SF:packages/nestjs-auth-github/src/auth-github.guard.ts
FNF:0
FNH:0
DA:1,0
DA:2,0
DA:3,0
DA:6,0
LF:4
LH:0
BRF:0
BRH:0
end_of_record
TN:
SF:packages/nestjs-auth-github/src/auth-github.module-definition.ts
FN:49,definitionTransform
FN:66,createAuthGithubImports
FN:70,createAuthGithubExports
FN:77,createAuthGithubControllers
FN:85,createAuthGithubProviders
FN:99,createAuthGithubOptionsProvider
FN:113,createAuthGithubIssueTokenServiceProvider
FN:119,(anonymous_7)
FNF:8
FNH:0
FNDA:0,definitionTransform
FNDA:0,createAuthGithubImports
FNDA:0,createAuthGithubExports
FNDA:0,createAuthGithubControllers
FNDA:0,createAuthGithubProviders
FNDA:0,createAuthGithubOptionsProvider
FNDA:0,createAuthGithubIssueTokenServiceProvider
FNDA:0,(anonymous_7)
DA:1,0
DA:6,0
DA:8,0
DA:9,0
DA:10,0
DA:15,0
DA:22,0
DA:24,0
DA:25,0
DA:27,0
DA:29,0
DA:53,0
DA:54,0
DA:56,0
DA:66,0
DA:67,0
DA:70,0
DA:71,0
DA:77,0
DA:80,0
DA:85,0
DA:89,0
DA:99,0
DA:102,0
DA:113,0
DA:116,0
DA:123,0
LF:27
LH:0
BRDA:53,0,0,0
BRDA:54,1,0,0
BRDA:78,2,0,0
BRDA:80,3,0,0
BRDA:80,3,1,0
BRDA:80,4,0,0
BRDA:80,4,1,0
BRDA:80,5,0,0
BRDA:80,5,1,0
BRDA:90,6,0,0
BRDA:90,6,1,0
BRDA:90,7,0,0
BRDA:90,7,1,0
BRDA:123,8,0,0
BRDA:123,8,1,0
BRDA:123,9,0,0
BRDA:123,9,1,0
BRDA:123,10,0,0
BRDA:123,10,1,0
BRDA:123,11,0,0
BRDA:123,11,1,0
BRDA:123,12,0,0
BRDA:123,12,1,0
BRDA:123,13,0,0
BRDA:123,13,1,0
BRF:25
BRH:0
end_of_record
TN:
SF:packages/nestjs-auth-github/src/auth-github.module.ts
FN:18,(anonymous_1)
FN:22,(anonymous_2)
FN:26,(anonymous_3)
FN:30,(anonymous_4)
FN:34,(anonymous_5)
FNF:5
FNH:0
FNDA:0,(anonymous_1)
FNDA:0,(anonymous_2)
FNDA:0,(anonymous_3)
FNDA:0,(anonymous_4)
FNDA:0,(anonymous_5)
DA:1,0
DA:3,0
DA:17,0
DA:19,0
DA:23,0
DA:27,0
DA:31,0
DA:35,0
LF:8
LH:0
BRF:0
BRH:0
end_of_record
TN:
SF:packages/nestjs-auth-github/src/auth-github.strategy.ts
FN:26,(anonymous_4)
FN:38,(anonymous_5)
FNF:2
FNH:0
FNDA:0,(anonymous_4)
FNDA:0,(anonymous_5)
DA:1,0
DA:2,0
DA:3,0
DA:5,0
DA:10,0
DA:17,0
DA:18,0
DA:19,0
DA:22,0
DA:28,0
DA:29,0
DA:31,0
DA:43,0
DA:47,0
DA:48,0
DA:51,0
DA:52,0
DA:56,0
DA:62,0
DA:63,0
DA:66,0
LF:21
LH:0
BRDA:32,0,0,0
BRDA:32,0,1,0
BRDA:32,1,0,0
BRDA:32,1,1,0
BRDA:33,2,0,0
BRDA:33,2,1,0
BRDA:33,3,0,0
BRDA:33,3,1,0
BRDA:34,4,0,0
BRDA:34,4,1,0
BRDA:34,5,0,0
BRDA:34,5,1,0
BRDA:43,6,0,0
BRDA:43,6,1,0
BRDA:47,7,0,0
BRDA:47,8,0,0
BRDA:47,8,1,0
BRDA:47,9,0,0
BRDA:47,9,1,0
BRDA:51,10,0,0
BRDA:51,11,0,0
BRDA:51,11,1,0
BRDA:51,12,0,0
BRDA:51,12,1,0
BRDA:62,13,0,0
BRF:25
BRH:0
end_of_record
TN:
SF:packages/nestjs-auth-github/src/index.ts
FN:1,(anonymous_0)
FN:2,(anonymous_1)
FN:5,(anonymous_2)
FN:11,(anonymous_3)
FN:14,(anonymous_4)
FN:21,(anonymous_5)
FN:22,(anonymous_6)
FNF:7
FNH:0
FNDA:0,(anonymous_0)
FNDA:0,(anonymous_1)
FNDA:0,(anonymous_2)
FNDA:0,(anonymous_3)
FNDA:0,(anonymous_4)
FNDA:0,(anonymous_5)
FNDA:0,(anonymous_6)
DA:1,0
DA:2,0
DA:5,0
DA:11,0
DA:14,0
DA:20,0
DA:21,0
DA:22,0
LF:8
LH:0
BRF:0
BRH:0
end_of_record
TN:
SF:packages/nestjs-auth-github/src/config/auth-github-default.config.ts
FN:12,(anonymous_0)
FNF:1
FNH:0
FNDA:0,(anonymous_0)
DA:1,0
DA:2,0
DA:4,0
DA:5,0
DA:10,0
DA:12,0
LF:6
LH:0
BRDA:17,0,0,0
BRDA:17,0,1,0
BRDA:17,1,0,0
BRDA:17,1,1,0
BRDA:18,2,0,0
BRDA:18,2,1,0
BRDA:18,3,0,0
BRDA:18,3,1,0
BRDA:19,4,0,0
BRDA:19,4,1,0
BRDA:19,5,0,0
BRDA:19,5,1,0
BRF:12
BRH:0
end_of_record
TN:
SF:packages/nestjs-auth-github/src/dto/auth-github-login.dto.ts
FN:7,(anonymous_2)
FNF:1
FNH:0
FNDA:0,(anonymous_2)
DA:1,0
DA:2,0
DA:3,0
DA:7,0
DA:8,0
DA:14,0
LF:6
LH:0
BRF:0
BRH:0
end_of_record
TN:
SF:packages/nestjs-auth-github/src/exceptions/auth-github-missing-email.exception.ts
FN:4,(anonymous_0)
FNF:1
FNH:0
FNDA:0,(anonymous_0)
DA:1,0
DA:3,0
DA:7,0
DA:10,0
LF:4
LH:0
BRDA:5,0,0,0
BRF:1
BRH:0
end_of_record
TN:
SF:packages/nestjs-auth-github/src/exceptions/auth-github-missing-id.exception.ts
FN:4,(anonymous_0)
FNF:1
FNH:0
FNDA:0,(anonymous_0)
DA:1,0
DA:3,0
DA:5,0
DA:8,0
LF:4
LH:0
BRDA:4,0,0,0
BRF:1
BRH:0
end_of_record
TN:
SF:packages/nestjs-auth-github/src/utils/auth-github-map-profile.ts
FN:4,(anonymous_0)
FNF:1
FNH:0
FNDA:0,(anonymous_0)
DA:4,0
DA:7,0
DA:9,0
DA:10,0
DA:11,0
DA:12,0
DA:15,0
DA:19,0
LF:8
LH:0
BRDA:9,0,0,0
BRDA:9,0,1,0
BRDA:11,1,0,0
BRDA:11,2,0,0
BRDA:11,2,1,0
BRDA:16,3,0,0
BRDA:16,3,1,0
BRDA:16,4,0,0
BRDA:16,4,1,0
BRDA:16,5,0,0
BRDA:16,5,1,0
BRDA:16,6,0,0
BRDA:16,6,1,0
BRF:13
BRH:0
end_of_record
TN:
SF:packages/nestjs-auth-google/src/auth-google.constants.ts
FNF:0
FNH:0
DA:1,0
DA:4,0
DA:7,0
DA:10,0
LF:4
LH:0
BRF:0
BRH:0
end_of_record
TN:
SF:packages/nestjs-auth-google/src/auth-google.controller.ts
FN:36,(anonymous_4)
FN:48,(anonymous_5)
FN:58,(anonymous_6)
FNF:3
FNH:0
FNDA:0,(anonymous_4)
FNDA:0,(anonymous_5)
FNDA:0,(anonymous_6)
DA:1,0
DA:2,0
DA:7,0
DA:13,0
DA:14,0
DA:35,0
DA:38,0
DA:44,0
DA:50,0
DA:58,0
DA:61,0
LF:11
LH:0
BRF:0
BRH:0
end_of_record
TN:
SF:packages/nestjs-auth-google/src/auth-google.guard.ts
FNF:0
FNH:0
DA:1,0
DA:2,0
DA:3,0
DA:6,0
LF:4
LH:0
BRF:0
BRH:0
end_of_record
TN:
SF:packages/nestjs-auth-google/src/auth-google.module-definition.ts
FN:49,definitionTransform
FN:66,createAuthGoogleImports
FN:70,createAuthGoogleExports
FN:77,createAuthGoogleControllers
FN:85,createAuthGoogleProviders
FN:99,createAuthGoogleOptionsProvider
FN:113,createAuthGoogleIssueTokenServiceProvider
FN:119,(anonymous_7)
FNF:8
FNH:0
FNDA:0,definitionTransform
FNDA:0,createAuthGoogleImports
FNDA:0,createAuthGoogleExports
FNDA:0,createAuthGoogleControllers
FNDA:0,createAuthGoogleProviders
FNDA:0,createAuthGoogleOptionsProvider
FNDA:0,createAuthGoogleIssueTokenServiceProvider
FNDA:0,(anonymous_7)
DA:1,0
DA:6,0
DA:8,0
DA:9,0
DA:10,0
DA:15,0
DA:22,0
DA:24,0
DA:25,0
DA:27,0
DA:29,0
DA:53,0
DA:54,0
DA:56,0
DA:66,0
DA:67,0
DA:70,0
DA:71,0
DA:77,0
DA:80,0
DA:85,0
DA:89,0
DA:99,0
DA:102,0
DA:113,0
DA:116,0
DA:123,0
LF:27
LH:0
BRDA:53,0,0,0
BRDA:54,1,0,0
BRDA:78,2,0,0
BRDA:80,3,0,0
BRDA:80,3,1,0
BRDA:80,4,0,0
BRDA:80,4,1,0
BRDA:80,5,0,0
BRDA:80,5,1,0
BRDA:90,6,0,0
BRDA:90,6,1,0
BRDA:90,7,0,0
BRDA:90,7,1,0
BRDA:123,8,0,0
BRDA:123,8,1,0
BRDA:123,9,0,0
BRDA:123,9,1,0
BRDA:123,10,0,0
BRDA:123,10,1,0
BRDA:123,11,0,0
BRDA:123,11,1,0
BRDA:123,12,0,0
BRDA:123,12,1,0
BRDA:123,13,0,0
BRDA:123,13,1,0
BRF:25
BRH:0
end_of_record
TN:
SF:packages/nestjs-auth-google/src/auth-google.module.ts
FN:14,(anonymous_1)
FN:18,(anonymous_2)
FN:22,(anonymous_3)
FN:26,(anonymous_4)
FNF:4
FNH:0
FNDA:0,(anonymous_1)
FNDA:0,(anonymous_2)
FNDA:0,(anonymous_3)
FNDA:0,(anonymous_4)
DA:1,0
DA:3,0
DA:13,0
DA:15,0
DA:19,0
DA:23,0
DA:27,0
LF:7
LH:0
BRF:0
BRH:0
end_of_record
TN:
SF:packages/nestjs-auth-google/src/auth-google.strategy.ts
FN:26,(anonymous_4)
FN:39,(anonymous_5)
FNF:2
FNH:0
FNDA:0,(anonymous_4)
FNDA:0,(anonymous_5)
DA:1,0
DA:2,0
DA:4,0
DA:9,0
DA:16,0
DA:17,0
DA:18,0
DA:19,0
DA:22,0
DA:28,0
DA:29,0
DA:31,0
DA:44,0
DA:48,0
DA:49,0
DA:52,0
DA:53,0
DA:57,0
DA:63,0
DA:64,0
DA:67,0
LF:21
LH:0
BRDA:32,0,0,0
BRDA:32,0,1,0
BRDA:32,1,0,0
BRDA:32,1,1,0
BRDA:33,2,0,0
BRDA:33,2,1,0
BRDA:33,3,0,0
BRDA:33,3,1,0
BRDA:34,4,0,0
BRDA:34,4,1,0
BRDA:34,5,0,0
BRDA:34,5,1,0
BRDA:35,6,0,0
BRDA:35,6,1,0
BRDA:35,7,0,0
BRDA:35,7,1,0
BRDA:44,8,0,0
BRDA:44,8,1,0
BRDA:48,9,0,0
BRDA:48,10,0,0
BRDA:48,10,1,0
BRDA:48,11,0,0
BRDA:48,11,1,0
BRDA:52,12,0,0
BRDA:52,13,0,0
BRDA:52,13,1,0
BRDA:52,14,0,0
BRDA:52,14,1,0
BRDA:63,15,0,0
BRF:29
BRH:0
end_of_record
TN:
SF:packages/nestjs-auth-google/src/index.ts
FN:1,(anonymous_0)
FN:2,(anonymous_1)
FN:5,(anonymous_2)
FN:11,(anonymous_3)
FN:14,(anonymous_4)
FN:21,(anonymous_5)
FN:22,(anonymous_6)
FNF:7
FNH:0
FNDA:0,(anonymous_0)
FNDA:0,(anonymous_1)
FNDA:0,(anonymous_2)
FNDA:0,(anonymous_3)
FNDA:0,(anonymous_4)
FNDA:0,(anonymous_5)
FNDA:0,(anonymous_6)
DA:1,0
DA:2,0
DA:5,0
DA:11,0
DA:14,0
DA:20,0
DA:21,0
DA:22,0
LF:8
LH:0
BRF:0
BRH:0
end_of_record
TN:
SF:packages/nestjs-auth-google/src/config/auth-google-default.config.ts
FN:13,(anonymous_0)
FNF:1
FNH:0
FNDA:0,(anonymous_0)
DA:1,0
DA:2,0
DA:4,0
DA:5,0
DA:6,0
DA:11,0
DA:13,0
LF:7
LH:0
BRDA:18,0,0,0
BRDA:18,0,1,0
BRDA:18,1,0,0
BRDA:18,1,1,0
BRDA:19,2,0,0
BRDA:19,2,1,0
BRDA:19,3,0,0
BRDA:19,3,1,0
BRDA:20,4,0,0
BRDA:20,4,1,0
BRDA:20,5,0,0
BRDA:20,5,1,0
BRDA:22,6,0,0
BRDA:22,6,1,0
BRDA:22,7,0,0
BRDA:22,7,1,0
BRF:16
BRH:0
end_of_record
TN:
SF:packages/nestjs-auth-google/src/dto/auth-google-login.dto.ts
FN:7,(anonymous_2)
FNF:1
FNH:0
FNDA:0,(anonymous_2)
DA:1,0
DA:2,0
DA:3,0
DA:7,0
DA:8,0
DA:14,0
LF:6
LH:0
BRF:0
BRH:0
end_of_record
TN:
SF:packages/nestjs-auth-google/src/exceptions/auth-google-missing-email.exception.ts
FN:4,(anonymous_0)
FNF:1
FNH:0
FNDA:0,(anonymous_0)
DA:1,0
DA:3,0
DA:7,0
DA:10,0
LF:4
LH:0
BRDA:5,0,0,0
BRF:1
BRH:0
end_of_record
TN:
SF:packages/nestjs-auth-google/src/exceptions/auth-google-missing-id.exception.ts
FN:4,(anonymous_0)
FNF:1
FNH:0
FNDA:0,(anonymous_0)
DA:1,0
DA:3,0
DA:5,0
DA:8,0
LF:4
LH:0
BRDA:4,0,0,0
BRF:1
BRH:0
end_of_record
TN:
SF:packages/nestjs-auth-google/src/utils/auth-google-map-profile.ts
FN:4,(anonymous_0)
FNF:1
FNH:0
FNDA:0,(anonymous_0)
DA:4,0
DA:7,0
DA:9,0
DA:10,0
DA:11,0
DA:12,0
DA:15,0
DA:19,0
LF:8
LH:0
BRDA:9,0,0,0
BRDA:9,0,1,0
BRDA:11,1,0,0
BRDA:11,2,0,0
BRDA:11,2,1,0
BRDA:16,3,0,0
BRDA:16,3,1,0
BRDA:16,4,0,0
BRDA:16,4,1,0
BRDA:16,5,0,0
BRDA:16,5,1,0
BRDA:16,6,0,0
BRDA:16,6,1,0
BRF:13
BRH:0
end_of_record
TN:
SF:packages/nestjs-auth-google/src/utils/auth-google-scope-parser.util.ts
FN:15,authGoogleParseScope
FN:29,(anonymous_1)
FNF:2
FNH:0
FNDA:0,authGoogleParseScope
FNDA:0,(anonymous_1)
DA:15,0
DA:17,0
DA:20,0
DA:22,0
DA:26,0
DA:29,0
DA:30,0
LF:7
LH:0
BRDA:20,0,0,0
BRF:1
BRH:0
end_of_record
TN:
SF:packages/nestjs-auth-jwt/src/auth-jwt.constants.ts
FNF:0
FNH:0
DA:1,0
DA:3,0
DA:6,0
DA:9,0
DA:12,0
LF:5
LH:0
BRF:0
BRH:0
end_of_record
TN:
SF:packages/nestjs-auth-jwt/src/auth-jwt.guard.ts
FN:11,(anonymous_1)
FNF:1
FNH:0
FNDA:0,(anonymous_1)
DA:1,0
DA:3,0
DA:5,0
DA:8,0
DA:17,0
DA:18,0
DA:20,0
LF:7
LH:0
BRDA:17,0,0,0
BRDA:17,1,0,0
BRDA:17,1,1,0
BRDA:18,2,0,0
BRDA:18,2,1,0
BRDA:18,3,0,0
BRDA:18,3,1,0
BRF:7
BRH:0
end_of_record
TN:
SF:packages/nestjs-auth-jwt/src/auth-jwt.module-definition.ts
FN:49,definitionTransform
FN:65,createAuthJwtImports
FN:69,createAuthJwtExports
FN:79,createAuthJwtProviders
FN:95,createAuthJwtOptionsProvider
FN:109,createAuthJwtVerifyTokenServiceProvider
FN:115,(anonymous_6)
FN:125,createAuthJwtUserLookupServiceProvider
FN:131,(anonymous_8)
FN:136,createAuthJwtAppGuardProvider
FN:142,(anonymous_10)
FNF:11
FNH:0
FNDA:0,definitionTransform
FNDA:0,createAuthJwtImports
FNDA:0,createAuthJwtExports
FNDA:0,createAuthJwtProviders
FNDA:0,createAuthJwtOptionsProvider
FNDA:0,createAuthJwtVerifyTokenServiceProvider
FNDA:0,(anonymous_6)
FNDA:0,createAuthJwtUserLookupServiceProvider
FNDA:0,(anonymous_8)
FNDA:0,createAuthJwtAppGuardProvider
FNDA:0,(anonymous_10)
DA:1,0
DA:6,0
DA:7,0
DA:9,0
DA:13,0
DA:18,0
DA:23,0
DA:24,0
DA:25,0
DA:27,0
DA:29,0
DA:53,0
DA:54,0
DA:56,0
DA:65,0
DA:66,0
DA:69,0
DA:70,0
DA:79,0
DA:83,0
DA:95,0
DA:98,0
DA:109,0
DA:112,0
DA:119,0
DA:125,0
DA:128,0
DA:132,0
DA:136,0
DA:139,0
DA:147,0
DA:150,0
DA:152,0
DA:155,0
LF:34
LH:0
BRDA:84,0,0,0
BRDA:84,0,1,0
BRDA:84,1,0,0
BRDA:84,1,1,0
BRDA:119,2,0,0
BRDA:119,2,1,0
BRDA:119,3,0,0
BRDA:119,3,1,0
BRDA:119,4,0,0
BRDA:119,4,1,0
BRDA:119,5,0,0
BRDA:119,5,1,0
BRDA:119,6,0,0
BRDA:119,6,1,0
BRDA:119,7,0,0
BRDA:119,7,1,0
BRDA:132,8,0,0
BRDA:132,8,1,0
BRDA:132,9,0,0
BRDA:132,9,1,0
BRDA:132,10,0,0
BRDA:132,10,1,0
BRDA:132,11,0,0
BRDA:132,11,1,0
BRDA:147,12,0,0
BRDA:147,12,1,0
BRDA:147,13,0,0
BRDA:147,13,1,0
BRDA:147,14,0,0
BRDA:147,14,1,0
BRDA:147,15,0,0
BRDA:147,15,1,0
BRDA:147,16,0,0
BRDA:147,16,1,0
BRDA:147,17,0,0
BRDA:147,17,1,0
BRDA:150,18,0,0
BRDA:150,18,1,0
BRDA:155,19,0,0
BRDA:155,19,1,0
BRDA:155,20,0,0
BRDA:155,20,1,0
BRF:42
BRH:0
end_of_record
TN:
SF:packages/nestjs-auth-jwt/src/auth-jwt.module.ts
FN:17,(anonymous_1)
FN:21,(anonymous_2)
FN:25,(anonymous_3)
FN:29,(anonymous_4)
FN:33,(anonymous_5)
FNF:5
FNH:0
FNDA:0,(anonymous_1)
FNDA:0,(anonymous_2)
FNDA:0,(anonymous_3)
FNDA:0,(anonymous_4)
FNDA:0,(anonymous_5)
DA:1,0
DA:3,0
DA:16,0
DA:18,0
DA:22,0
DA:26,0
DA:30,0
DA:34,0
LF:8
LH:0
BRF:0
BRH:0
end_of_record
TN:
SF:packages/nestjs-auth-jwt/src/auth-jwt.strategy.ts
FN:30,(anonymous_4)
FN:51,(anonymous_5)
FNF:2
FNH:0
FNDA:0,(anonymous_4)
FNDA:0,(anonymous_5)
DA:1,0
DA:4,0
DA:8,0
DA:15,0
DA:26,0
DA:36,0
DA:38,0
DA:43,0
DA:55,0
DA:60,0
DA:61,0
DA:63,0
LF:12
LH:0
BRDA:60,0,0,0
BRDA:60,0,1,0
BRF:2
BRH:0
end_of_record
TN:
SF:packages/nestjs-auth-jwt/src/index.ts
FN:3,(anonymous_4)
FN:3,(anonymous_5)
FNF:2
FNH:0
FNDA:0,(anonymous_4)
FNDA:0,(anonymous_5)
DA:1,0
DA:2,0
DA:3,0
LF:3
LH:0
BRF:0
BRH:0
end_of_record
TN:
SF:packages/nestjs-auth-jwt/src/config/auth-jwt-default.config.ts
FN:11,(anonymous_0)
FNF:1
FNH:0
FNDA:0,(anonymous_0)
DA:1,0
DA:2,0
DA:3,0
DA:9,0
DA:11,0
LF:5
LH:0
BRF:0
BRH:0
end_of_record
TN:
SF:packages/nestjs-auth-local/src/auth-local.constants.ts
FNF:0
FNH:0
DA:1,0
DA:4,0
DA:7,0
DA:10,0
DA:13,0
DA:16,0
DA:19,0
LF:7
LH:0
BRF:0
BRH:0
end_of_record
TN:
SF:packages/nestjs-auth-local/src/auth-local.controller.ts
FN:30,(anonymous_4)
FN:48,(anonymous_5)
FNF:2
FNH:0
FNDA:0,(anonymous_4)
FNDA:0,(anonymous_5)
DA:1,0
DA:2,0
DA:12,0
DA:18,0
DA:19,0
DA:20,0
DA:29,0
DA:32,0
DA:48,0
DA:51,0
LF:10
LH:0
BRF:0
BRH:0
end_of_record
TN:
SF:packages/nestjs-auth-local/src/auth-local.guard.ts
FNF:0
FNH:0
DA:1,0
DA:2,0
DA:4,0
DA:7,0
LF:4
LH:0
BRF:0
BRH:0
end_of_record
TN:
SF:packages/nestjs-auth-local/src/auth-local.module-definition.ts
FN:57,definitionTransform
FN:74,createAuthLocalImports
FN:78,createAuthLocalExports
FN:88,createAuthLocalProviders
FN:106,createAuthLocalControllers
FN:114,createAuthLocalOptionsProvider
FN:128,createAuthLocalValidateUserServiceProvider
FN:138,(anonymous_7)
FN:152,createAuthLocalIssueTokenServiceProvider
FN:158,(anonymous_9)
FN:168,createAuthLocalPasswordValidationServiceProvider
FN:174,(anonymous_11)
FN:184,createAuthLocalUserLookupServiceProvider
FN:190,(anonymous_13)
FNF:14
FNH:0
FNDA:0,definitionTransform
FNDA:0,createAuthLocalImports
FNDA:0,createAuthLocalExports
FNDA:0,createAuthLocalProviders
FNDA:0,createAuthLocalControllers
FNDA:0,createAuthLocalOptionsProvider
FNDA:0,createAuthLocalValidateUserServiceProvider
FNDA:0,(anonymous_7)
FNDA:0,createAuthLocalIssueTokenServiceProvider
FNDA:0,(anonymous_9)
FNDA:0,createAuthLocalPasswordValidationServiceProvider
FNDA:0,(anonymous_11)
FNDA:0,createAuthLocalUserLookupServiceProvider
FNDA:0,(anonymous_13)
DA:1,0
DA:6,0
DA:8,0
DA:9,0
DA:13,0
DA:18,0
DA:29,0
DA:30,0
DA:31,0
DA:32,0
DA:35,0
DA:37,0
DA:61,0
DA:62,0
DA:64,0
DA:74,0
DA:75,0
DA:78,0
DA:79,0
DA:88,0
DA:92,0
DA:106,0
DA:109,0
DA:114,0
DA:117,0
DA:128,0
DA:131,0
DA:143,0
DA:152,0
DA:155,0
DA:162,0
DA:168,0
DA:171,0
DA:178,0
DA:184,0
DA:187,0
DA:191,0
LF:37
LH:0
BRDA:93,0,0,0
BRDA:93,0,1,0
BRDA:93,1,0,0
BRDA:93,1,1,0
BRDA:109,2,0,0
BRDA:109,2,1,0
BRDA:109,3,0,0
BRDA:109,3,1,0
BRDA:109,4,0,0
BRDA:109,4,1,0
BRDA:143,5,0,0
BRDA:143,5,1,0
BRDA:143,6,0,0
BRDA:143,6,1,0
BRDA:143,7,0,0
BRDA:143,7,1,0
BRDA:143,8,0,0
BRDA:143,8,1,0
BRDA:143,9,0,0
BRDA:143,9,1,0
BRDA:143,10,0,0
BRDA:143,10,1,0
BRDA:162,11,0,0
BRDA:162,11,1,0
BRDA:162,12,0,0
BRDA:162,12,1,0
BRDA:162,13,0,0
BRDA:162,13,1,0
BRDA:162,14,0,0
BRDA:162,14,1,0
BRDA:162,15,0,0
BRDA:162,15,1,0
BRDA:162,16,0,0
BRDA:162,16,1,0
BRDA:178,17,0,0
BRDA:178,17,1,0
BRDA:178,18,0,0
BRDA:178,18,1,0
BRDA:178,19,0,0
BRDA:178,19,1,0
BRDA:178,20,0,0
BRDA:178,20,1,0
BRDA:178,21,0,0
BRDA:178,21,1,0
BRDA:178,22,0,0
BRDA:178,22,1,0
BRDA:191,23,0,0
BRDA:191,23,1,0
BRDA:191,24,0,0
BRDA:191,24,1,0
BRDA:191,25,0,0
BRDA:191,25,1,0
BRDA:191,26,0,0
BRDA:191,26,1,0
BRF:54
BRH:0
end_of_record
TN:
SF:packages/nestjs-auth-local/src/auth-local.module.ts
FN:17,(anonymous_1)
FN:21,(anonymous_2)
FN:25,(anonymous_3)
FN:29,(anonymous_4)
FN:33,(anonymous_5)
FNF:5
FNH:0
FNDA:0,(anonymous_1)
FNDA:0,(anonymous_2)
FNDA:0,(anonymous_3)
FNDA:0,(anonymous_4)
FNDA:0,(anonymous_5)
DA:1,0
DA:2,0
DA:16,0
DA:18,0
DA:22,0
DA:26,0
DA:30,0
DA:34,0
LF:8
LH:0
BRF:0
BRH:0
end_of_record
TN:
SF:packages/nestjs-auth-local/src/auth-local.strategy.ts
FN:36,(anonymous_4)
FN:55,(anonymous_5)
FN:93,(anonymous_6)
FNF:3
FNH:0
FNDA:0,(anonymous_4)
FNDA:0,(anonymous_5)
FNDA:0,(anonymous_6)
DA:1,0
DA:2,0
DA:3,0
DA:10,0
DA:12,0
DA:28,0
DA:38,0
DA:40,0
DA:42,0
DA:57,0
DA:60,0
DA:61,0
DA:62,0
DA:64,0
DA:65,0
DA:67,0
DA:72,0
DA:74,0
DA:79,0
DA:80,0
DA:84,0
DA:87,0
DA:94,0
DA:97,0
DA:99,0
DA:103,0
DA:105,0
DA:111,0
DA:113,0
DA:118,0
LF:30
LH:0
BRDA:43,0,0,0
BRDA:43,0,1,0
BRDA:43,1,0,0
BRDA:43,1,1,0
BRDA:44,2,0,0
BRDA:44,2,1,0
BRDA:44,3,0,0
BRDA:44,3,1,0
BRDA:79,4,0,0
BRDA:97,5,0,0
BRDA:103,6,0,0
BRDA:111,7,0,0
BRF:12
BRH:0
end_of_record
TN:
SF:packages/nestjs-auth-local/src/index.ts
FN:8,(anonymous_0)
FN:11,(anonymous_1)
FN:12,(anonymous_2)
FN:13,(anonymous_3)
FN:16,(anonymous_4)
FN:17,(anonymous_5)
FNF:6
FNH:0
FNDA:0,(anonymous_0)
FNDA:0,(anonymous_1)
FNDA:0,(anonymous_2)
FNDA:0,(anonymous_3)
FNDA:0,(anonymous_4)
FNDA:0,(anonymous_5)
DA:8,0
DA:11,0
DA:12,0
DA:13,0
DA:15,0
DA:16,0
DA:17,0
LF:7
LH:0
BRF:0
BRH:0
end_of_record
TN:
SF:packages/nestjs-auth-local/src/config/auth-local-default.config.ts
FN:11,(anonymous_0)
FNF:1
FNH:0
FNDA:0,(anonymous_0)
DA:1,0
DA:2,0
DA:4,0
DA:9,0
DA:11,0
LF:5
LH:0
BRDA:19,0,0,0
BRDA:19,0,1,0
BRDA:19,1,0,0
BRDA:19,1,1,0
BRDA:23,2,0,0
BRDA:23,2,1,0
BRDA:23,3,0,0
BRDA:23,3,1,0
BRF:8
BRH:0
end_of_record
TN:
SF:packages/nestjs-auth-local/src/dto/auth-local-login.dto.ts
FN:7,(anonymous_2)
FNF:1
FNH:0
FNDA:0,(anonymous_2)
DA:1,0
DA:2,0
DA:3,0
DA:7,0
DA:8,0
DA:14,0
DA:16,0
DA:22,0
LF:8
LH:0
BRF:0
BRH:0
end_of_record
TN:
SF:packages/nestjs-auth-local/src/services/auth-local-validate-user.service.ts
FN:18,(anonymous_4)
FN:30,(anonymous_5)
FNF:2
FNH:0
FNDA:0,(anonymous_4)
FNDA:0,(anonymous_5)
DA:1,0
DA:3,0
DA:5,0
DA:14,0
DA:20,0
DA:22,0
DA:24,0
DA:34,0
DA:37,0
DA:38,0
DA:41,0
DA:44,0
DA:45,0
DA:49,0
DA:55,0
DA:56,0
DA:60,0
LF:17
LH:0
BRDA:37,0,0,0
BRDA:44,1,0,0
BRDA:55,2,0,0
BRF:3
BRH:0
end_of_record
TN:
SF:packages/nestjs-auth-recovery/src/auth-recovery.constants.ts
FNF:0
FNH:0
DA:1,0
DA:4,0
DA:7,0
DA:10,0
DA:13,0
DA:16,0
DA:19,0
LF:7
LH:0
BRF:0
BRH:0
end_of_record
TN:
SF:packages/nestjs-auth-recovery/src/auth-recovery.controller.ts
FN:29,(anonymous_4)
FN:41,(anonymous_5)
FN:57,(anonymous_6)
FN:69,(anonymous_7)
FN:87,(anonymous_8)
FNF:5
FNH:0
FNDA:0,(anonymous_4)
FNDA:0,(anonymous_5)
FNDA:0,(anonymous_6)
FNDA:0,(anonymous_7)
FNDA:0,(anonymous_8)
DA:1,0
DA:11,0
DA:12,0
DA:20,0
DA:21,0
DA:22,0
DA:23,0
DA:28,0
DA:29,0
DA:41,0
DA:44,0
DA:57,0
DA:60,0
DA:69,0
DA:70,0
DA:72,0
DA:73,0
DA:87,0
DA:90,0
DA:92,0
DA:97,0
DA:99,0
LF:22
LH:0
BRDA:72,0,0,0
BRDA:97,1,0,0
BRF:2
BRH:0
end_of_record
TN:
SF:packages/nestjs-auth-recovery/src/auth-recovery.module-definition.ts
FN:56,definitionTransform
FN:73,createAuthRecoveryImports
FN:77,createAuthRecoveryExports
FN:88,createAuthRecoveryProviders
FN:105,createAuthRecoveryControllers
FN:113,createAuthRecoverySettingsProvider
FN:127,createAuthRecoveryOtpServiceProvider
FN:133,(anonymous_7)
FN:138,createAuthRecoveryEmailServiceProvider
FN:144,(anonymous_9)
FN:149,createAuthRecoveryUserLookupServiceProvider
FN:155,(anonymous_11)
FN:161,createAuthRecoveryUserMutateServiceProvider
FN:167,(anonymous_13)
FN:173,createAuthRecoveryNotificationServiceProvider
FN:183,(anonymous_15)
FN:194,createAuthRecoveryEntityManagerProxyProvider
FN:200,(anonymous_17)
FNF:18
FNH:0
FNDA:0,definitionTransform
FNDA:0,createAuthRecoveryImports
FNDA:0,createAuthRecoveryExports
FNDA:0,createAuthRecoveryProviders
FNDA:0,createAuthRecoveryControllers
FNDA:0,createAuthRecoverySettingsProvider
FNDA:0,createAuthRecoveryOtpServiceProvider
FNDA:0,(anonymous_7)
FNDA:0,createAuthRecoveryEmailServiceProvider
FNDA:0,(anonymous_9)
FNDA:0,createAuthRecoveryUserLookupServiceProvider
FNDA:0,(anonymous_11)
FNDA:0,createAuthRecoveryUserMutateServiceProvider
FNDA:0,(anonymous_13)
FNDA:0,createAuthRecoveryNotificationServiceProvider
FNDA:0,(anonymous_15)
FNDA:0,createAuthRecoveryEntityManagerProxyProvider
FNDA:0,(anonymous_17)
DA:2,0
DA:7,0
DA:8,0
DA:10,0
DA:11,0
DA:13,0
DA:25,0
DA:26,0
DA:27,0
DA:28,0
DA:31,0
DA:33,0
DA:60,0
DA:61,0
DA:63,0
DA:73,0
DA:74,0
DA:77,0
DA:78,0
DA:88,0
DA:92,0
DA:105,0
DA:108,0
DA:113,0
DA:116,0
DA:127,0
DA:130,0
DA:134,0
DA:138,0
DA:141,0
DA:145,0
DA:149,0
DA:152,0
DA:157,0
DA:161,0
DA:164,0
DA:169,0
DA:173,0
DA:176,0
DA:188,0
DA:194,0
DA:197,0
DA:204,0
LF:43
LH:0
BRDA:93,0,0,0
BRDA:93,0,1,0
BRDA:93,1,0,0
BRDA:93,1,1,0
BRDA:106,2,0,0
BRDA:108,3,0,0
BRDA:108,3,1,0
BRDA:108,4,0,0
BRDA:108,4,1,0
BRDA:108,5,0,0
BRDA:108,5,1,0
BRDA:134,6,0,0
BRDA:134,6,1,0
BRDA:134,7,0,0
BRDA:134,7,1,0
BRDA:134,8,0,0
BRDA:134,8,1,0
BRDA:134,9,0,0
BRDA:134,9,1,0
BRDA:145,10,0,0
BRDA:145,10,1,0
BRDA:145,11,0,0
BRDA:145,11,1,0
BRDA:145,12,0,0
BRDA:145,12,1,0
BRDA:145,13,0,0
BRDA:145,13,1,0
BRDA:157,14,0,0
BRDA:157,14,1,0
BRDA:157,15,0,0
BRDA:157,15,1,0
BRDA:157,16,0,0
BRDA:157,16,1,0
BRDA:157,17,0,0
BRDA:157,17,1,0
BRDA:169,18,0,0
BRDA:169,18,1,0
BRDA:169,19,0,0
BRDA:169,19,1,0
BRDA:169,20,0,0
BRDA:169,20,1,0
BRDA:169,21,0,0
BRDA:169,21,1,0
BRDA:188,22,0,0
BRDA:188,22,1,0
BRDA:188,23,0,0
BRDA:188,23,1,0
BRDA:188,24,0,0
BRDA:188,24,1,0
BRDA:188,25,0,0
BRDA:188,25,1,0
BRDA:188,26,0,0
BRDA:188,26,1,0
BRDA:188,27,0,0
BRDA:188,27,1,0
BRDA:204,28,0,0
BRDA:204,28,1,0
BRDA:204,29,0,0
BRDA:204,29,1,0
BRDA:204,30,0,0
BRDA:204,30,1,0
BRDA:204,31,0,0
BRDA:204,31,1,0
BRDA:204,32,0,0
BRDA:204,32,1,0
BRDA:204,33,0,0
BRDA:204,33,1,0
BRF:67
BRH:0
end_of_record
TN:
SF:packages/nestjs-auth-recovery/src/auth-recovery.module.ts
FN:15,(anonymous_1)
FN:19,(anonymous_2)
FN:23,(anonymous_3)
FN:27,(anonymous_4)
FN:31,(anonymous_5)
FNF:5
FNH:0
FNDA:0,(anonymous_1)
FNDA:0,(anonymous_2)
FNDA:0,(anonymous_3)
FNDA:0,(anonymous_4)
FNDA:0,(anonymous_5)
DA:1,0
DA:3,0
DA:14,0
DA:16,0
DA:20,0
DA:24,0
DA:28,0
DA:32,0
LF:8
LH:0
BRF:0
BRH:0
end_of_record
TN:
SF:packages/nestjs-auth-recovery/src/auth-recovery.utils.ts
FN:1,formatTokenUrl
FNF:1
FNH:0
FNDA:0,formatTokenUrl
DA:1,0
DA:2,0
LF:2
LH:0
BRF:0
BRH:0
end_of_record
TN:
SF:packages/nestjs-auth-recovery/src/index.ts
FN:1,(anonymous_0)
FN:2,(anonymous_1)
FN:3,(anonymous_2)
FN:4,(anonymous_3)
FN:5,(anonymous_4)
FN:6,(anonymous_5)
FN:7,(anonymous_6)
FN:8,(anonymous_7)
FNF:8
FNH:0
FNDA:0,(anonymous_0)
FNDA:0,(anonymous_1)
FNDA:0,(anonymous_2)
FNDA:0,(anonymous_3)
FNDA:0,(anonymous_4)
FNDA:0,(anonymous_5)
FNDA:0,(anonymous_6)
FNDA:0,(anonymous_7)
DA:1,0
DA:2,0
DA:3,0
DA:4,0
DA:5,0
DA:6,0
DA:7,0
DA:8,0
LF:8
LH:0
BRF:0
BRH:0
end_of_record
TN:
SF:packages/nestjs-auth-recovery/src/config/auth-recovery-default.config.ts
FN:11,(anonymous_0)
FNF:1
FNH:0
FNDA:0,(anonymous_0)
DA:1,0
DA:2,0
DA:4,0
DA:9,0
DA:11,0
LF:5
LH:0
BRF:0
BRH:0
end_of_record
TN:
SF:packages/nestjs-auth-recovery/src/dto/auth-recovery-recover-login.dto.ts
FN:4,(anonymous_2)
FNF:1
FNH:0
FNDA:0,(anonymous_2)
DA:1,0
DA:2,0
DA:4,0
DA:5,0
DA:12,0
LF:5
LH:0
BRF:0
BRH:0
end_of_record
TN:
SF:packages/nestjs-auth-recovery/src/dto/auth-recovery-recover-password.dto.ts
FN:4,(anonymous_2)
FNF:1
FNH:0
FNDA:0,(anonymous_2)
DA:1,0
DA:2,0
DA:4,0
DA:5,0
DA:12,0
LF:5
LH:0
BRF:0
BRH:0
end_of_record
TN:
SF:packages/nestjs-auth-recovery/src/dto/auth-recovery-update-password.dto.ts
FN:4,(anonymous_2)
FNF:1
FNH:0
FNDA:0,(anonymous_2)
DA:1,0
DA:2,0
DA:4,0
DA:5,0
DA:11,0
DA:13,0
DA:19,0
LF:7
LH:0
BRF:0
BRH:0
end_of_record
TN:
SF:packages/nestjs-auth-recovery/src/dto/auth-recovery-validate-passcode.dto.ts
FN:4,(anonymous_2)
FNF:1
FNH:0
FNDA:0,(anonymous_2)
DA:1,0
DA:2,0
DA:4,0
DA:5,0
DA:11,0
LF:5
LH:0
BRF:0
BRH:0
end_of_record
TN:
SF:packages/nestjs-auth-recovery/src/services/auth-recovery-notification.service.ts
FN:16,(anonymous_4)
FN:23,(anonymous_5)
FN:27,(anonymous_6)
FN:50,(anonymous_7)
FN:61,(anonymous_8)
FNF:5
FNH:0
FNDA:0,(anonymous_4)
FNDA:0,(anonymous_5)
FNDA:0,(anonymous_6)
FNDA:0,(anonymous_7)
FNDA:0,(anonymous_8)
DA:3,0
DA:4,0
DA:10,0
DA:13,0
DA:18,0
DA:20,0
DA:24,0
DA:36,0
DA:37,0
DA:38,0
DA:51,0
DA:52,0
DA:53,0
DA:62,0
DA:63,0
DA:64,0
LF:16
LH:0
BRDA:35,0,0,0
BRF:1
BRH:0
end_of_record
TN:
SF:packages/nestjs-auth-recovery/src/services/auth-recovery.service.ts
FN:27,(anonymous_4)
FN:46,(anonymous_5)
FN:71,(anonymous_6)
FN:114,(anonymous_7)
FN:137,(anonymous_8)
FN:145,(anonymous_9)
FN:190,(anonymous_10)
FNF:7
FNH:0
FNDA:0,(anonymous_4)
FNDA:0,(anonymous_5)
FNDA:0,(anonymous_6)
FNDA:0,(anonymous_7)
FNDA:0,(anonymous_8)
FNDA:0,(anonymous_9)
FNDA:0,(anonymous_10)
DA:1,0
DA:8,0
DA:15,0
DA:20,0
DA:26,0
DA:29,0
DA:31,0
DA:33,0
DA:35,0
DA:36,0
DA:38,0
DA:51,0
DA:54,0
DA:56,0
DA:76,0
DA:79,0
DA:81,0
DA:83,0
DA:97,0
DA:120,0
DA:123,0
DA:143,0
DA:147,0
DA:150,0
DA:157,0
DA:159,0
DA:167,0
DA:168,0
DA:171,0
DA:177,0
DA:181,0
DA:195,0
DA:198,0
DA:200,0
DA:202,0
LF:35
LH:0
BRDA:54,0,0,0
BRDA:79,1,0,0
BRDA:116,2,0,0
BRDA:157,3,0,0
BRDA:167,4,0,0
BRDA:198,5,0,0
BRF:6
BRH:0
end_of_record
TN:
SF:packages/nestjs-auth-refresh/src/auth-refresh.constants.ts
FNF:0
FNH:0
DA:1,0
DA:4,0
DA:7,0
DA:10,0
DA:13,0
DA:16,0
LF:6
LH:0
BRF:0
BRH:0
end_of_record
TN:
SF:packages/nestjs-auth-refresh/src/auth-refresh.controller.ts
FN:30,(anonymous_4)
FN:48,(anonymous_5)
FNF:2
FNH:0
FNDA:0,(anonymous_4)
FNDA:0,(anonymous_5)
DA:1,0
DA:2,0
DA:12,0
DA:19,0
DA:20,0
DA:29,0
DA:32,0
DA:48,0
DA:51,0
LF:9
LH:0
BRF:0
BRH:0
end_of_record
TN:
SF:packages/nestjs-auth-refresh/src/auth-refresh.guard.ts
FNF:0
FNH:0
DA:1,0
DA:2,0
DA:3,0
DA:6,0
LF:4
LH:0
BRF:0
BRH:0
end_of_record
TN:
SF:packages/nestjs-auth-refresh/src/auth-refresh.module-definition.ts
FN:55,definitionTransform
FN:72,createAuthRefreshImports
FN:76,createAuthRefreshExports
FN:86,createAuthRefreshProviders
FN:102,createAuthRefreshControllers
FN:110,createAuthRefreshOptionsProvider
FN:124,createAuthRefreshVerifyTokenServiceProvider
FN:130,(anonymous_7)
FN:140,createAuthRefreshIssueTokenServiceProvider
FN:146,(anonymous_9)
FN:156,createAuthRefreshUserLookupServiceProvider
FN:162,(anonymous_11)
FNF:12
FNH:0
FNDA:0,definitionTransform
FNDA:0,createAuthRefreshImports
FNDA:0,createAuthRefreshExports
FNDA:0,createAuthRefreshProviders
FNDA:0,createAuthRefreshControllers
FNDA:0,createAuthRefreshOptionsProvider
FNDA:0,createAuthRefreshVerifyTokenServiceProvider
FNDA:0,(anonymous_7)
FNDA:0,createAuthRefreshIssueTokenServiceProvider
FNDA:0,(anonymous_9)
FNDA:0,createAuthRefreshUserLookupServiceProvider
FNDA:0,(anonymous_11)
DA:1,0
DA:6,0
DA:8,0
DA:9,0
DA:16,0
DA:26,0
DA:27,0
DA:28,0
DA:30,0
DA:32,0
DA:59,0
DA:60,0
DA:62,0
DA:72,0
DA:73,0
DA:76,0
DA:77,0
DA:86,0
DA:90,0
DA:102,0
DA:105,0
DA:110,0
DA:113,0
DA:124,0
DA:127,0
DA:134,0
DA:140,0
DA:143,0
DA:150,0
DA:156,0
DA:159,0
DA:163,0
LF:32
LH:0
BRDA:91,0,0,0
BRDA:91,0,1,0
BRDA:91,1,0,0
BRDA:91,1,1,0
BRDA:105,2,0,0
BRDA:105,2,1,0
BRDA:105,3,0,0
BRDA:105,3,1,0
BRDA:105,4,0,0
BRDA:105,4,1,0
BRDA:134,5,0,0
BRDA:134,5,1,0
BRDA:134,6,0,0
BRDA:134,6,1,0
BRDA:134,7,0,0
BRDA:134,7,1,0
BRDA:134,8,0,0
BRDA:134,8,1,0
BRDA:134,9,0,0
BRDA:134,9,1,0
BRDA:134,10,0,0
BRDA:134,10,1,0
BRDA:150,11,0,0
BRDA:150,11,1,0
BRDA:150,12,0,0
BRDA:150,12,1,0
BRDA:150,13,0,0
BRDA:150,13,1,0
BRDA:150,14,0,0
BRDA:150,14,1,0
BRDA:150,15,0,0
BRDA:150,15,1,0
BRDA:150,16,0,0
BRDA:150,16,1,0
BRDA:163,17,0,0
BRDA:163,17,1,0
BRDA:163,18,0,0
BRDA:163,18,1,0
BRDA:163,19,0,0
BRDA:163,19,1,0
BRDA:163,20,0,0
BRDA:163,20,1,0
BRF:42
BRH:0
end_of_record
TN:
SF:packages/nestjs-auth-refresh/src/auth-refresh.module.ts
FN:18,(anonymous_1)
FN:22,(anonymous_2)
FN:26,(anonymous_3)
FN:30,(anonymous_4)
FN:34,(anonymous_5)
FNF:5
FNH:0
FNDA:0,(anonymous_1)
FNDA:0,(anonymous_2)
FNDA:0,(anonymous_3)
FNDA:0,(anonymous_4)
FNDA:0,(anonymous_5)
DA:1,0
DA:3,0
DA:17,0
DA:19,0
DA:23,0
DA:27,0
DA:31,0
DA:35,0
LF:8
LH:0
BRF:0
BRH:0
end_of_record
TN:
SF:packages/nestjs-auth-refresh/src/auth-refresh.strategy.ts
FN:28,(anonymous_4)
FN:49,(anonymous_5)
FNF:2
FNH:0
FNDA:0,(anonymous_4)
FNDA:0,(anonymous_5)
DA:1,0
DA:2,0
DA:6,0
DA:13,0
DA:24,0
DA:34,0
DA:36,0
DA:41,0
DA:53,0
DA:58,0
DA:59,0
DA:62,0
LF:12
LH:0
BRDA:58,0,0,0
BRF:1
BRH:0
end_of_record
TN:
SF:packages/nestjs-auth-refresh/src/index.ts
FN:1,(anonymous_0)
FN:2,(anonymous_1)
FN:4,(anonymous_2)
FN:5,(anonymous_3)
FNF:4
FNH:0
FNDA:0,(anonymous_0)
FNDA:0,(anonymous_1)
FNDA:0,(anonymous_2)
FNDA:0,(anonymous_3)
DA:1,0
DA:2,0
DA:3,0
DA:4,0
DA:5,0
LF:5
LH:0
BRF:0
BRH:0
end_of_record
TN:
SF:packages/nestjs-auth-refresh/src/config/auth-refresh-default.config.ts
FN:11,(anonymous_0)
FNF:1
FNH:0
FNDA:0,(anonymous_0)
DA:1,0
DA:2,0
DA:3,0
DA:9,0
DA:11,0
LF:5
LH:0
BRF:0
BRH:0
end_of_record
TN:
SF:packages/nestjs-auth-refresh/src/dto/auth-refresh.dto.ts
FN:7,(anonymous_2)
FNF:1
FNH:0
FNDA:0,(anonymous_2)
DA:1,0
DA:2,0
DA:3,0
DA:7,0
DA:8,0
DA:14,0
LF:6
LH:0
BRF:0
BRH:0
end_of_record
TN:
SF:packages/nestjs-authentication/src/authentication.constants.ts
FNF:0
FNH:0
DA:1,0
DA:4,0
DA:7,0
DA:10,0
LF:4
LH:0
BRF:0
BRH:0
end_of_record
TN:
SF:packages/nestjs-authentication/src/authentication.module-definition.ts
FN:53,definitionTransform
FN:73,createAuthenticationImports
FN:77,createAuthenticationExports
FN:86,createAuthenticationProviders
FN:101,createAuthenticationOptionsProvider
FN:115,createAuthenticationIssueTokenServiceProvider
FN:121,(anonymous_6)
FN:131,createAuthenticationVerifyTokenServiceProvider
FN:141,(anonymous_8)
FN:152,createAuthenticationValidateTokenServiceProvider
FN:158,(anonymous_10)
FNF:11
FNH:0
FNDA:0,definitionTransform
FNDA:0,createAuthenticationImports
FNDA:0,createAuthenticationExports
FNDA:0,createAuthenticationProviders
FNDA:0,createAuthenticationOptionsProvider
FNDA:0,createAuthenticationIssueTokenServiceProvider
FNDA:0,(anonymous_6)
FNDA:0,createAuthenticationVerifyTokenServiceProvider
FNDA:0,(anonymous_8)
FNDA:0,createAuthenticationValidateTokenServiceProvider
FNDA:0,(anonymous_10)
DA:1,0
DA:6,0
DA:8,0
DA:9,0
DA:14,0
DA:23,0
DA:24,0
DA:25,0
DA:27,0
DA:29,0
DA:57,0
DA:58,0
DA:60,0
DA:73,0
DA:74,0
DA:77,0
DA:78,0
DA:86,0
DA:90,0
DA:101,0
DA:104,0
DA:115,0
DA:118,0
DA:125,0
DA:131,0
DA:134,0
DA:146,0
DA:152,0
DA:155,0
DA:159,0
LF:30
LH:0
BRDA:57,0,0,0
BRDA:58,1,0,0
BRDA:68,2,0,0
BRDA:68,2,1,0
BRDA:68,3,0,0
BRDA:68,3,1,0
BRDA:91,4,0,0
BRDA:91,4,1,0
BRDA:91,5,0,0
BRDA:91,5,1,0
BRDA:125,6,0,0
BRDA:125,6,1,0
BRDA:125,7,0,0
BRDA:125,7,1,0
BRDA:125,8,0,0
BRDA:125,8,1,0
BRDA:125,9,0,0
BRDA:125,9,1,0
BRDA:125,10,0,0
BRDA:125,10,1,0
BRDA:125,11,0,0
BRDA:125,11,1,0
BRDA:146,12,0,0
BRDA:146,12,1,0
BRDA:146,13,0,0
BRDA:146,13,1,0
BRDA:146,14,0,0
BRDA:146,14,1,0
BRDA:146,15,0,0
BRDA:146,15,1,0
BRDA:146,16,0,0
BRDA:146,16,1,0
BRDA:146,17,0,0
BRDA:146,17,1,0
BRDA:159,18,0,0
BRDA:159,18,1,0
BRDA:159,19,0,0
BRDA:159,19,1,0
BRDA:159,20,0,0
BRDA:159,20,1,0
BRDA:159,21,0,0
BRDA:159,21,1,0
BRF:42
BRH:0
end_of_record
TN:
SF:packages/nestjs-authentication/src/authentication.module.ts
FN:17,(anonymous_1)
FN:21,(anonymous_2)
FN:25,(anonymous_3)
FN:29,(anonymous_4)
FN:33,(anonymous_5)
FNF:5
FNH:0
FNDA:0,(anonymous_1)
FNDA:0,(anonymous_2)
FNDA:0,(anonymous_3)
FNDA:0,(anonymous_4)
FNDA:0,(anonymous_5)
DA:1,0
DA:3,0
DA:16,0
DA:18,0
DA:22,0
DA:26,0
DA:30,0
DA:34,0
LF:8
LH:0
BRF:0
BRH:0
end_of_record
TN:
SF:packages/nestjs-authentication/src/index.ts
FN:5,(anonymous_4)
FN:6,(anonymous_5)
FN:17,(anonymous_6)
FN:19,(anonymous_7)
FN:20,(anonymous_8)
FN:21,(anonymous_9)
FNF:6
FNH:0
FNDA:0,(anonymous_4)
FNDA:0,(anonymous_5)
FNDA:0,(anonymous_6)
FNDA:0,(anonymous_7)
FNDA:0,(anonymous_8)
FNDA:0,(anonymous_9)
DA:1,0
DA:3,0
DA:5,0
DA:6,0
DA:8,0
DA:13,0
DA:15,0
DA:17,0
DA:19,0
DA:20,0
DA:21,0
LF:11
LH:0
BRF:0
BRH:0
end_of_record
TN:
SF:packages/nestjs-authentication/src/config/authentication-default.config.ts
FN:7,(anonymous_0)
FNF:1
FNH:0
FNDA:0,(anonymous_0)
DA:1,0
DA:2,0
DA:5,0
DA:7,0
LF:4
LH:0
BRF:0
BRH:0
end_of_record
TN:
SF:packages/nestjs-authentication/src/decorators/auth-public.decorator.ts
FN:7,(anonymous_0)
FNF:1
FNH:0
FNDA:0,(anonymous_0)
DA:1,0
DA:2,0
DA:7,0
DA:8,0
LF:4
LH:0
BRF:0
BRH:0
end_of_record
TN:
SF:packages/nestjs-authentication/src/decorators/auth-user.decorator.ts
FN:4,(anonymous_0)
FNF:1
FNH:0
FNDA:0,(anonymous_0)
DA:4,0
LF:1
LH:0
BRF:0
BRH:0
end_of_record
TN:
SF:packages/nestjs-authentication/src/dto/authentication-jwt-response.dto.ts
FN:6,(anonymous_2)
FNF:1
FNH:0
FNDA:0,(anonymous_2)
DA:1,0
DA:2,0
DA:6,0
DA:9,0
DA:14,0
DA:16,0
DA:21,0
LF:7
LH:0
BRF:0
BRH:0
end_of_record
TN:
SF:packages/nestjs-authentication/src/exceptions/authentication.exception.ts
FN:7,(anonymous_0)
FNF:1
FNH:0
FNDA:0,(anonymous_0)
DA:1,0
DA:6,0
DA:8,0
LF:3
LH:0
BRF:0
BRH:0
end_of_record
TN:
SF:packages/nestjs-authentication/src/guards/auth.guard.ts
FN:37,(anonymous_4)
FN:57,(anonymous_5)
FN:66,(anonymous_6)
FN:97,(anonymous_7)
FNF:4
FNH:0
FNDA:0,(anonymous_4)
FNDA:0,(anonymous_5)
FNDA:0,(anonymous_6)
FNDA:0,(anonymous_7)
DA:1,0
DA:7,0
DA:8,0
DA:9,0
DA:15,0
DA:37,0
DA:42,0
DA:47,0
DA:48,0
DA:50,0
DA:53,0
DA:54,0
DA:55,0
DA:59,0
DA:60,0
DA:62,0
DA:63,0
DA:68,0
DA:71,0
DA:74,0
DA:76,0
DA:80,0
DA:81,0
DA:84,0
DA:90,0
DA:92,0
DA:97,0
DA:101,0
DA:104,0
DA:106,0
DA:111,0
DA:115,0
LF:32
LH:0
BRDA:39,0,0,0
BRDA:47,1,0,0
BRDA:47,1,1,0
BRDA:68,2,0,0
BRDA:71,3,0,0
BRDA:71,3,1,0
BRDA:71,4,0,0
BRDA:71,4,1,0
BRDA:71,5,0,0
BRDA:71,5,1,0
BRDA:74,6,0,0
BRDA:90,7,0,0
BRDA:97,8,0,0
BRDA:97,8,1,0
BRDA:97,9,0,0
BRDA:97,9,1,0
BRDA:97,10,0,0
BRDA:97,10,1,0
BRDA:97,11,0,0
BRDA:97,11,1,0
BRDA:104,12,0,0
BRF:21
BRH:0
end_of_record
TN:
SF:packages/nestjs-authentication/src/guards/fastify-auth.guard.ts
FN:8,(anonymous_0)
FN:10,(anonymous_1)
FNF:2
FNH:0
FNDA:0,(anonymous_0)
FNDA:0,(anonymous_1)
DA:1,0
DA:8,0
DA:13,0
DA:17,0
LF:4
LH:0
BRF:0
BRH:0
end_of_record
TN:
SF:packages/nestjs-authentication/src/services/issue-token.service.ts
FN:15,(anonymous_4)
FN:30,(anonymous_5)
FN:54,(anonymous_6)
FN:70,(anonymous_7)
FNF:4
FNH:0
FNDA:0,(anonymous_4)
FNDA:0,(anonymous_5)
FNDA:0,(anonymous_6)
FNDA:0,(anonymous_7)
DA:1,0
DA:3,0
DA:11,0
DA:14,0
DA:17,0
DA:34,0
DA:35,0
DA:37,0
DA:58,0
DA:59,0
DA:61,0
DA:74,0
DA:77,0
DA:80,0
DA:81,0
DA:84,0
LF:16
LH:0
BRDA:34,0,0,0
BRDA:34,0,1,0
BRDA:58,1,0,0
BRDA:58,1,1,0
BRF:4
BRH:0
end_of_record
TN:
SF:packages/nestjs-authentication/src/services/validate-user.service.ts
FN:22,(anonymous_1)
FNF:1
FNH:0
FNDA:0,(anonymous_1)
DA:1,0
DA:9,0
DA:25,0
LF:3
LH:0
BRF:0
BRH:0
end_of_record
TN:
SF:packages/nestjs-authentication/src/services/verify-token.service.ts
FN:14,(anonymous_4)
FN:24,(anonymous_5)
FN:41,(anonymous_6)
FN:64,(anonymous_7)
FNF:4
FNH:0
FNDA:0,(anonymous_4)
FNDA:0,(anonymous_5)
FNDA:0,(anonymous_6)
FNDA:0,(anonymous_7)
DA:1,0
DA:7,0
DA:8,0
DA:13,0
DA:15,0
DA:18,0
DA:26,0
DA:29,0
DA:30,0
DA:32,0
DA:45,0
DA:48,0
DA:49,0
DA:51,0
DA:65,0
DA:66,0
DA:68,0
LF:17
LH:0
BRDA:29,0,0,0
BRDA:29,0,1,0
BRDA:48,1,0,0
BRDA:48,1,1,0
BRDA:65,2,0,0
BRDA:65,2,1,0
BRF:6
BRH:0
end_of_record
TN:
SF:packages/nestjs-cache/src/cache.constants.ts
FNF:0
FNH:0
DA:1,0
DA:3,0
DA:6,0
DA:9,0
DA:12,0
LF:5
LH:0
BRF:0
BRH:0
end_of_record
TN:
SF:packages/nestjs-cache/src/cache.module-definition.ts
FN:51,definitionTransform
FN:72,createCacheControllers
FN:80,createCacheImports
FN:89,createCacheProviders
FN:105,createCacheExports
FN:115,createCacheSettingsProvider
FN:126,createCacheRepositoriesProvider
FN:145,(anonymous_7)
FN:158,(anonymous_8)
FNF:9
FNH:0
FNDA:0,definitionTransform
FNDA:0,createCacheControllers
FNDA:0,createCacheImports
FNDA:0,createCacheProviders
FNDA:0,createCacheExports
FNDA:0,createCacheSettingsProvider
FNDA:0,createCacheRepositoriesProvider
FNDA:0,(anonymous_7)
FNDA:0,(anonymous_8)
DA:1,0
DA:6,0
DA:8,0
DA:9,0
DA:14,0
DA:27,0
DA:28,0
DA:29,0
DA:30,0
DA:32,0
DA:34,0
DA:55,0
DA:56,0
DA:58,0
DA:59,0
DA:62,0
DA:72,0
DA:75,0
DA:80,0
DA:83,0
DA:89,0
DA:95,0
DA:105,0
DA:108,0
DA:115,0
DA:118,0
DA:126,0
DA:129,0
DA:131,0
DA:132,0
DA:134,0
DA:136,0
DA:137,0
DA:138,0
DA:141,0
DA:146,0
DA:148,0
DA:149,0
DA:152,0
DA:159,0
DA:161,0
DA:162,0
DA:167,0
LF:43
LH:0
BRDA:56,0,0,0
BRDA:58,1,0,0
BRDA:73,2,0,0
BRDA:75,3,0,0
BRDA:75,3,1,0
BRDA:75,4,0,0
BRDA:75,4,1,0
BRDA:75,5,0,0
BRDA:75,5,1,0
BRDA:96,6,0,0
BRDA:96,6,1,0
BRDA:96,7,0,0
BRDA:96,7,1,0
BRDA:99,8,0,0
BRDA:99,8,1,0
BRDA:99,9,0,0
BRDA:99,9,1,0
BRDA:99,10,0,0
BRDA:99,10,1,0
BRDA:99,11,0,0
BRDA:99,11,1,0
BRF:21
BRH:0
end_of_record
TN:
SF:packages/nestjs-cache/src/cache.module.ts
FN:17,(anonymous_1)
FN:21,(anonymous_2)
FN:25,(anonymous_3)
FN:29,(anonymous_4)
FN:33,(anonymous_5)
FNF:5
FNH:0
FNDA:0,(anonymous_1)
FNDA:0,(anonymous_2)
FNDA:0,(anonymous_3)
FNDA:0,(anonymous_4)
FNDA:0,(anonymous_5)
DA:1,0
DA:3,0
DA:16,0
DA:18,0
DA:22,0
DA:26,0
DA:30,0
DA:34,0
DA:36,0
DA:37,0
DA:40,0
LF:11
LH:0
BRDA:36,0,0,0
BRF:1
BRH:0
end_of_record
TN:
SF:packages/nestjs-cache/src/cache.types.ts
FN:1,(anonymous_0)
FNF:1
FNH:0
FNDA:0,(anonymous_0)
DA:1,0
DA:2,0
DA:3,0
LF:3
LH:0
BRDA:1,0,0,0
BRDA:1,0,1,0
BRF:2
BRH:0
end_of_record
TN:
SF:packages/nestjs-cache/src/index.ts
FN:1,(anonymous_0)
FN:3,(anonymous_1)
FN:4,(anonymous_2)
FN:6,(anonymous_3)
FN:7,(anonymous_4)
FN:8,(anonymous_5)
FN:9,(anonymous_6)
FNF:7
FNH:0
FNDA:0,(anonymous_0)
FNDA:0,(anonymous_1)
FNDA:0,(anonymous_2)
FNDA:0,(anonymous_3)
FNDA:0,(anonymous_4)
FNDA:0,(anonymous_5)
FNDA:0,(anonymous_6)
DA:1,0
DA:3,0
DA:4,0
DA:6,0
DA:7,0
DA:8,0
DA:9,0
LF:7
LH:0
BRF:0
BRH:0
end_of_record
TN:
SF:packages/nestjs-cache/src/seeding.ts
FN:6,(anonymous_0)
FN:7,(anonymous_1)
FNF:2
FNH:0
FNDA:0,(anonymous_0)
FNDA:0,(anonymous_1)
DA:6,0
DA:7,0
LF:2
LH:0
BRF:0
BRH:0
end_of_record
TN:
SF:packages/nestjs-cache/src/config/cache-default.config.ts
FN:10,(anonymous_0)
FNF:1
FNH:0
FNDA:0,(anonymous_0)
DA:1,0
DA:2,0
DA:8,0
DA:10,0
LF:4
LH:0
BRDA:11,0,0,0
BRDA:11,0,1,0
BRF:2
BRH:0
end_of_record
TN:
SF:packages/nestjs-cache/src/controllers/cache-crud.controller.ts
FN:78,(anonymous_5)
FN:94,(anonymous_6)
FN:109,(anonymous_7)
FN:125,(anonymous_8)
FN:150,(anonymous_9)
FN:174,(anonymous_10)
FN:187,(anonymous_11)
FN:211,(anonymous_12)
FN:246,(anonymous_13)
FNF:9
FNH:0
FNDA:0,(anonymous_5)
FNDA:0,(anonymous_6)
FNDA:0,(anonymous_7)
FNDA:0,(anonymous_8)
FNDA:0,(anonymous_9)
FNDA:0,(anonymous_10)
FNDA:0,(anonymous_11)
FNDA:0,(anonymous_12)
FNDA:0,(anonymous_13)
DA:1,0
DA:2,0
DA:3,0
DA:9,0
DA:28,0
DA:32,0
DA:33,0
DA:34,0
DA:35,0
DA:36,0
DA:37,0
DA:40,0
DA:41,0
DA:42,0
DA:62,0
DA:80,0
DA:82,0
DA:83,0
DA:94,0
DA:98,0
DA:109,0
DA:113,0
DA:125,0
DA:130,0
DA:135,0
DA:150,0
DA:155,0
DA:160,0
DA:174,0
DA:178,0
DA:188,0
DA:190,0
DA:192,0
DA:195,0
DA:211,0
DA:217,0
DA:218,0
DA:221,0
DA:223,0
DA:226,0
DA:227,0
DA:232,0
DA:237,0
DA:248,0
DA:250,0
DA:253,0
LF:46
LH:0
BRDA:131,0,0,0
BRDA:131,0,1,0
BRDA:131,1,0,0
BRDA:131,1,1,0
BRDA:156,2,0,0
BRDA:156,2,1,0
BRDA:156,3,0,0
BRDA:156,3,1,0
BRDA:190,4,0,0
BRDA:190,4,1,0
BRDA:221,5,0,0
BRDA:226,6,0,0
BRDA:226,6,1,0
BRDA:226,7,0,0
BRDA:226,7,1,0
BRDA:226,8,0,0
BRDA:226,8,1,0
BRDA:226,9,0,0
BRDA:226,9,1,0
BRDA:228,10,0,0
BRDA:228,10,1,0
BRDA:228,11,0,0
BRDA:228,11,1,0
BRDA:248,12,0,0
BRDA:248,12,1,0
BRF:25
BRH:0
end_of_record
TN:
SF:packages/nestjs-cache/src/dto/cache-create.dto.ts
FNF:0
FNH:0
DA:1,0
DA:2,0
DA:4,0
DA:9,0
LF:4
LH:0
BRF:0
BRH:0
end_of_record
TN:
SF:packages/nestjs-cache/src/dto/cache-paginated.dto.ts
FN:11,(anonymous_2)
FN:18,(anonymous_3)
FNF:2
FNH:0
FNDA:0,(anonymous_2)
FNDA:0,(anonymous_3)
DA:1,0
DA:2,0
DA:4,0
DA:5,0
DA:11,0
DA:12,0
DA:18,0
DA:19,0
LF:8
LH:0
BRF:0
BRH:0
end_of_record
TN:
SF:packages/nestjs-cache/src/dto/cache-update.dto.ts
FNF:0
FNH:0
DA:1,0
DA:2,0
DA:4,0
DA:10,0
LF:4
LH:0
BRF:0
BRH:0
end_of_record
TN:
SF:packages/nestjs-cache/src/dto/cache.dto.ts
FN:12,(anonymous_2)
FN:66,(anonymous_3)
FN:78,(anonymous_4)
FNF:3
FNH:0
FNDA:0,(anonymous_2)
FNDA:0,(anonymous_3)
FNDA:0,(anonymous_4)
DA:1,0
DA:2,0
DA:5,0
DA:6,0
DA:12,0
DA:16,0
DA:22,0
DA:27,0
DA:39,0
DA:45,0
DA:52,0
DA:65,0
DA:66,0
DA:72,0
DA:77,0
DA:78,0
LF:16
LH:0
BRF:0
BRH:0
end_of_record
TN:
SF:packages/nestjs-cache/src/entities/cache-postgres.entity.ts
FNF:0
FNH:0
DA:1,0
DA:4,0
DA:10,0
DA:14,0
DA:17,0
DA:20,0
DA:23,0
LF:7
LH:0
BRF:0
BRH:0
end_of_record
TN:
SF:packages/nestjs-cache/src/entities/cache-sqlite.entity.ts
FNF:0
FNH:0
DA:1,0
DA:2,0
DA:11,0
DA:15,0
DA:18,0
DA:21,0
DA:24,0
LF:7
LH:0
BRF:0
BRH:0
end_of_record
TN:
SF:packages/nestjs-cache/src/exceptions/cache-assignment-not-found.exception.ts
FN:9,(anonymous_0)
FNF:1
FNH:0
FNDA:0,(anonymous_0)
DA:1,0
DA:2,0
DA:4,0
DA:13,0
DA:19,0
DA:21,0
LF:6
LH:0
BRDA:11,0,0,0
BRF:1
BRH:0
end_of_record
TN:
SF:packages/nestjs-cache/src/exceptions/cache-entity-already-exists.exception.ts
FN:9,(anonymous_0)
FNF:1
FNH:0
FNDA:0,(anonymous_0)
DA:1,0
DA:2,0
DA:4,0
DA:13,0
DA:19,0
DA:21,0
LF:6
LH:0
BRDA:11,0,0,0
BRF:1
BRH:0
end_of_record
TN:
SF:packages/nestjs-cache/src/exceptions/cache-entity-not-found.exception.ts
FN:8,(anonymous_0)
FNF:1
FNH:0
FNDA:0,(anonymous_0)
DA:1,0
DA:3,0
DA:12,0
DA:17,0
DA:19,0
LF:5
LH:0
BRDA:10,0,0,0
BRF:1
BRH:0
end_of_record
TN:
SF:packages/nestjs-cache/src/services/cache-crud.service.ts
FN:16,(anonymous_2)
FNF:1
FNH:0
FNDA:0,(anonymous_2)
DA:1,0
DA:2,0
DA:3,0
DA:10,0
DA:17,0
LF:5
LH:0
BRF:0
BRH:0
end_of_record
TN:
SF:packages/nestjs-cache/src/services/cache.service.ts
FN:28,(anonymous_5)
FN:41,(anonymous_6)
FN:78,(anonymous_7)
FN:126,(anonymous_8)
FN:145,(anonymous_9)
FN:176,(anonymous_10)
FN:196,(anonymous_11)
FN:210,(anonymous_12)
FN:224,(anonymous_13)
FN:242,(anonymous_14)
FN:256,(anonymous_15)
FN:278,(anonymous_16)
FN:312,(anonymous_17)
FN:333,(anonymous_18)
FNF:14
FNH:0
FNDA:0,(anonymous_5)
FNDA:0,(anonymous_6)
FNDA:0,(anonymous_7)
FNDA:0,(anonymous_8)
FNDA:0,(anonymous_9)
FNDA:0,(anonymous_10)
FNDA:0,(anonymous_11)
FNDA:0,(anonymous_12)
FNDA:0,(anonymous_13)
FNDA:0,(anonymous_14)
FNDA:0,(anonymous_15)
FNDA:0,(anonymous_16)
FNDA:0,(anonymous_17)
FNDA:0,(anonymous_18)
DA:1,0
DA:2,0
DA:4,0
DA:7,0
DA:14,0
DA:18,0
DA:19,0
DA:20,0
DA:23,0
DA:24,0
DA:27,0
DA:30,0
DA:32,0
DA:47,0
DA:50,0
DA:53,0
DA:56,0
DA:58,0
DA:63,0
DA:66,0
DA:74,0
DA:84,0
DA:87,0
DA:90,0
DA:94,0
DA:97,0
DA:98,0
DA:99,0
DA:100,0
DA:104,0
DA:111,0
DA:116,0
DA:132,0
DA:134,0
DA:135,0
DA:151,0
DA:154,0
DA:157,0
DA:160,0
DA:162,0
DA:170,0
DA:172,0
DA:182,0
DA:185,0
DA:187,0
DA:202,0
DA:209,0
DA:210,0
DA:213,0
DA:214,0
DA:230,0
DA:233,0
DA:235,0
DA:236,0
DA:238,0
DA:247,0
DA:248,0
DA:249,0
DA:251,0
DA:261,0
DA:264,0
DA:267,0
DA:269,0
DA:275,0
DA:283,0
DA:284,0
DA:285,0
DA:286,0
DA:287,0
DA:289,0
DA:297,0
DA:299,0
DA:315,0
DA:317,0
DA:320,0
DA:322,0
DA:325,0
DA:329,0
DA:339,0
LF:79
LH:0
BRDA:59,0,0,0
BRDA:59,0,1,0
BRDA:59,1,0,0
BRDA:59,1,1,0
BRDA:91,2,0,0
BRDA:91,2,1,0
BRDA:91,3,0,0
BRDA:91,3,1,0
BRDA:99,4,0,0
BRDA:134,5,0,0
BRDA:213,6,0,0
BRDA:248,7,0,0
BRDA:248,7,1,0
BRDA:267,8,0,0
BRDA:286,9,0,0
BRDA:286,10,0,0
BRDA:286,10,1,0
BRDA:286,10,2,0
BRDA:286,10,3,0
BRDA:315,11,0,0
BRDA:315,11,1,0
BRDA:320,12,0,0
BRDA:320,12,1,0
BRF:23
BRH:0
end_of_record
TN:
SF:packages/nestjs-cache/src/utils/get-expiration-date.util.ts
FN:3,(anonymous_1)
FNF:1
FNH:0
FNDA:0,(anonymous_1)
DA:1,0
DA:3,0
DA:6,0
DA:8,0
DA:9,0
DA:12,0
DA:15,0
DA:18,0
LF:8
LH:0
BRDA:6,0,0,0
BRDA:12,1,0,0
BRF:2
BRH:0
end_of_record
TN:
SF:packages/nestjs-common/src/index.ts
FN:1,(anonymous_0)
FN:2,(anonymous_1)
FN:3,(anonymous_2)
FN:6,(anonymous_3)
FN:9,(anonymous_4)
FNF:5
FNH:0
FNDA:0,(anonymous_0)
FNDA:0,(anonymous_1)
FNDA:0,(anonymous_2)
FNDA:0,(anonymous_3)
FNDA:0,(anonymous_4)
DA:1,0
DA:2,0
DA:3,0
DA:6,0
DA:9,0
LF:5
LH:0
BRF:0
BRH:0
end_of_record
TN:
SF:packages/nestjs-common/src/audit/dto/audit.dto.ts
FN:25,(anonymous_2)
FN:38,(anonymous_3)
FN:52,(anonymous_4)
FNF:3
FNH:0
FNDA:0,(anonymous_2)
FNDA:0,(anonymous_3)
FNDA:0,(anonymous_4)
DA:1,0
DA:2,0
DA:3,0
DA:15,0
DA:19,0
DA:25,0
DA:32,0
DA:38,0
DA:45,0
DA:52,0
DA:60,0
LF:11
LH:0
BRF:0
BRH:0
end_of_record
TN:
SF:packages/nestjs-common/src/common/common-entity.dto.ts
FN:11,(anonymous_2)
FNF:1
FNH:0
FNDA:0,(anonymous_2)
DA:2,0
DA:3,0
DA:4,0
DA:5,0
DA:11,0
DA:15,0
DA:21,0
LF:7
LH:0
BRF:0
BRH:0
end_of_record
TN:
SF:packages/nestjs-common/src/decorators/auth-user.decorator.ts
FN:18,(anonymous_0)
FNF:1
FNH:0
FNDA:0,(anonymous_0)
DA:1,0
DA:17,0
DA:19,0
DA:20,0
DA:22,0
LF:5
LH:0
BRDA:22,0,0,0
BRDA:22,0,1,0
BRDA:22,1,0,0
BRDA:22,1,1,0
BRDA:22,2,0,0
BRDA:22,2,1,0
BRF:6
BRH:0
end_of_record
TN:
SF:packages/nestjs-common/src/modules/utils/create-settings-provider.ts
FN:4,createSettingsProvider
FN:21,(anonymous_1)
FNF:2
FNH:0
FNDA:0,createSettingsProvider
FNDA:0,(anonymous_1)
DA:4,0
DA:15,0
DA:18,0
DA:27,0
DA:30,0
DA:32,0
DA:38,0
LF:7
LH:0
BRDA:27,0,0,0
BRDA:27,0,1,0
BRDA:27,1,0,0
BRDA:27,1,1,0
BRDA:27,2,0,0
BRDA:27,2,1,0
BRDA:27,3,0,0
BRDA:27,3,1,0
BRDA:27,4,0,0
BRDA:27,4,1,0
BRDA:27,5,0,0
BRDA:27,5,1,0
BRDA:30,6,0,0
BRDA:30,6,1,0
BRDA:30,7,0,0
BRDA:30,7,1,0
BRDA:30,8,0,0
BRDA:30,8,1,0
BRDA:38,9,0,0
BRDA:38,9,1,0
BRDA:38,10,0,0
BRDA:38,10,1,0
BRF:22
BRH:0
end_of_record
TN:
SF:packages/nestjs-common/src/reference/reference-id.dto.ts
FN:7,(anonymous_2)
FNF:1
FNH:0
FNDA:0,(anonymous_2)
DA:1,0
DA:2,0
DA:4,0
DA:7,0
DA:8,0
DA:14,0
LF:6
LH:0
BRF:0
BRH:0
end_of_record
TN:
SF:packages/nestjs-crud/src/crud.constants.ts
FNF:0
FNH:0
DA:5,0
DA:7,0
DA:10,0
DA:12,0
DA:15,0
DA:18,0
DA:21,0
DA:24,0
DA:27,0
DA:30,0
DA:33,0
DA:36,0
DA:39,0
DA:42,0
DA:45,0
DA:48,0
DA:51,0
DA:54,0
DA:57,0
DA:60,0
DA:63,0
DA:66,0
DA:69,0
DA:72,0
DA:75,0
DA:77,0
DA:79,0
DA:82,0
DA:85,0
DA:87,0
DA:90,0
DA:93,0
DA:97,0
DA:103,0
LF:34
LH:0
BRF:0
BRH:0
end_of_record
TN:
SF:packages/nestjs-crud/src/crud.enums.ts
FN:1,(anonymous_0)
FNF:1
FNH:0
FNDA:0,(anonymous_0)
DA:1,0
LF:1
LH:0
BRF:0
BRH:0
end_of_record
TN:
SF:packages/nestjs-crud/src/crud.module-definition.ts
FN:32,definitionTransform
FN:48,createCrudImports
FN:60,createCrudExports
FN:64,createCrudProviders
FN:75,createCrudSettingsProvider
FNF:5
FNH:0
FNDA:0,definitionTransform
FNDA:0,createCrudImports
FNDA:0,createCrudExports
FNDA:0,createCrudProviders
FNDA:0,createCrudSettingsProvider
DA:1,0
DA:6,0
DA:7,0
DA:10,0
DA:13,0
DA:14,0
DA:16,0
DA:18,0
DA:36,0
DA:37,0
DA:39,0
DA:48,0
DA:51,0
DA:53,0
DA:54,0
DA:56,0
DA:60,0
DA:61,0
DA:64,0
DA:68,0
DA:75,0
DA:78,0
LF:22
LH:0
BRDA:36,0,0,0
BRDA:37,1,0,0
BRDA:53,2,0,0
BRDA:53,2,1,0
BRDA:53,3,0,0
BRDA:53,3,1,0
BRDA:53,4,0,0
BRDA:53,4,1,0
BRDA:53,5,0,0
BRDA:53,5,1,0
BRDA:53,6,0,0
BRDA:53,6,1,0
BRDA:69,7,0,0
BRDA:69,7,1,0
BRDA:69,8,0,0
BRDA:69,8,1,0
BRF:16
BRH:0
end_of_record
TN:
SF:packages/nestjs-crud/src/crud.module.ts
FN:13,(anonymous_1)
FN:17,(anonymous_2)
FN:21,(anonymous_3)
FN:25,(anonymous_4)
FN:29,(anonymous_5)
FNF:5
FNH:0
FNDA:0,(anonymous_1)
FNDA:0,(anonymous_2)
FNDA:0,(anonymous_3)
FNDA:0,(anonymous_4)
FNDA:0,(anonymous_5)
DA:1,0
DA:2,0
DA:12,0
DA:14,0
DA:18,0
DA:22,0
DA:26,0
DA:30,0
LF:8
LH:0
BRF:0
BRH:0
end_of_record
TN:
SF:packages/nestjs-crud/src/index.ts
FN:2,(anonymous_0)
FN:11,(anonymous_1)
FN:14,(anonymous_2)
FN:15,(anonymous_3)
FN:16,(anonymous_4)
FN:17,(anonymous_5)
FN:18,(anonymous_6)
FN:19,(anonymous_7)
FN:20,(anonymous_8)
FN:21,(anonymous_9)
FN:22,(anonymous_10)
FN:25,(anonymous_11)
FN:26,(anonymous_12)
FN:27,(anonymous_13)
FN:28,(anonymous_14)
FN:29,(anonymous_15)
FN:30,(anonymous_16)
FN:31,(anonymous_17)
FN:32,(anonymous_18)
FN:33,(anonymous_19)
FN:34,(anonymous_20)
FN:35,(anonymous_21)
FN:36,(anonymous_22)
FN:37,(anonymous_23)
FN:38,(anonymous_24)
FN:39,(anonymous_25)
FN:42,(anonymous_26)
FN:43,(anonymous_27)
FN:46,(anonymous_28)
FN:47,(anonymous_29)
FN:50,(anonymous_30)
FN:51,(anonymous_31)
FNF:32
FNH:0
FNDA:0,(anonymous_0)
FNDA:0,(anonymous_1)
FNDA:0,(anonymous_2)
FNDA:0,(anonymous_3)
FNDA:0,(anonymous_4)
FNDA:0,(anonymous_5)
FNDA:0,(anonymous_6)
FNDA:0,(anonymous_7)
FNDA:0,(anonymous_8)
FNDA:0,(anonymous_9)
FNDA:0,(anonymous_10)
FNDA:0,(anonymous_11)
FNDA:0,(anonymous_12)
FNDA:0,(anonymous_13)
FNDA:0,(anonymous_14)
FNDA:0,(anonymous_15)
FNDA:0,(anonymous_16)
FNDA:0,(anonymous_17)
FNDA:0,(anonymous_18)
FNDA:0,(anonymous_19)
FNDA:0,(anonymous_20)
FNDA:0,(anonymous_21)
FNDA:0,(anonymous_22)
FNDA:0,(anonymous_23)
FNDA:0,(anonymous_24)
FNDA:0,(anonymous_25)
FNDA:0,(anonymous_26)
FNDA:0,(anonymous_27)
FNDA:0,(anonymous_28)
FNDA:0,(anonymous_29)
FNDA:0,(anonymous_30)
FNDA:0,(anonymous_31)
DA:2,0
DA:11,0
DA:14,0
DA:15,0
DA:16,0
DA:17,0
DA:18,0
DA:19,0
DA:20,0
DA:21,0
DA:22,0
DA:25,0
DA:26,0
DA:27,0
DA:28,0
DA:29,0
DA:30,0
DA:31,0
DA:32,0
DA:33,0
DA:34,0
DA:35,0
DA:36,0
DA:37,0
DA:38,0
DA:39,0
DA:42,0
DA:43,0
DA:46,0
DA:47,0
DA:50,0
DA:51,0
LF:32
LH:0
BRF:0
BRH:0
end_of_record
TN:
SF:packages/nestjs-crud/src/config/crud-default.config.ts
FN:13,(anonymous_0)
FNF:1
FNH:0
FNDA:0,(anonymous_0)
DA:1,0
DA:3,0
DA:11,0
DA:13,0
LF:4
LH:0
BRF:0
BRH:0
end_of_record
TN:
SF:packages/nestjs-crud/src/decorators/actions/crud-create-many.decorator.ts
FN:14,(anonymous_0)
FNF:1
FNH:0
FNDA:0,(anonymous_0)
DA:1,0
DA:3,0
DA:4,0
DA:5,0
DA:6,0
DA:7,0
DA:8,0
DA:9,0
DA:14,0
DA:22,0
DA:24,0
LF:11
LH:0
BRDA:15,0,0,0
BRDA:18,1,0,0
BRDA:29,2,0,0
BRDA:29,2,1,0
BRDA:29,3,0,0
BRDA:29,3,1,0
BRDA:30,4,0,0
BRDA:30,4,1,0
BRDA:30,5,0,0
BRDA:30,5,1,0
BRF:10
BRH:0
end_of_record
TN:
SF:packages/nestjs-crud/src/decorators/actions/crud-create-one.decorator.ts
FN:14,(anonymous_1)
FNF:1
FNH:0
FNDA:0,(anonymous_1)
DA:1,0
DA:3,0
DA:4,0
DA:5,0
DA:6,0
DA:7,0
DA:8,0
DA:9,0
DA:14,0
DA:15,0
DA:17,0
LF:11
LH:0
BRDA:14,0,0,0
BRDA:23,1,0,0
BRDA:23,1,1,0
BRDA:23,2,0,0
BRDA:23,2,1,0
BRDA:24,3,0,0
BRDA:24,3,1,0
BRDA:24,4,0,0
BRDA:24,4,1,0
BRF:9
BRH:0
end_of_record
TN:
SF:packages/nestjs-crud/src/decorators/actions/crud-delete-one.decorator.ts
FN:18,(anonymous_1)
FNF:1
FNH:0
FNDA:0,(anonymous_1)
DA:1,0
DA:3,0
DA:4,0
DA:5,0
DA:9,0
DA:10,0
DA:11,0
DA:12,0
DA:13,0
DA:18,0
DA:19,0
DA:23,0
DA:24,0
DA:27,0
LF:14
LH:0
BRDA:18,0,0,0
BRDA:20,1,0,0
BRDA:33,2,0,0
BRDA:33,2,1,0
BRDA:33,3,0,0
BRDA:33,3,1,0
BRDA:34,4,0,0
BRDA:34,4,1,0
BRDA:34,5,0,0
BRDA:34,5,1,0
BRDA:35,6,0,0
BRDA:35,6,1,0
BRDA:35,7,0,0
BRDA:35,7,1,0
BRF:14
BRH:0
end_of_record
TN:
SF:packages/nestjs-crud/src/decorators/actions/crud-read-all.decorator.ts
FN:14,(anonymous_0)
FNF:1
FNH:0
FNDA:0,(anonymous_0)
DA:1,0
DA:2,0
DA:4,0
DA:5,0
DA:6,0
DA:7,0
DA:8,0
DA:9,0
DA:14,0
DA:15,0
DA:17,0
LF:11
LH:0
BRDA:14,0,0,0
BRDA:22,1,0,0
BRDA:22,1,1,0
BRDA:22,2,0,0
BRDA:22,2,1,0
BRDA:23,3,0,0
BRDA:23,3,1,0
BRDA:23,4,0,0
BRDA:23,4,1,0
BRDA:24,5,0,0
BRDA:24,5,1,0
BRDA:24,6,0,0
BRDA:24,6,1,0
BRF:13
BRH:0
end_of_record
TN:
SF:packages/nestjs-crud/src/decorators/actions/crud-read-many.decorator.ts
FN:6,(anonymous_0)
FNF:1
FNH:0
FNDA:0,(anonymous_0)
DA:1,0
DA:6,0
DA:7,0
LF:3
LH:0
BRF:0
BRH:0
end_of_record
TN:
SF:packages/nestjs-crud/src/decorators/actions/crud-read-one.decorator.ts
FN:16,(anonymous_0)
FNF:1
FNH:0
FNDA:0,(anonymous_0)
DA:1,0
DA:2,0
DA:3,0
DA:5,0
DA:6,0
DA:7,0
DA:8,0
DA:9,0
DA:10,0
DA:11,0
DA:16,0
DA:22,0
DA:24,0
LF:13
LH:0
BRDA:16,0,0,0
BRDA:18,1,0,0
BRDA:29,2,0,0
BRDA:29,2,1,0
BRDA:29,3,0,0
BRDA:29,3,1,0
BRDA:30,4,0,0
BRDA:30,4,1,0
BRDA:30,5,0,0
BRDA:30,5,1,0
BRDA:31,6,0,0
BRDA:31,6,1,0
BRDA:31,7,0,0
BRDA:31,7,1,0
BRDA:32,8,0,0
BRDA:32,8,1,0
BRDA:32,9,0,0
BRDA:32,9,1,0
BRF:18
BRH:0
end_of_record
TN:
SF:packages/nestjs-crud/src/decorators/actions/crud-recover-one.decorator.ts
FN:18,(anonymous_1)
FNF:1
FNH:0
FNDA:0,(anonymous_1)
DA:1,0
DA:3,0
DA:4,0
DA:5,0
DA:9,0
DA:10,0
DA:11,0
DA:12,0
DA:13,0
DA:18,0
DA:21,0
DA:25,0
DA:26,0
DA:29,0
LF:14
LH:0
BRDA:19,0,0,0
BRDA:22,1,0,0
BRDA:35,2,0,0
BRDA:35,2,1,0
BRDA:35,3,0,0
BRDA:35,3,1,0
BRDA:36,4,0,0
BRDA:36,4,1,0
BRDA:36,5,0,0
BRDA:36,5,1,0
BRDA:37,6,0,0
BRDA:37,6,1,0
BRDA:37,7,0,0
BRDA:37,7,1,0
BRF:14
BRH:0
end_of_record
TN:
SF:packages/nestjs-crud/src/decorators/actions/crud-replace-one.decorator.ts
FN:18,(anonymous_1)
FNF:1
FNH:0
FNDA:0,(anonymous_1)
DA:1,0
DA:3,0
DA:4,0
DA:5,0
DA:9,0
DA:10,0
DA:11,0
DA:12,0
DA:13,0
DA:18,0
DA:21,0
DA:25,0
DA:26,0
DA:29,0
LF:14
LH:0
BRDA:19,0,0,0
BRDA:22,1,0,0
BRDA:35,2,0,0
BRDA:35,2,1,0
BRDA:35,3,0,0
BRDA:35,3,1,0
BRDA:36,4,0,0
BRDA:36,4,1,0
BRDA:36,5,0,0
BRDA:36,5,1,0
BRDA:37,6,0,0
BRDA:37,6,1,0
BRDA:37,7,0,0
BRDA:37,7,1,0
BRF:14
BRH:0
end_of_record
TN:
SF:packages/nestjs-crud/src/decorators/actions/crud-update-one.decorator.ts
FN:18,(anonymous_1)
FNF:1
FNH:0
FNDA:0,(anonymous_1)
DA:1,0
DA:3,0
DA:4,0
DA:5,0
DA:9,0
DA:10,0
DA:11,0
DA:12,0
DA:13,0
DA:18,0
DA:19,0
DA:23,0
DA:24,0
DA:27,0
LF:14
LH:0
BRDA:18,0,0,0
BRDA:20,1,0,0
BRDA:33,2,0,0
BRDA:33,2,1,0
BRDA:33,3,0,0
BRDA:33,3,1,0
BRDA:34,4,0,0
BRDA:34,4,1,0
BRDA:34,5,0,0
BRDA:34,5,1,0
BRDA:35,6,0,0
BRDA:35,6,1,0
BRDA:35,7,0,0
BRDA:35,7,1,0
BRF:14
BRH:0
end_of_record
TN:
SF:packages/nestjs-crud/src/decorators/controller/crud-controller.decorator.ts
FN:20,CrudController
FNF:1
FNH:0
FNDA:0,CrudController
DA:1,0
DA:3,0
DA:4,0
DA:5,0
DA:6,0
DA:7,0
DA:8,0
DA:9,0
DA:10,0
DA:11,0
DA:12,0
DA:13,0
DA:20,0
DA:22,0
DA:25,0
LF:15
LH:0
BRDA:28,0,0,0
BRDA:28,0,1,0
BRDA:28,1,0,0
BRDA:28,1,1,0
BRF:4
BRH:0
end_of_record
TN:
SF:packages/nestjs-crud/src/decorators/controller/crud-init-api-params.decorator.ts
FN:10,(anonymous_0)
FN:11,(anonymous_1)
FN:22,(anonymous_2)
FNF:3
FNH:0
FNDA:0,(anonymous_0)
FNDA:0,(anonymous_1)
FNDA:0,(anonymous_2)
DA:1,0
DA:2,0
DA:9,0
DA:10,0
DA:11,0
DA:13,0
DA:15,0
DA:19,0
DA:22,0
DA:24,0
DA:27,0
DA:33,0
DA:34,0
DA:38,0
DA:44,0
DA:46,0
DA:48,0
DA:51,0
DA:58,0
LF:19
LH:0
BRDA:19,0,0,0
BRDA:19,0,1,0
BRDA:19,1,0,0
BRDA:19,1,1,0
BRDA:33,2,0,0
BRDA:44,3,0,0
BRDA:52,4,0,0
BRDA:52,4,1,0
BRDA:52,5,0,0
BRDA:52,5,1,0
BRDA:54,6,0,0
BRDA:54,6,1,0
BRDA:55,7,0,0
BRDA:55,7,1,0
BRDA:55,8,0,0
BRDA:55,8,1,0
BRDA:55,9,0,0
BRDA:55,9,1,0
BRF:18
BRH:0
end_of_record
TN:
SF:packages/nestjs-crud/src/decorators/controller/crud-init-api-query.decorator.ts
FN:10,(anonymous_0)
FN:11,(anonymous_1)
FN:22,(anonymous_2)
FN:85,mapActionNameToQueryableBaseName
FNF:4
FNH:0
FNDA:0,(anonymous_0)
FNDA:0,(anonymous_1)
FNDA:0,(anonymous_2)
FNDA:0,mapActionNameToQueryableBaseName
DA:1,0
DA:2,0
DA:3,0
DA:4,0
DA:9,0
DA:10,0
DA:11,0
DA:13,0
DA:15,0
DA:19,0
DA:22,0
DA:24,0
DA:27,0
DA:33,0
DA:34,0
DA:38,0
DA:43,0
DA:46,0
DA:48,0
DA:54,0
DA:60,0
DA:63,0
DA:65,0
DA:67,0
DA:73,0
DA:88,0
DA:90,0
DA:92,0
DA:94,0
LF:29
LH:0
BRDA:19,0,0,0
BRDA:19,0,1,0
BRDA:19,1,0,0
BRDA:19,1,1,0
BRDA:24,2,0,0
BRDA:33,3,0,0
BRDA:46,4,0,0
BRDA:65,5,0,0
BRDA:88,6,0,0
BRDA:88,6,1,0
BRDA:88,6,2,0
BRF:11
BRH:0
end_of_record
TN:
SF:packages/nestjs-crud/src/decorators/controller/crud-init-api-response.decorator.ts
FN:8,(anonymous_0)
FN:9,(anonymous_1)
FN:20,(anonymous_2)
FNF:3
FNH:0
FNDA:0,(anonymous_0)
FNDA:0,(anonymous_1)
FNDA:0,(anonymous_2)
DA:1,0
DA:2,0
DA:7,0
DA:8,0
DA:9,0
DA:11,0
DA:13,0
DA:17,0
DA:20,0
DA:22,0
DA:25,0
DA:30,0
DA:31,0
DA:34,0
LF:14
LH:0
BRDA:17,0,0,0
BRDA:17,0,1,0
BRDA:17,1,0,0
BRDA:17,1,1,0
BRDA:30,2,0,0
BRF:5
BRH:0
end_of_record
TN:
SF:packages/nestjs-crud/src/decorators/controller/crud-init-serialization.decorator.ts
FN:9,(anonymous_0)
FNF:1
FNH:0
FNDA:0,(anonymous_0)
DA:1,0
DA:2,0
DA:9,0
DA:10,0
LF:4
LH:0
BRF:0
BRH:0
end_of_record
TN:
SF:packages/nestjs-crud/src/decorators/controller/crud-init-validation.decorator.ts
FN:11,(anonymous_0)
FN:12,(anonymous_1)
FN:30,(anonymous_2)
FNF:3
FNH:0
FNDA:0,(anonymous_0)
FNDA:0,(anonymous_1)
FNDA:0,(anonymous_2)
DA:1,0
DA:2,0
DA:3,0
DA:10,0
DA:11,0
DA:12,0
DA:14,0
DA:17,0
DA:20,0
DA:25,0
DA:28,0
DA:30,0
DA:32,0
DA:33,0
DA:36,0
DA:38,0
DA:44,0
DA:47,0
DA:51,0
LF:19
LH:0
BRDA:28,0,0,0
BRDA:32,1,0,0
BRDA:33,2,0,0
BRDA:36,3,0,0
BRF:4
BRH:0
end_of_record
TN:
SF:packages/nestjs-crud/src/decorators/openapi/crud-api-operation.decorator.ts
FN:7,CrudApiOperation
FN:10,(anonymous_1)
FNF:2
FNH:0
FNDA:0,CrudApiOperation
FNDA:0,(anonymous_1)
DA:1,0
DA:7,0
DA:10,0
DA:11,0
DA:13,0
DA:14,0
DA:19,0
DA:21,0
LF:8
LH:0
BRDA:13,0,0,0
BRDA:13,0,1,0
BRDA:13,1,0,0
BRDA:13,1,1,0
BRF:4
BRH:0
end_of_record
TN:
SF:packages/nestjs-crud/src/decorators/openapi/crud-api-param.decorator.ts
FN:11,CrudApiParam
FN:12,(anonymous_1)
FNF:2
FNH:0
FNDA:0,CrudApiParam
FNDA:0,(anonymous_1)
DA:1,0
DA:3,0
DA:6,0
DA:11,0
DA:12,0
DA:13,0
DA:15,0
DA:16,0
DA:19,0
DA:21,0
DA:23,0
DA:28,0
DA:30,0
LF:13
LH:0
BRDA:15,0,0,0
BRDA:21,1,0,0
BRDA:21,1,1,0
BRF:3
BRH:0
end_of_record
TN:
SF:packages/nestjs-crud/src/decorators/openapi/crud-api-query.decorator.ts
FN:11,CrudApiQuery
FN:12,(anonymous_1)
FNF:2
FNH:0
FNDA:0,CrudApiQuery
FNDA:0,(anonymous_1)
DA:1,0
DA:3,0
DA:6,0
DA:11,0
DA:12,0
DA:13,0
DA:15,0
DA:16,0
DA:18,0
DA:20,0
DA:25,0
DA:27,0
DA:29,0
LF:13
LH:0
BRDA:15,0,0,0
BRDA:15,0,1,0
BRDA:18,1,0,0
BRDA:18,1,1,0
BRF:4
BRH:0
end_of_record
TN:
SF:packages/nestjs-crud/src/decorators/openapi/crud-api-response.decorator.ts
FN:12,CrudApiResponse
FN:16,(anonymous_1)
FNF:2
FNH:0
FNDA:0,CrudApiResponse
FNDA:0,(anonymous_1)
DA:1,0
DA:4,0
DA:7,0
DA:12,0
DA:16,0
DA:17,0
DA:19,0
DA:20,0
DA:25,0
DA:28,0
DA:30,0
DA:36,0
DA:38,0
LF:13
LH:0
BRDA:19,0,0,0
BRDA:28,1,0,0
BRDA:28,1,1,0
BRF:3
BRH:0
end_of_record
TN:
SF:packages/nestjs-crud/src/decorators/params/crud-body.decorator.ts
FN:11,CrudBody
FN:14,(anonymous_1)
FNF:2
FNH:0
FNDA:0,CrudBody
FNDA:0,(anonymous_1)
DA:1,0
DA:2,0
DA:6,0
DA:11,0
DA:14,0
DA:15,0
DA:17,0
DA:18,0
DA:21,0
DA:23,0
DA:25,0
DA:32,0
DA:34,0
LF:13
LH:0
BRDA:17,0,0,0
BRDA:23,1,0,0
BRDA:23,1,1,0
BRDA:28,2,0,0
BRDA:28,2,1,0
BRDA:28,3,0,0
BRDA:28,3,1,0
BRDA:29,4,0,0
BRDA:29,4,1,0
BRDA:29,5,0,0
BRDA:29,5,1,0
BRDA:29,6,0,0
BRDA:29,6,1,0
BRDA:29,7,0,0
BRDA:29,7,1,0
BRF:15
BRH:0
end_of_record
TN:
SF:packages/nestjs-crud/src/decorators/params/crud-request.decorator.ts
FN:9,(anonymous_0)
FNF:1
FNH:0
FNDA:0,(anonymous_0)
DA:1,0
DA:3,0
DA:8,0
DA:10,0
DA:11,0
LF:5
LH:0
BRF:0
BRH:0
end_of_record
TN:
SF:packages/nestjs-crud/src/decorators/routes/crud-action.decorator.ts
FN:9,(anonymous_0)
FNF:1
FNH:0
FNDA:0,(anonymous_0)
DA:1,0
DA:2,0
DA:4,0
DA:9,0
DA:10,0
LF:5
LH:0
BRF:0
BRH:0
end_of_record
TN:
SF:packages/nestjs-crud/src/decorators/routes/crud-allow.decorator.ts
FN:10,(anonymous_0)
FNF:1
FNH:0
FNDA:0,(anonymous_0)
DA:1,0
DA:2,0
DA:10,0
DA:11,0
LF:4
LH:0
BRF:0
BRH:0
end_of_record
TN:
SF:packages/nestjs-crud/src/decorators/routes/crud-always-paginate.decorator.ts
FN:10,(anonymous_0)
FNF:1
FNH:0
FNDA:0,(anonymous_0)
DA:1,0
DA:2,0
DA:10,0
DA:13,0
LF:4
LH:0
BRF:0
BRH:0
end_of_record
TN:
SF:packages/nestjs-crud/src/decorators/routes/crud-cache.decorator.ts
FN:10,(anonymous_0)
FNF:1
FNH:0
FNDA:0,(anonymous_0)
DA:1,0
DA:2,0
DA:10,0
DA:11,0
LF:4
LH:0
BRF:0
BRH:0
end_of_record
TN:
SF:packages/nestjs-crud/src/decorators/routes/crud-exclude.decorator.ts
FN:10,(anonymous_0)
FNF:1
FNH:0
FNDA:0,(anonymous_0)
DA:1,0
DA:2,0
DA:10,0
DA:11,0
LF:4
LH:0
BRF:0
BRH:0
end_of_record
TN:
SF:packages/nestjs-crud/src/decorators/routes/crud-filter.decorator.ts
FN:10,(anonymous_0)
FNF:1
FNH:0
FNDA:0,(anonymous_0)
DA:1,0
DA:2,0
DA:10,0
DA:11,0
LF:4
LH:0
BRF:0
BRH:0
end_of_record
TN:
SF:packages/nestjs-crud/src/decorators/routes/crud-join.decorator.ts
FN:10,(anonymous_0)
FNF:1
FNH:0
FNDA:0,(anonymous_0)
DA:1,0
DA:2,0
DA:10,0
DA:11,0
LF:4
LH:0
BRF:0
BRH:0
end_of_record
TN:
SF:packages/nestjs-crud/src/decorators/routes/crud-limit.decorator.ts
FN:10,(anonymous_0)
FNF:1
FNH:0
FNDA:0,(anonymous_0)
DA:1,0
DA:2,0
DA:10,0
DA:11,0
LF:4
LH:0
BRF:0
BRH:0
end_of_record
TN:
SF:packages/nestjs-crud/src/decorators/routes/crud-max-limit.decorator.ts
FN:10,(anonymous_0)
FNF:1
FNH:0
FNDA:0,(anonymous_0)
DA:1,0
DA:2,0
DA:10,0
DA:11,0
LF:4
LH:0
BRF:0
BRH:0
end_of_record
TN:
SF:packages/nestjs-crud/src/decorators/routes/crud-model.decorator.ts
FN:10,(anonymous_0)
FNF:1
FNH:0
FNDA:0,(anonymous_0)
DA:1,0
DA:2,0
DA:10,0
DA:11,0
LF:4
LH:0
BRF:0
BRH:0
end_of_record
TN:
SF:packages/nestjs-crud/src/decorators/routes/crud-params.decorator.ts
FN:10,(anonymous_0)
FNF:1
FNH:0
FNDA:0,(anonymous_0)
DA:1,0
DA:3,0
DA:10,0
DA:11,0
LF:4
LH:0
BRF:0
BRH:0
end_of_record
TN:
SF:packages/nestjs-crud/src/decorators/routes/crud-serialize.decorator.ts
FN:8,(anonymous_0)
FNF:1
FNH:0
FNDA:0,(anonymous_0)
DA:1,0
DA:2,0
DA:8,0
DA:9,0
LF:4
LH:0
BRF:0
BRH:0
end_of_record
TN:
SF:packages/nestjs-crud/src/decorators/routes/crud-soft-delete.decorator.ts
FN:10,(anonymous_0)
FNF:1
FNH:0
FNDA:0,(anonymous_0)
DA:1,0
DA:2,0
DA:10,0
DA:12,0
LF:4
LH:0
BRF:0
BRH:0
end_of_record
TN:
SF:packages/nestjs-crud/src/decorators/routes/crud-sort.decorator.ts
FN:10,(anonymous_0)
FNF:1
FNH:0
FNDA:0,(anonymous_0)
DA:1,0
DA:2,0
DA:10,0
DA:11,0
LF:4
LH:0
BRF:0
BRH:0
end_of_record
TN:
SF:packages/nestjs-crud/src/decorators/routes/crud-validate.decorator.ts
FN:19,(anonymous_0)
FNF:1
FNH:0
FNDA:0,(anonymous_0)
DA:1,0
DA:2,0
DA:19,0
DA:20,0
LF:4
LH:0
BRF:0
BRH:0
end_of_record
TN:
SF:packages/nestjs-crud/src/decorators/util/apply-api-response.decorator.ts
FN:22,applyApiResponse
FN:26,(anonymous_1)
FN:131,createArraySchema
FN:140,createPaginatedSchema
FN:148,createPaginatedResponse
FN:159,createArrayOrPaginatedResponse
FN:176,createReadAllResponse
FNF:7
FNH:0
FNDA:0,applyApiResponse
FNDA:0,(anonymous_1)
FNDA:0,createArraySchema
FNDA:0,createPaginatedSchema
FNDA:0,createPaginatedResponse
FNDA:0,createArrayOrPaginatedResponse
FNDA:0,createReadAllResponse
DA:1,0
DA:2,0
DA:10,0
DA:12,0
DA:13,0
DA:14,0
DA:22,0
DA:26,0
DA:28,0
DA:31,0
DA:33,0
DA:34,0
DA:40,0
DA:46,0
DA:53,0
DA:59,0
DA:64,0
DA:67,0
DA:70,0
DA:73,0
DA:80,0
DA:84,0
DA:85,0
DA:89,0
DA:93,0
DA:97,0
DA:101,0
DA:109,0
DA:110,0
DA:114,0
DA:122,0
DA:123,0
DA:132,0
DA:143,0
DA:153,0
DA:165,0
DA:184,0
DA:186,0
DA:189,0
LF:39
LH:0
BRDA:24,0,0,0
BRDA:33,1,0,0
BRDA:53,2,0,0
BRDA:53,2,1,0
BRDA:53,3,0,0
BRDA:53,3,1,0
BRDA:53,4,0,0
BRDA:53,4,1,0
BRDA:53,5,0,0
BRDA:53,5,1,0
BRDA:53,6,0,0
BRDA:53,6,1,0
BRDA:53,7,0,0
BRDA:53,7,1,0
BRDA:59,8,0,0
BRDA:59,8,1,0
BRDA:59,9,0,0
BRDA:59,9,1,0
BRDA:59,10,0,0
BRDA:59,10,1,0
BRDA:59,11,0,0
BRDA:59,11,1,0
BRDA:59,12,0,0
BRDA:59,12,1,0
BRDA:59,13,0,0
BRDA:59,13,1,0
BRDA:70,14,0,0
BRDA:70,14,1,0
BRDA:70,14,2,0
BRDA:70,14,3,0
BRDA:70,14,4,0
BRDA:70,14,5,0
BRDA:70,14,6,0
BRDA:70,14,7,0
BRDA:70,14,8,0
BRDA:78,15,0,0
BRDA:78,15,1,0
BRDA:78,16,0,0
BRDA:78,16,1,0
BRDA:78,17,0,0
BRDA:78,17,1,0
BRDA:78,18,0,0
BRDA:78,18,1,0
BRDA:90,19,0,0
BRDA:90,19,1,0
BRDA:90,20,0,0
BRDA:90,20,1,0
BRDA:90,21,0,0
BRDA:90,21,1,0
BRDA:90,22,0,0
BRDA:90,22,1,0
BRDA:90,23,0,0
BRDA:90,23,1,0
BRDA:98,24,0,0
BRDA:98,24,1,0
BRDA:98,25,0,0
BRDA:98,25,1,0
BRDA:98,26,0,0
BRDA:98,26,1,0
BRDA:98,27,0,0
BRDA:98,27,1,0
BRDA:98,28,0,0
BRDA:98,28,1,0
BRDA:184,29,0,0
BRDA:184,29,1,0
BRF:65
BRH:0
end_of_record
TN:
SF:packages/nestjs-crud/src/dto/crud-create-many.dto.ts
FN:8,(anonymous_2)
FN:14,(anonymous_3)
FNF:2
FNH:0
FNDA:0,(anonymous_2)
FNDA:0,(anonymous_3)
DA:1,0
DA:2,0
DA:3,0
DA:5,0
DA:8,0
DA:9,0
DA:14,0
DA:15,0
LF:8
LH:0
BRF:0
BRH:0
end_of_record
TN:
SF:packages/nestjs-crud/src/dto/crud-invalid-mutation.dto.ts
FN:4,(anonymous_0)
FNF:1
FNH:0
FNDA:0,(anonymous_0)
DA:1,0
DA:3,0
DA:5,0
LF:3
LH:0
BRF:0
BRH:0
end_of_record
TN:
SF:packages/nestjs-crud/src/dto/crud-invalid-response.dto.ts
FN:6,(anonymous_2)
FNF:1
FNH:0
FNDA:0,(anonymous_2)
DA:1,0
DA:2,0
DA:5,0
DA:7,0
LF:4
LH:0
BRF:0
BRH:0
end_of_record
TN:
SF:packages/nestjs-crud/src/dto/crud-response-paginated.dto.ts
FN:7,(anonymous_2)
FN:16,(anonymous_3)
FNF:2
FNH:0
FNDA:0,(anonymous_2)
FNDA:0,(anonymous_3)
DA:1,0
DA:2,0
DA:4,0
DA:7,0
DA:10,0
DA:16,0
DA:17,0
DA:19,0
DA:21,0
DA:23,0
DA:28,0
DA:30,0
DA:32,0
DA:34,0
DA:36,0
LF:15
LH:0
BRF:0
BRH:0
end_of_record
TN:
SF:packages/nestjs-crud/src/exceptions/crud-query.exception.ts
FN:12,(anonymous_0)
FNF:1
FNH:0
FNDA:0,(anonymous_0)
DA:1,0
DA:2,0
DA:4,0
DA:5,0
DA:17,0
DA:18,0
LF:6
LH:0
BRDA:15,0,0,0
BRDA:21,1,0,0
BRDA:21,1,1,0
BRF:3
BRH:0
end_of_record
TN:
SF:packages/nestjs-crud/src/interceptors/crud-request.interceptor.ts
FN:17,(anonymous_2)
FN:21,(anonymous_3)
FNF:2
FNH:0
FNDA:0,(anonymous_2)
FNDA:0,(anonymous_3)
DA:1,0
DA:7,0
DA:8,0
DA:12,0
DA:13,0
DA:16,0
DA:17,0
DA:18,0
DA:22,0
DA:24,0
DA:25,0
DA:26,0
DA:31,0
DA:33,0
DA:35,0
DA:37,0
DA:41,0
DA:47,0
DA:49,0
LF:19
LH:0
BRDA:25,0,0,0
BRDA:38,1,0,0
BRDA:38,1,1,0
BRDA:38,2,0,0
BRDA:38,2,1,0
BRDA:49,3,0,0
BRDA:49,3,1,0
BRF:7
BRH:0
end_of_record
TN:
SF:packages/nestjs-crud/src/interceptors/crud-serialize.interceptor.ts
FN:32,(anonymous_4)
FN:40,(anonymous_5)
FN:47,(anonymous_6)
FN:53,(anonymous_7)
FN:85,(anonymous_8)
FN:93,(anonymous_9)
FN:100,(anonymous_10)
FNF:7
FNH:0
FNDA:0,(anonymous_4)
FNDA:0,(anonymous_5)
FNDA:0,(anonymous_6)
FNDA:0,(anonymous_7)
FNDA:0,(anonymous_8)
FNDA:0,(anonymous_9)
FNDA:0,(anonymous_10)
DA:1,0
DA:10,0
DA:11,0
DA:17,0
DA:19,0
DA:20,0
DA:24,0
DA:25,0
DA:31,0
DA:33,0
DA:34,0
DA:42,0
DA:45,0
DA:47,0
DA:58,0
DA:60,0
DA:65,0
DA:70,0
DA:72,0
DA:79,0
DA:90,0
DA:97,0
DA:105,0
DA:111,0
DA:117,0
DA:119,0
DA:123,0
DA:125,0
DA:129,0
LF:29
LH:0
[...]
FN:228,(anonymous_13)
FN:244,createUserPasswordHistoryMutateServiceProvider
FN:256,(anonymous_15)
FN:272,createUserPasswordHistoryServiceProvider
FN:295,(anonymous_17)
FN:328,createUserAccessQueryServiceProvider
FN:334,(anonymous_19)
FNF:20
FNH:0
FNDA:0,definitionTransform
FNDA:0,createUserImports
FNDA:0,createUserProviders
FNDA:0,createUserExports
FNDA:0,createUserControllers
FNDA:0,createUserSettingsProvider
FNDA:0,createUserLookupServiceProvider
FNDA:0,(anonymous_7)
FNDA:0,createUserMutateServiceProvider
FNDA:0,(anonymous_9)
FNDA:0,createUserPasswordServiceProvider
FNDA:0,(anonymous_11)
FNDA:0,createUserPasswordHistoryLookupServiceProvider
FNDA:0,(anonymous_13)
FNDA:0,createUserPasswordHistoryMutateServiceProvider
FNDA:0,(anonymous_15)
FNDA:0,createUserPasswordHistoryServiceProvider
FNDA:0,(anonymous_17)
FNDA:0,createUserAccessQueryServiceProvider
FNDA:0,(anonymous_19)
DA:2,0
DA:7,0
DA:8,0
DA:9,0
DA:10,0
DA:15,0
DA:29,0
DA:30,0
DA:31,0
DA:32,0
DA:33,0
DA:34,0
DA:35,0
DA:36,0
DA:37,0
DA:38,0
DA:39,0
DA:40,0
DA:42,0
DA:44,0
DA:62,0
DA:63,0
DA:65,0
DA:66,0
DA:69,0
DA:79,0
DA:82,0
DA:89,0
DA:93,0
DA:111,0
DA:114,0
DA:127,0
DA:130,0
DA:135,0
DA:138,0
DA:146,0
DA:149,0
DA:159,0
DA:165,0
DA:168,0
DA:180,0
DA:186,0
DA:189,0
DA:206,0
DA:216,0
DA:217,0
DA:232,0
DA:236,0
DA:244,0
DA:245,0
DA:260,0
DA:264,0
DA:272,0
DA:275,0
DA:303,0
DA:306,0
DA:310,0
DA:311,0
DA:312,0
DA:317,0
DA:328,0
DA:331,0
DA:335,0
LF:63
LH:0
BRDA:62,0,0,0
BRDA:62,1,0,0
BRDA:63,2,0,0
BRDA:65,3,0,0
BRDA:83,4,0,0
BRDA:83,4,1,0
BRDA:83,5,0,0
BRDA:83,5,1,0
BRDA:94,6,0,0
BRDA:94,6,1,0
BRDA:94,7,0,0
BRDA:94,7,1,0
BRDA:128,8,0,0
BRDA:130,9,0,0
BRDA:130,9,1,0
BRDA:130,10,0,0
BRDA:130,10,1,0
BRDA:130,11,0,0
BRDA:130,11,1,0
BRDA:159,12,0,0
BRDA:159,12,1,0
BRDA:159,13,0,0
BRDA:159,13,1,0
BRDA:159,14,0,0
BRDA:159,14,1,0
BRDA:159,15,0,0
BRDA:159,15,1,0
BRDA:159,16,0,0
BRDA:159,16,1,0
BRDA:159,17,0,0
BRDA:159,17,1,0
BRDA:180,18,0,0
BRDA:180,18,1,0
BRDA:180,19,0,0
BRDA:180,19,1,0
BRDA:180,20,0,0
BRDA:180,20,1,0
BRDA:180,21,0,0
BRDA:180,21,1,0
BRDA:180,22,0,0
BRDA:180,22,1,0
BRDA:180,23,0,0
BRDA:180,23,1,0
BRDA:206,24,0,0
BRDA:206,24,1,0
BRDA:206,25,0,0
BRDA:206,25,1,0
BRDA:206,26,0,0
BRDA:206,26,1,0
BRDA:206,27,0,0
BRDA:206,27,1,0
BRDA:206,28,0,0
BRDA:206,28,1,0
BRDA:206,29,0,0
BRDA:206,29,1,0
BRDA:232,30,0,0
BRDA:233,31,0,0
BRDA:233,31,1,0
BRDA:233,32,0,0
BRDA:233,32,1,0
BRDA:233,33,0,0
BRDA:233,33,1,0
BRDA:233,34,0,0
BRDA:233,34,1,0
BRDA:233,35,0,0
BRDA:233,35,1,0
BRDA:260,36,0,0
BRDA:261,37,0,0
BRDA:261,37,1,0
BRDA:261,38,0,0
BRDA:261,38,1,0
BRDA:261,39,0,0
BRDA:261,39,1,0
BRDA:261,40,0,0
BRDA:261,40,1,0
BRDA:261,41,0,0
BRDA:261,41,1,0
BRDA:303,42,0,0
BRDA:303,43,0,0
BRDA:303,43,1,0
BRDA:303,44,0,0
BRDA:303,44,1,0
BRDA:303,45,0,0
BRDA:303,45,1,0
BRDA:303,46,0,0
BRDA:303,46,1,0
BRDA:306,47,0,0
BRDA:306,47,1,0
BRDA:306,48,0,0
BRDA:306,48,1,0
BRDA:306,49,0,0
BRDA:306,49,1,0
BRDA:306,50,0,0
BRDA:306,50,1,0
BRDA:310,51,0,0
BRDA:310,51,1,0
BRDA:312,52,0,0
BRDA:313,53,0,0
BRDA:313,53,1,0
BRDA:313,53,2,0
BRDA:335,54,0,0
BRDA:335,54,1,0
BRDA:335,55,0,0
BRDA:335,55,1,0
BRDA:335,56,0,0
BRDA:335,56,1,0
BRDA:335,57,0,0
BRDA:335,57,1,0
BRDA:335,58,0,0
BRDA:335,58,1,0
BRDA:335,59,0,0
BRDA:335,59,1,0
BRF:112
BRH:0
end_of_record
TN:
SF:packages/nestjs-user/src/user.module.ts
FN:18,(anonymous_1)
FN:22,(anonymous_2)
FN:26,(anonymous_3)
FN:30,(anonymous_4)
FN:34,(anonymous_5)
FNF:5
FNH:0
FNDA:0,(anonymous_1)
FNDA:0,(anonymous_2)
FNDA:0,(anonymous_3)
FNDA:0,(anonymous_4)
FNDA:0,(anonymous_5)
DA:1,0
DA:3,0
DA:17,0
DA:19,0
DA:23,0
DA:27,0
DA:31,0
DA:35,0
DA:37,0
DA:38,0
DA:41,0
LF:11
LH:0
BRDA:37,0,0,0
BRF:1
BRH:0
end_of_record
TN:
SF:packages/nestjs-user/src/user.types.ts
FN:1,(anonymous_0)
FNF:1
FNH:0
FNDA:0,(anonymous_0)
DA:1,0
DA:2,0
DA:3,0
LF:3
LH:0
BRDA:1,0,0,0
BRDA:1,0,1,0
BRF:2
BRH:0
end_of_record
TN:
SF:packages/nestjs-user/src/config/user-default.config.ts
FN:13,(anonymous_0)
FNF:1
FNH:0
FNDA:0,(anonymous_0)
DA:1,0
DA:3,0
DA:11,0
DA:15,0
DA:18,0
DA:22,0
LF:6
LH:0
BRDA:15,0,0,0
BRDA:15,0,1,0
BRDA:15,1,0,0
BRDA:15,1,1,0
BRDA:18,2,0,0
BRDA:18,2,1,0
BRDA:18,3,0,0
BRDA:18,3,1,0
BRDA:18,4,0,0
BRDA:18,4,1,0
BRDA:18,5,0,0
BRDA:18,5,1,0
BRDA:18,6,0,0
BRDA:18,6,1,0
BRDA:19,7,0,0
BRDA:19,7,1,0
BRDA:19,8,0,0
BRDA:19,8,1,0
BRDA:25,9,0,0
BRDA:25,9,1,0
BRDA:25,10,0,0
BRDA:25,10,1,0
BRF:22
BRH:0
end_of_record
TN:
SF:packages/nestjs-user/src/dto/user-create-many.dto.ts
FN:12,(anonymous_2)
FN:19,(anonymous_3)
FNF:2
FNH:0
FNDA:0,(anonymous_2)
FNDA:0,(anonymous_3)
DA:1,0
DA:2,0
DA:3,0
DA:5,0
DA:6,0
DA:12,0
DA:13,0
DA:19,0
DA:22,0
LF:9
LH:0
BRF:0
BRH:0
end_of_record
TN:
SF:packages/nestjs-user/src/dto/user-create.dto.ts
FNF:0
FNH:0
DA:1,0
DA:2,0
DA:4,0
DA:5,0
DA:11,0
LF:5
LH:0
BRF:0
BRH:0
end_of_record
TN:
SF:packages/nestjs-user/src/dto/user-paginated.dto.ts
FN:11,(anonymous_2)
FN:18,(anonymous_3)
FNF:2
FNH:0
FNDA:0,(anonymous_2)
FNDA:0,(anonymous_3)
DA:1,0
DA:2,0
DA:4,0
DA:5,0
DA:11,0
DA:12,0
DA:18,0
DA:19,0
LF:8
LH:0
BRF:0
BRH:0
end_of_record
TN:
SF:packages/nestjs-user/src/dto/user-password-history-create.dto.ts
FNF:0
FNH:0
DA:1,0
DA:2,0
DA:3,0
DA:10,0
LF:4
LH:0
BRF:0
BRH:0
end_of_record
TN:
SF:packages/nestjs-user/src/dto/user-password-history.dto.ts
FNF:0
FNH:0
DA:1,0
DA:2,0
DA:3,0
DA:4,0
DA:12,0
DA:19,0
DA:30,0
DA:41,0
LF:8
LH:0
BRF:0
BRH:0
end_of_record
TN:
SF:packages/nestjs-user/src/dto/user-password-update.dto.ts
FNF:0
FNH:0
DA:1,0
DA:2,0
DA:3,0
DA:5,0
DA:11,0
DA:15,0
LF:6
LH:0
BRF:0
BRH:0
end_of_record
TN:
SF:packages/nestjs-user/src/dto/user-password.dto.ts
FNF:0
FNH:0
DA:1,0
DA:2,0
DA:3,0
DA:10,0
DA:11,0
LF:5
LH:0
BRF:0
BRH:0
end_of_record
TN:
SF:packages/nestjs-user/src/dto/user-update.dto.ts
FNF:0
FNH:0
DA:1,0
DA:2,0
DA:4,0
DA:5,0
DA:6,0
DA:12,0
LF:6
LH:0
BRF:0
BRH:0
end_of_record
TN:
SF:packages/nestjs-user/src/dto/user.dto.ts
FN:11,(anonymous_2)
FNF:1
FNH:0
FNDA:0,(anonymous_2)
DA:1,0
DA:2,0
DA:3,0
DA:4,0
DA:11,0
DA:15,0
DA:21,0
DA:26,0
DA:32,0
DA:37,0
LF:10
LH:0
BRF:0
BRH:0
end_of_record
TN:
SF:packages/nestjs-user/src/entities/user-password-history-postgres.entity.ts
FN:10,(anonymous_2)
FNF:1
FNH:0
FNDA:0,(anonymous_2)
DA:1,0
DA:3,0
DA:10,0
DA:17,0
DA:18,0
DA:23,0
DA:24,0
DA:29,0
LF:8
LH:0
BRF:0
BRH:0
end_of_record
TN:
SF:packages/nestjs-user/src/entities/user-password-history-sqlite.entity.ts
FN:10,(anonymous_2)
FNF:1
FNH:0
FNDA:0,(anonymous_2)
DA:1,0
DA:3,0
DA:10,0
DA:17,0
DA:18,0
DA:23,0
DA:24,0
DA:29,0
LF:8
LH:0
BRF:0
BRH:0
end_of_record
TN:
SF:packages/nestjs-user/src/entities/user-postgres.entity.ts
FN:9,(anonymous_2)
FNF:1
FNH:0
FNDA:0,(anonymous_2)
DA:1,0
DA:2,0
DA:9,0
DA:16,0
DA:22,0
DA:28,0
DA:34,0
DA:35,0
DA:40,0
DA:41,0
LF:10
LH:0
BRF:0
BRH:0
end_of_record
TN:
SF:packages/nestjs-user/src/entities/user-sqlite.entity.ts
FN:6,(anonymous_2)
FNF:1
FNH:0
FNDA:0,(anonymous_2)
DA:1,0
DA:2,0
DA:6,0
DA:13,0
DA:19,0
DA:25,0
DA:31,0
DA:32,0
DA:37,0
DA:38,0
LF:10
LH:0
BRF:0
BRH:0
end_of_record
TN:
SF:packages/nestjs-user/src/exceptions/user-exception.ts
FN:14,(anonymous_0)
FNF:1
FNH:0
FNDA:0,(anonymous_0)
DA:1,0
DA:6,0
DA:7,0
DA:15,0
DA:16,0
LF:5
LH:0
BRF:0
BRH:0
end_of_record
TN:
SF:packages/nestjs-user/src/exceptions/user-not-found-exception.ts
FN:6,(anonymous_0)
FNF:1
FNH:0
FNDA:0,(anonymous_0)
DA:3,0
DA:4,0
DA:7,0
LF:3
LH:0
BRDA:6,0,0,0
BRF:1
BRH:0
end_of_record
TN:
SF:packages/nestjs-user/src/listeners/invitation-accepted-listener.ts
FN:26,(anonymous_4)
FN:38,(anonymous_5)
FN:44,(anonymous_6)
FNF:3
FNH:0
FNDA:0,(anonymous_4)
FNDA:0,(anonymous_5)
FNDA:0,(anonymous_6)
DA:1,0
DA:6,0
DA:10,0
DA:12,0
DA:13,0
DA:15,0
DA:16,0
DA:17,0
DA:20,0
DA:28,0
DA:29,0
DA:30,0
DA:33,0
DA:35,0
DA:39,0
DA:40,0
DA:51,0
DA:55,0
DA:57,0
DA:58,0
DA:63,0
DA:68,0
DA:69,0
DA:72,0
DA:77,0
DA:81,0
LF:26
LH:0
BRDA:39,0,0,0
BRDA:39,1,0,0
BRDA:39,1,1,0
BRDA:51,2,0,0
BRDA:52,3,0,0
BRDA:52,3,1,0
BRDA:52,4,0,0
BRDA:52,4,1,0
BRDA:52,5,0,0
BRDA:52,5,1,0
BRDA:52,6,0,0
BRDA:52,6,1,0
BRDA:52,7,0,0
BRDA:52,7,1,0
BRDA:52,8,0,0
BRDA:52,8,1,0
BRDA:55,9,0,0
BRDA:55,9,1,0
BRDA:55,10,0,0
BRDA:55,10,1,0
BRDA:55,11,0,0
BRDA:55,11,1,0
BRDA:55,12,0,0
BRDA:55,12,1,0
BRDA:55,13,0,0
BRDA:55,13,1,0
BRDA:55,14,0,0
BRDA:55,14,1,0
BRDA:57,15,0,0
BRDA:57,16,0,0
BRDA:57,16,1,0
BRDA:65,17,0,0
BRDA:65,17,1,0
BRDA:65,18,0,0
BRDA:65,18,1,0
BRDA:68,19,0,0
BRDA:74,20,0,0
BRDA:74,20,1,0
BRDA:74,21,0,0
BRDA:74,21,1,0
BRF:40
BRH:0
end_of_record
TN:
SF:packages/nestjs-user/src/listeners/invitation-get-user.listener.ts
FN:32,(anonymous_4)
FN:44,(anonymous_5)
FN:50,(anonymous_6)
FN:68,(anonymous_7)
FNF:4
FNH:0
FNDA:0,(anonymous_4)
FNDA:0,(anonymous_5)
FNDA:0,(anonymous_6)
FNDA:0,(anonymous_7)
DA:1,0
DA:6,0
DA:17,0
DA:18,0
DA:20,0
DA:23,0
DA:34,0
DA:35,0
DA:36,0
DA:39,0
DA:41,0
DA:45,0
DA:46,0
DA:63,0
DA:65,0
DA:72,0
DA:74,0
DA:75,0
DA:84,0
LF:19
LH:0
BRDA:45,0,0,0
BRDA:45,1,0,0
BRDA:45,1,1,0
BRDA:74,2,0,0
BRF:4
BRH:0
end_of_record
TN:
SF:packages/nestjs-user/src/services/user-access-query.service.ts
FN:14,(anonymous_1)
FN:18,(anonymous_2)
FNF:2
FNH:0
FNDA:0,(anonymous_1)
FNDA:0,(anonymous_2)
DA:1,0
DA:2,0
DA:3,0
DA:8,0
DA:9,0
DA:10,0
DA:13,0
DA:15,0
DA:21,0
DA:23,0
DA:24,0
DA:26,0
DA:27,0
DA:29,0
DA:30,0
DA:32,0
DA:33,0
DA:38,0
LF:18
LH:0
BRDA:23,0,0,0
BRDA:23,1,0,0
BRDA:23,1,1,0
BRDA:32,2,0,0
BRDA:32,3,0,0
BRDA:32,3,1,0
BRDA:32,4,0,0
BRDA:32,4,1,0
BRDA:32,5,0,0
BRDA:32,5,1,0
BRF:10
BRH:0
end_of_record
TN:
SF:packages/nestjs-user/src/services/user-crud.service.ts
FN:18,(anonymous_4)
FNF:1
FNH:0
FNDA:0,(anonymous_4)
DA:1,0
DA:2,0
DA:3,0
DA:4,0
DA:5,0
DA:12,0
DA:20,0
DA:22,0
LF:8
LH:0
BRF:0
BRH:0
end_of_record
TN:
SF:packages/nestjs-user/src/services/user-lookup.service.ts
FN:28,(anonymous_4)
FN:40,(anonymous_5)
FN:52,(anonymous_6)
FN:64,(anonymous_7)
FNF:4
FNH:0
FNDA:0,(anonymous_4)
FNDA:0,(anonymous_5)
FNDA:0,(anonymous_6)
FNDA:0,(anonymous_7)
DA:1,0
DA:2,0
DA:8,0
DA:9,0
DA:11,0
DA:19,0
DA:32,0
DA:44,0
DA:56,0
DA:68,0
LF:10
LH:0
BRF:0
BRH:0
end_of_record
TN:
SF:packages/nestjs-user/src/services/user-mutate.service.ts
FN:39,(anonymous_4)
FN:47,(anonymous_5)
FNF:2
FNH:0
FNDA:0,(anonymous_4)
FNDA:0,(anonymous_5)
DA:1,0
DA:2,0
DA:3,0
DA:9,0
DA:11,0
DA:12,0
DA:15,0
DA:16,0
DA:22,0
DA:30,0
DA:31,0
DA:42,0
DA:44,0
DA:51,0
DA:53,0
DA:56,0
LF:16
LH:0
BRDA:51,0,0,0
BRDA:51,0,1,0
BRDA:51,1,0,0
BRDA:51,1,1,0
BRDA:53,2,0,0
BRDA:53,2,1,0
BRDA:53,3,0,0
BRDA:53,3,1,0
BRF:8
BRH:0
end_of_record
TN:
SF:packages/nestjs-user/src/services/user-password-history-lookup.service.ts
FN:12,(anonymous_4)
FN:19,(anonymous_5)
FNF:2
FNH:0
FNDA:0,(anonymous_4)
FNDA:0,(anonymous_5)
DA:1,0
DA:2,0
DA:3,0
DA:4,0
DA:6,0
DA:11,0
DA:14,0
DA:16,0
DA:20,0
LF:9
LH:0
BRF:0
BRH:0
end_of_record
TN:
SF:packages/nestjs-user/src/services/user-password-history-mutate.service.ts
FN:18,(anonymous_4)
FNF:1
FNH:0
FNDA:0,(anonymous_4)
DA:1,0
DA:2,0
DA:3,0
DA:4,0
DA:6,0
DA:9,0
DA:12,0
DA:20,0
DA:22,0
DA:25,0
LF:10
LH:0
BRF:0
BRH:0
end_of_record
TN:
SF:packages/nestjs-user/src/services/user-password-history.service.ts
FN:20,(anonymous_4)
FN:29,(anonymous_5)
FN:52,(anonymous_6)
FN:73,(anonymous_7)
FNF:4
FNH:0
FNDA:0,(anonymous_4)
FNDA:0,(anonymous_5)
FNDA:0,(anonymous_6)
FNDA:0,(anonymous_7)
DA:1,0
DA:2,0
DA:6,0
DA:7,0
DA:9,0
DA:12,0
DA:17,0
DA:22,0
DA:24,0
DA:26,0
DA:35,0
DA:37,0
DA:42,0
DA:49,0
DA:57,0
DA:58,0
DA:66,0
DA:80,0
DA:90,0
DA:92,0
DA:94,0
DA:98,0
DA:101,0
LF:23
LH:0
BRDA:49,0,0,0
BRDA:49,0,1,0
BRDA:49,1,0,0
BRDA:49,1,1,0
BRDA:90,2,0,0
BRDA:90,3,0,0
BRDA:90,3,1,0
BRDA:90,4,0,0
BRDA:90,4,1,0
BRDA:90,5,0,0
BRDA:90,5,1,0
BRDA:90,6,0,0
BRDA:90,6,1,0
BRF:13
BRH:0
end_of_record
TN:
SF:packages/nestjs-user/src/services/user-password.service.ts
FN:34,(anonymous_4)
FN:44,(anonymous_5)
FN:106,(anonymous_6)
FN:140,(anonymous_7)
FN:166,(anonymous_8)
FNF:5
FNH:0
FNDA:0,(anonymous_4)
FNDA:0,(anonymous_5)
FNDA:0,(anonymous_6)
FNDA:0,(anonymous_7)
FNDA:0,(anonymous_8)
DA:1,0
DA:8,0
DA:18,0
DA:19,0
DA:20,0
DA:21,0
DA:27,0
DA:36,0
DA:38,0
DA:41,0
DA:52,0
DA:57,0
DA:60,0
DA:62,0
DA:64,0
DA:67,0
DA:74,0
DA:78,0
DA:82,0
DA:87,0
DA:92,0
DA:99,0
DA:103,0
DA:111,0
DA:113,0
DA:115,0
DA:122,0
DA:124,0
DA:127,0
DA:135,0
DA:146,0
DA:148,0
DA:155,0
DA:156,0
DA:158,0
DA:163,0
DA:171,0
DA:173,0
DA:178,0
DA:183,0
DA:184,0
DA:189,0
LF:42
LH:0
BRDA:52,0,0,0
BRDA:52,0,1,0
BRDA:52,1,0,0
BRDA:52,1,1,0
BRDA:60,2,0,0
BRDA:62,3,0,0
BRDA:69,4,0,0
BRDA:69,4,1,0
BRDA:69,5,0,0
BRDA:69,5,1,0
BRDA:87,6,0,0
BRDA:88,7,0,0
BRDA:88,7,1,0
BRDA:88,7,2,0
BRDA:122,8,0,0
BRDA:129,9,0,0
BRDA:129,9,1,0
BRDA:130,10,0,0
BRDA:130,10,1,0
BRDA:146,11,0,0
BRDA:146,12,0,0
BRDA:146,12,1,0
BRDA:146,13,0,0
BRDA:146,13,1,0
BRDA:155,14,0,0
BRDA:155,14,1,0
BRDA:171,15,0,0
BRDA:183,16,0,0
BRF:28
BRH:0
end_of_record
TN:
SF:packages/ts-common/src/index.ts
FN:64,(anonymous_0)
FN:67,(anonymous_1)
FN:68,(anonymous_2)
FNF:3
FNH:0
FNDA:0,(anonymous_0)
FNDA:0,(anonymous_1)
FNDA:0,(anonymous_2)
DA:64,0
DA:66,0
DA:67,0
DA:68,0
LF:4
LH:0
BRF:0
BRH:0
end_of_record
TN:
SF:packages/ts-common/src/invitation/invitation.contants.ts
FNF:0
FNH:0
DA:1,0
DA:2,0
LF:2
LH:0
BRF:0
BRH:0
end_of_record
TN:
SF:packages/ts-common/src/report/enum/report-status.enum.ts
FN:4,(anonymous_0)
FNF:1
FNH:0
FNDA:0,(anonymous_0)
DA:4,0
DA:5,0
DA:6,0
DA:7,0
LF:4
LH:0
BRDA:4,0,0,0
BRDA:4,0,1,0
BRF:2
BRH:0
end_of_record
TN:
SF:packages/ts-core/src/index.ts
FN:7,(anonymous_0)
FN:9,(anonymous_1)
FNF:2
FNH:0
FNDA:0,(anonymous_0)
FNDA:0,(anonymous_1)
DA:7,0
DA:9,0
LF:2
LH:0
BRF:0
BRH:0
end_of_record
TN:
SF:packages/ts-core/src/exceptions/not-an-error.exception.ts
FN:10,(anonymous_0)
FNF:1
FNH:0
FNDA:0,(anonymous_0)
DA:3,0
DA:4,0
DA:14,0
DA:15,0
LF:4
LH:0
BRDA:12,0,0,0
BRF:1
BRH:0
end_of_record
TN:
SF:packages/ts-core/src/utils/map-non-error-to-exception.util.ts
FN:3,mapNonErrorToException
FNF:1
FNH:0
FNDA:0,mapNonErrorToException
DA:1,0
DA:3,0
DA:4,0
LF:3
LH:0
BRDA:4,0,0,0
BRDA:4,0,1,0
BRF:2
BRH:0
end_of_record
TN:
SF:packages/typeorm-common/src/index.ts
FN:9,(anonymous_0)
FN:10,(anonymous_1)
FN:11,(anonymous_2)
FN:14,(anonymous_3)
FN:15,(anonymous_4)
FN:16,(anonymous_5)
FN:17,(anonymous_6)
FN:20,(anonymous_7)
FN:21,(anonymous_8)
FN:22,(anonymous_9)
FN:23,(anonymous_10)
FN:26,(anonymous_11)
FN:27,(anonymous_12)
FN:28,(anonymous_13)
FN:31,(anonymous_14)
FNF:15
FNH:0
FNDA:0,(anonymous_0)
FNDA:0,(anonymous_1)
FNDA:0,(anonymous_2)
FNDA:0,(anonymous_3)
FNDA:0,(anonymous_4)
FNDA:0,(anonymous_5)
FNDA:0,(anonymous_6)
FNDA:0,(anonymous_7)
FNDA:0,(anonymous_8)
FNDA:0,(anonymous_9)
FNDA:0,(anonymous_10)
FNDA:0,(anonymous_11)
FNDA:0,(anonymous_12)
FNDA:0,(anonymous_13)
FNDA:0,(anonymous_14)
DA:9,0
DA:10,0
DA:11,0
DA:14,0
DA:15,0
DA:16,0
DA:17,0
DA:20,0
DA:21,0
DA:22,0
DA:23,0
DA:26,0
DA:27,0
DA:28,0
DA:31,0
LF:15
LH:0
BRF:0
BRH:0
end_of_record
TN:
SF:packages/typeorm-common/src/entities/audit/audit-postgres.entity.ts
FNF:0
FNH:0
DA:1,0
DA:18,0
DA:22,0
DA:28,0
DA:34,0
DA:40,0
LF:6
LH:0
BRF:0
BRH:0
end_of_record
TN:
SF:packages/typeorm-common/src/entities/audit/audit-sqlite.entity.ts
FNF:0
FNH:0
DA:1,0
DA:18,0
DA:22,0
DA:28,0
DA:34,0
DA:40,0
LF:6
LH:0
BRF:0
BRH:0
end_of_record
TN:
SF:packages/typeorm-common/src/entities/common/common-postgres.entity.ts
FNF:0
FNH:0
DA:1,0
DA:3,0
DA:5,0
DA:9,0
LF:4
LH:0
BRF:0
BRH:0
end_of_record
TN:
SF:packages/typeorm-common/src/entities/common/common-sqlite.entity.ts
FNF:0
FNH:0
DA:1,0
DA:3,0
DA:5,0
DA:9,0
LF:4
LH:0
BRF:0
BRH:0
end_of_record
TN:
SF:packages/typeorm-common/src/exceptions/reference-id-no-match.exception.ts
FN:15,(anonymous_0)
FNF:1
FNH:0
FNDA:0,(anonymous_0)
DA:1,0
DA:4,0
DA:8,0
DA:20,0
DA:21,0
LF:5
LH:0
BRDA:18,0,0,0
BRF:1
BRH:0
end_of_record
TN:
SF:packages/typeorm-common/src/exceptions/reference-lookup.exception.ts
FN:15,(anonymous_0)
FNF:1
FNH:0
FNDA:0,(anonymous_0)
DA:1,0
DA:2,0
DA:4,0
DA:8,0
DA:20,0
DA:21,0
LF:6
LH:0
BRDA:18,0,0,0
BRDA:24,1,0,0
BRDA:24,1,1,0
BRF:3
BRH:0
end_of_record
TN:
SF:packages/typeorm-common/src/exceptions/reference-mutate.exception.ts
FN:15,(anonymous_0)
FNF:1
FNH:0
FNDA:0,(anonymous_0)
DA:1,0
DA:2,0
DA:4,0
DA:8,0
DA:20,0
DA:21,0
LF:6
LH:0
BRDA:18,0,0,0
BRDA:24,1,0,0
BRDA:24,1,1,0
BRF:3
BRH:0
end_of_record
TN:
SF:packages/typeorm-common/src/exceptions/reference-validation.exception.ts
FN:16,(anonymous_0)
FNF:1
FNH:0
FNDA:0,(anonymous_0)
DA:1,0
DA:5,0
DA:9,0
DA:21,0
DA:22,0
LF:5
LH:0
BRDA:19,0,0,0
BRF:1
BRH:0
end_of_record
TN:
SF:packages/typeorm-common/src/proxies/entity-manager.proxy.ts
FN:8,(anonymous_0)
FN:10,(anonymous_1)
FN:14,(anonymous_2)
FN:30,(anonymous_3)
FNF:4
FNH:0
FNDA:0,(anonymous_0)
FNDA:0,(anonymous_1)
FNDA:0,(anonymous_2)
FNDA:0,(anonymous_3)
DA:5,0
DA:7,0
DA:8,0
DA:11,0
DA:18,0
DA:19,0
DA:20,0
DA:24,0
DA:26,0
DA:31,0
LF:10
LH:0
BRDA:18,0,0,0
BRDA:18,0,1,0
BRDA:18,1,0,0
BRDA:18,1,1,0
BRDA:18,2,0,0
BRDA:18,2,1,0
BRDA:20,3,0,0
BRDA:20,3,1,0
BRDA:21,4,0,0
BRDA:21,4,1,0
BRDA:21,5,0,0
BRDA:21,5,1,0
BRDA:21,6,0,0
BRDA:21,6,1,0
BRDA:22,7,0,0
BRDA:22,7,1,0
BRDA:22,8,0,0
BRDA:22,8,1,0
BRF:18
BRH:0
end_of_record
TN:
SF:packages/typeorm-common/src/proxies/repository.proxy.ts
FN:10,(anonymous_0)
FN:14,(anonymous_1)
FN:18,(anonymous_2)
FN:25,(anonymous_3)
FNF:4
FNH:0
FNDA:0,(anonymous_0)
FNDA:0,(anonymous_1)
FNDA:0,(anonymous_2)
FNDA:0,(anonymous_3)
DA:2,0
DA:7,0
DA:10,0
DA:11,0
DA:15,0
DA:19,0
DA:26,0
LF:7
LH:0
BRF:0
BRH:0
end_of_record
TN:
SF:packages/typeorm-common/src/proxies/transaction.proxy.ts
FN:16,(anonymous_0)
FN:24,(anonymous_1)
FN:36,(anonymous_2)
FN:48,(anonymous_3)
FN:51,(anonymous_4)
FNF:5
FNH:0
FNDA:0,(anonymous_0)
FNDA:0,(anonymous_1)
FNDA:0,(anonymous_2)
FNDA:0,(anonymous_3)
FNDA:0,(anonymous_4)
DA:2,0
DA:5,0
DA:11,0
DA:18,0
DA:20,0
DA:21,0
DA:27,0
DA:28,0
DA:30,0
DA:37,0
DA:38,0
DA:40,0
DA:51,0
DA:52,0
DA:53,0
LF:15
LH:0
BRDA:21,0,0,0
BRDA:21,0,1,0
BRDA:21,1,0,0
BRDA:21,1,1,0
BRDA:27,2,0,0
BRDA:27,2,1,0
BRDA:37,3,0,0
BRDA:37,3,1,0
BRF:8
BRH:0
end_of_record
TN:
SF:packages/typeorm-common/src/services/base.service.ts
FN:22,(anonymous_0)
FN:32,(anonymous_1)
FN:51,(anonymous_2)
FN:69,(anonymous_3)
FN:78,(anonymous_4)
FN:87,(anonymous_5)
FNF:6
FNH:0
FNDA:0,(anonymous_0)
FNDA:0,(anonymous_1)
FNDA:0,(anonymous_2)
FNDA:0,(anonymous_3)
FNDA:0,(anonymous_4)
FNDA:0,(anonymous_5)
DA:7,0
DA:8,0
DA:14,0
DA:22,0
DA:23,0
DA:36,0
DA:38,0
DA:41,0
DA:55,0
DA:57,0
DA:60,0
DA:70,0
DA:81,0
DA:88,0
LF:14
LH:0
BRF:0
BRH:0
end_of_record
TN:
SF:packages/typeorm-common/src/services/lookup.service.ts
FN:22,(anonymous_0)
FN:32,(anonymous_1)
FNF:2
FNH:0
FNDA:0,(anonymous_0)
FNDA:0,(anonymous_1)
DA:7,0
DA:13,0
DA:23,0
DA:38,0
LF:4
LH:0
BRF:0
BRH:0
end_of_record
TN:
SF:packages/typeorm-common/src/services/mutate.service.ts
FN:44,(anonymous_0)
FN:54,(anonymous_1)
FN:74,(anonymous_2)
FN:99,(anonymous_3)
FN:125,(anonymous_4)
FN:138,(anonymous_5)
FN:153,(anonymous_6)
FN:168,(anonymous_7)
FN:193,(anonymous_8)
FN:203,(anonymous_9)
FNF:10
FNH:0
FNDA:0,(anonymous_0)
FNDA:0,(anonymous_1)
FNDA:0,(anonymous_2)
FNDA:0,(anonymous_3)
FNDA:0,(anonymous_4)
FNDA:0,(anonymous_5)
FNDA:0,(anonymous_6)
FNDA:0,(anonymous_7)
FNDA:0,(anonymous_8)
FNDA:0,(anonymous_9)
DA:2,0
DA:3,0
DA:14,0
DA:15,0
DA:16,0
DA:17,0
DA:22,0
DA:45,0
DA:59,0
DA:61,0
DA:63,0
DA:65,0
DA:79,0
DA:81,0
DA:83,0
DA:85,0
DA:90,0
DA:104,0
DA:106,0
DA:108,0
DA:110,0
DA:115,0
DA:130,0
DA:132,0
DA:143,0
DA:144,0
DA:146,0
DA:158,0
DA:159,0
DA:161,0
DA:173,0
DA:176,0
DA:179,0
DA:181,0
DA:187,0
DA:197,0
DA:210,0
DA:218,0
DA:219,0
DA:221,0
LF:40
LH:0
BRDA:179,0,0,0
BRDA:218,1,0,0
BRDA:218,1,1,0
BRF:3
BRH:0
end_of_record
TN:
SF:packages/typeorm-common/src/testing/utils/create-entity-manager.mock.ts
FN:1,createEntityManagerMock
FN:2,(anonymous_1)
FN:4,(anonymous_2)
FNF:3
FNH:0
FNDA:0,createEntityManagerMock
FNDA:0,(anonymous_1)
FNDA:0,(anonymous_2)
DA:1,0
DA:2,0
DA:3,0
DA:5,0
DA:6,0
DA:7,0
DA:8,0
DA:13,0
LF:8
LH:0
BRDA:5,0,0,0
BRDA:5,0,1,0
BRDA:7,1,0,0
BRF:3
BRH:0
end_of_record
TN:
SF:packages/typeorm-common/src/utils/safe-transaction.util.ts
FN:20,safeTransaction
FNF:1
FNH:0
FNDA:0,safeTransaction
DA:1,0
DA:20,0
DA:26,0
DA:29,0
DA:31,0
DA:36,0
DA:38,0
DA:43,0
DA:45,0
DA:49,0
DA:52,0
DA:54,0
DA:60,0
LF:13
LH:0
BRDA:23,0,0,0
BRDA:29,1,0,0
BRDA:29,1,1,0
BRDA:36,2,0,0
BRDA:52,3,0,0
BRDA:52,3,1,0
BRDA:52,4,0,0
BRDA:52,4,1,0
BRDA:52,5,0,0
BRDA:52,5,1,0
BRF:10
BRH:0
end_of_record
